<?xml version="1.0" encoding="UTF-8"?>
<testsuites>
  <testsuite name="C:\Users\USUARIO\Documents\Documentos Christian\Archivos Estudio\Sena\PROYECTO FORMATIVO\BackEnd\Conexion-EcoRisaralda\phpunit.xml" tests="66" assertions="32" errors="51" failures="0" skipped="0" time="4.465663">
    <testsuite name="Unit" tests="6" assertions="9" errors="4" failures="0" skipped="0" time="0.803954">
      <testsuite name="Tests\Unit\TuristicPlaceModelTest" file="C:\Users\USUARIO\Documents\Documentos Christian\Archivos Estudio\Sena\PROYECTO FORMATIVO\BackEnd\Conexion-EcoRisaralda\tests\Unit\TuristicPlaceModelTest.php" tests="6" assertions="9" errors="4" failures="0" skipped="0" time="0.803954">
        <testcase name="test_place_has_fillable_attributes" file="C:\Users\USUARIO\Documents\Documentos Christian\Archivos Estudio\Sena\PROYECTO FORMATIVO\BackEnd\Conexion-EcoRisaralda\tests\Unit\TuristicPlaceModelTest.php" line="14" class="Tests\Unit\TuristicPlaceModelTest" classname="Tests.Unit.TuristicPlaceModelTest" assertions="7" time="0.517796">
          <system-out>

</system-out>
        </testcase>
        <testcase name="test_place_casts_open_days_to_array" file="C:\Users\USUARIO\Documents\Documentos Christian\Archivos Estudio\Sena\PROYECTO FORMATIVO\BackEnd\Conexion-EcoRisaralda\tests\Unit\TuristicPlaceModelTest.php" line="27" class="Tests\Unit\TuristicPlaceModelTest" classname="Tests.Unit.TuristicPlaceModelTest" assertions="2" time="0.048031"/>
        <testcase name="test_place_belongs_to_user" file="C:\Users\USUARIO\Documents\Documentos Christian\Archivos Estudio\Sena\PROYECTO FORMATIVO\BackEnd\Conexion-EcoRisaralda\tests\Unit\TuristicPlaceModelTest.php" line="36" class="Tests\Unit\TuristicPlaceModelTest" classname="Tests.Unit.TuristicPlaceModelTest" assertions="0" time="0.086851">
          <error type="BadMethodCallException">Tests\Unit\TuristicPlaceModelTest::test_place_belongs_to_user&#13;
BadMethodCallException: Call to undefined method App\Models\Country::factory()
&#13;
C:\Users\USUARIO\Documents\Documentos Christian\Archivos Estudio\Sena\PROYECTO FORMATIVO\BackEnd\Conexion-EcoRisaralda\vendor\laravel\framework\src\Illuminate\Support\Traits\ForwardsCalls.php:67
C:\Users\USUARIO\Documents\Documentos Christian\Archivos Estudio\Sena\PROYECTO FORMATIVO\BackEnd\Conexion-EcoRisaralda\vendor\laravel\framework\src\Illuminate\Support\Traits\ForwardsCalls.php:36
C:\Users\USUARIO\Documents\Documentos Christian\Archivos Estudio\Sena\PROYECTO FORMATIVO\BackEnd\Conexion-EcoRisaralda\vendor\laravel\framework\src\Illuminate\Database\Eloquent\Model.php:2540
C:\Users\USUARIO\Documents\Documentos Christian\Archivos Estudio\Sena\PROYECTO FORMATIVO\BackEnd\Conexion-EcoRisaralda\vendor\laravel\framework\src\Illuminate\Database\Eloquent\Model.php:2556
C:\Users\USUARIO\Documents\Documentos Christian\Archivos Estudio\Sena\PROYECTO FORMATIVO\BackEnd\Conexion-EcoRisaralda\database\factories\UserFactory.php:35
C:\Users\USUARIO\Documents\Documentos Christian\Archivos Estudio\Sena\PROYECTO FORMATIVO\BackEnd\Conexion-EcoRisaralda\vendor\laravel\framework\src\Illuminate\Database\Eloquent\Factories\Factory.php:527
C:\Users\USUARIO\Documents\Documentos Christian\Archivos Estudio\Sena\PROYECTO FORMATIVO\BackEnd\Conexion-EcoRisaralda\vendor\laravel\framework\src\Illuminate\Database\Eloquent\Factories\Factory.php:506
C:\Users\USUARIO\Documents\Documentos Christian\Archivos Estudio\Sena\PROYECTO FORMATIVO\BackEnd\Conexion-EcoRisaralda\vendor\laravel\framework\src\Illuminate\Database\Eloquent\Factories\Factory.php:490
C:\Users\USUARIO\Documents\Documentos Christian\Archivos Estudio\Sena\PROYECTO FORMATIVO\BackEnd\Conexion-EcoRisaralda\vendor\laravel\framework\src\Illuminate\Database\Eloquent\Concerns\GuardsAttributes.php:157
C:\Users\USUARIO\Documents\Documentos Christian\Archivos Estudio\Sena\PROYECTO FORMATIVO\BackEnd\Conexion-EcoRisaralda\vendor\laravel\framework\src\Illuminate\Database\Eloquent\Factories\Factory.php:489
C:\Users\USUARIO\Documents\Documentos Christian\Archivos Estudio\Sena\PROYECTO FORMATIVO\BackEnd\Conexion-EcoRisaralda\vendor\laravel\framework\src\Illuminate\Database\Eloquent\Factories\Factory.php:429
C:\Users\USUARIO\Documents\Documentos Christian\Archivos Estudio\Sena\PROYECTO FORMATIVO\BackEnd\Conexion-EcoRisaralda\vendor\laravel\framework\src\Illuminate\Database\Eloquent\Factories\Factory.php:318
C:\Users\USUARIO\Documents\Documentos Christian\Archivos Estudio\Sena\PROYECTO FORMATIVO\BackEnd\Conexion-EcoRisaralda\tests\Unit\TuristicPlaceModelTest.php:38</error>
        </testcase>
        <testcase name="test_place_has_events_relationship" file="C:\Users\USUARIO\Documents\Documentos Christian\Archivos Estudio\Sena\PROYECTO FORMATIVO\BackEnd\Conexion-EcoRisaralda\tests\Unit\TuristicPlaceModelTest.php" line="45" class="Tests\Unit\TuristicPlaceModelTest" classname="Tests.Unit.TuristicPlaceModelTest" assertions="0" time="0.051165">
          <error type="BadMethodCallException">Tests\Unit\TuristicPlaceModelTest::test_place_has_events_relationship&#13;
BadMethodCallException: Call to undefined method App\Models\Country::factory()
&#13;
C:\Users\USUARIO\Documents\Documentos Christian\Archivos Estudio\Sena\PROYECTO FORMATIVO\BackEnd\Conexion-EcoRisaralda\vendor\laravel\framework\src\Illuminate\Support\Traits\ForwardsCalls.php:67
C:\Users\USUARIO\Documents\Documentos Christian\Archivos Estudio\Sena\PROYECTO FORMATIVO\BackEnd\Conexion-EcoRisaralda\vendor\laravel\framework\src\Illuminate\Support\Traits\ForwardsCalls.php:36
C:\Users\USUARIO\Documents\Documentos Christian\Archivos Estudio\Sena\PROYECTO FORMATIVO\BackEnd\Conexion-EcoRisaralda\vendor\laravel\framework\src\Illuminate\Database\Eloquent\Model.php:2540
C:\Users\USUARIO\Documents\Documentos Christian\Archivos Estudio\Sena\PROYECTO FORMATIVO\BackEnd\Conexion-EcoRisaralda\vendor\laravel\framework\src\Illuminate\Database\Eloquent\Model.php:2556
C:\Users\USUARIO\Documents\Documentos Christian\Archivos Estudio\Sena\PROYECTO FORMATIVO\BackEnd\Conexion-EcoRisaralda\database\factories\UserFactory.php:35
C:\Users\USUARIO\Documents\Documentos Christian\Archivos Estudio\Sena\PROYECTO FORMATIVO\BackEnd\Conexion-EcoRisaralda\vendor\laravel\framework\src\Illuminate\Database\Eloquent\Factories\Factory.php:527
C:\Users\USUARIO\Documents\Documentos Christian\Archivos Estudio\Sena\PROYECTO FORMATIVO\BackEnd\Conexion-EcoRisaralda\vendor\laravel\framework\src\Illuminate\Database\Eloquent\Factories\Factory.php:506
C:\Users\USUARIO\Documents\Documentos Christian\Archivos Estudio\Sena\PROYECTO FORMATIVO\BackEnd\Conexion-EcoRisaralda\vendor\laravel\framework\src\Illuminate\Database\Eloquent\Factories\Factory.php:490
C:\Users\USUARIO\Documents\Documentos Christian\Archivos Estudio\Sena\PROYECTO FORMATIVO\BackEnd\Conexion-EcoRisaralda\vendor\laravel\framework\src\Illuminate\Database\Eloquent\Concerns\GuardsAttributes.php:157
C:\Users\USUARIO\Documents\Documentos Christian\Archivos Estudio\Sena\PROYECTO FORMATIVO\BackEnd\Conexion-EcoRisaralda\vendor\laravel\framework\src\Illuminate\Database\Eloquent\Factories\Factory.php:489
C:\Users\USUARIO\Documents\Documentos Christian\Archivos Estudio\Sena\PROYECTO FORMATIVO\BackEnd\Conexion-EcoRisaralda\vendor\laravel\framework\src\Illuminate\Database\Eloquent\Factories\Factory.php:429
C:\Users\USUARIO\Documents\Documentos Christian\Archivos Estudio\Sena\PROYECTO FORMATIVO\BackEnd\Conexion-EcoRisaralda\vendor\laravel\framework\src\Illuminate\Database\Eloquent\Factories\Factory.php:318
C:\Users\USUARIO\Documents\Documentos Christian\Archivos Estudio\Sena\PROYECTO FORMATIVO\BackEnd\Conexion-EcoRisaralda\tests\Unit\TuristicPlaceModelTest.php:47</error>
        </testcase>
        <testcase name="test_place_has_label_relationship" file="C:\Users\USUARIO\Documents\Documentos Christian\Archivos Estudio\Sena\PROYECTO FORMATIVO\BackEnd\Conexion-EcoRisaralda\tests\Unit\TuristicPlaceModelTest.php" line="53" class="Tests\Unit\TuristicPlaceModelTest" classname="Tests.Unit.TuristicPlaceModelTest" assertions="0" time="0.050485">
          <error type="BadMethodCallException">Tests\Unit\TuristicPlaceModelTest::test_place_has_label_relationship&#13;
BadMethodCallException: Call to undefined method App\Models\Country::factory()
&#13;
C:\Users\USUARIO\Documents\Documentos Christian\Archivos Estudio\Sena\PROYECTO FORMATIVO\BackEnd\Conexion-EcoRisaralda\vendor\laravel\framework\src\Illuminate\Support\Traits\ForwardsCalls.php:67
C:\Users\USUARIO\Documents\Documentos Christian\Archivos Estudio\Sena\PROYECTO FORMATIVO\BackEnd\Conexion-EcoRisaralda\vendor\laravel\framework\src\Illuminate\Support\Traits\ForwardsCalls.php:36
C:\Users\USUARIO\Documents\Documentos Christian\Archivos Estudio\Sena\PROYECTO FORMATIVO\BackEnd\Conexion-EcoRisaralda\vendor\laravel\framework\src\Illuminate\Database\Eloquent\Model.php:2540
C:\Users\USUARIO\Documents\Documentos Christian\Archivos Estudio\Sena\PROYECTO FORMATIVO\BackEnd\Conexion-EcoRisaralda\vendor\laravel\framework\src\Illuminate\Database\Eloquent\Model.php:2556
C:\Users\USUARIO\Documents\Documentos Christian\Archivos Estudio\Sena\PROYECTO FORMATIVO\BackEnd\Conexion-EcoRisaralda\database\factories\UserFactory.php:35
C:\Users\USUARIO\Documents\Documentos Christian\Archivos Estudio\Sena\PROYECTO FORMATIVO\BackEnd\Conexion-EcoRisaralda\vendor\laravel\framework\src\Illuminate\Database\Eloquent\Factories\Factory.php:527
C:\Users\USUARIO\Documents\Documentos Christian\Archivos Estudio\Sena\PROYECTO FORMATIVO\BackEnd\Conexion-EcoRisaralda\vendor\laravel\framework\src\Illuminate\Database\Eloquent\Factories\Factory.php:506
C:\Users\USUARIO\Documents\Documentos Christian\Archivos Estudio\Sena\PROYECTO FORMATIVO\BackEnd\Conexion-EcoRisaralda\vendor\laravel\framework\src\Illuminate\Database\Eloquent\Factories\Factory.php:490
C:\Users\USUARIO\Documents\Documentos Christian\Archivos Estudio\Sena\PROYECTO FORMATIVO\BackEnd\Conexion-EcoRisaralda\vendor\laravel\framework\src\Illuminate\Database\Eloquent\Concerns\GuardsAttributes.php:157
C:\Users\USUARIO\Documents\Documentos Christian\Archivos Estudio\Sena\PROYECTO FORMATIVO\BackEnd\Conexion-EcoRisaralda\vendor\laravel\framework\src\Illuminate\Database\Eloquent\Factories\Factory.php:489
C:\Users\USUARIO\Documents\Documentos Christian\Archivos Estudio\Sena\PROYECTO FORMATIVO\BackEnd\Conexion-EcoRisaralda\vendor\laravel\framework\src\Illuminate\Database\Eloquent\Factories\Factory.php:429
C:\Users\USUARIO\Documents\Documentos Christian\Archivos Estudio\Sena\PROYECTO FORMATIVO\BackEnd\Conexion-EcoRisaralda\vendor\laravel\framework\src\Illuminate\Database\Eloquent\Factories\Factory.php:318
C:\Users\USUARIO\Documents\Documentos Christian\Archivos Estudio\Sena\PROYECTO FORMATIVO\BackEnd\Conexion-EcoRisaralda\tests\Unit\TuristicPlaceModelTest.php:55</error>
        </testcase>
        <testcase name="test_place_factory_creates_valid_place" file="C:\Users\USUARIO\Documents\Documentos Christian\Archivos Estudio\Sena\PROYECTO FORMATIVO\BackEnd\Conexion-EcoRisaralda\tests\Unit\TuristicPlaceModelTest.php" line="61" class="Tests\Unit\TuristicPlaceModelTest" classname="Tests.Unit.TuristicPlaceModelTest" assertions="0" time="0.049627">
          <error type="BadMethodCallException">Tests\Unit\TuristicPlaceModelTest::test_place_factory_creates_valid_place&#13;
BadMethodCallException: Call to undefined method App\Models\Country::factory()
&#13;
C:\Users\USUARIO\Documents\Documentos Christian\Archivos Estudio\Sena\PROYECTO FORMATIVO\BackEnd\Conexion-EcoRisaralda\vendor\laravel\framework\src\Illuminate\Support\Traits\ForwardsCalls.php:67
C:\Users\USUARIO\Documents\Documentos Christian\Archivos Estudio\Sena\PROYECTO FORMATIVO\BackEnd\Conexion-EcoRisaralda\vendor\laravel\framework\src\Illuminate\Support\Traits\ForwardsCalls.php:36
C:\Users\USUARIO\Documents\Documentos Christian\Archivos Estudio\Sena\PROYECTO FORMATIVO\BackEnd\Conexion-EcoRisaralda\vendor\laravel\framework\src\Illuminate\Database\Eloquent\Model.php:2540
C:\Users\USUARIO\Documents\Documentos Christian\Archivos Estudio\Sena\PROYECTO FORMATIVO\BackEnd\Conexion-EcoRisaralda\vendor\laravel\framework\src\Illuminate\Database\Eloquent\Model.php:2556
C:\Users\USUARIO\Documents\Documentos Christian\Archivos Estudio\Sena\PROYECTO FORMATIVO\BackEnd\Conexion-EcoRisaralda\database\factories\UserFactory.php:35
C:\Users\USUARIO\Documents\Documentos Christian\Archivos Estudio\Sena\PROYECTO FORMATIVO\BackEnd\Conexion-EcoRisaralda\vendor\laravel\framework\src\Illuminate\Database\Eloquent\Factories\Factory.php:527
C:\Users\USUARIO\Documents\Documentos Christian\Archivos Estudio\Sena\PROYECTO FORMATIVO\BackEnd\Conexion-EcoRisaralda\vendor\laravel\framework\src\Illuminate\Database\Eloquent\Factories\Factory.php:506
C:\Users\USUARIO\Documents\Documentos Christian\Archivos Estudio\Sena\PROYECTO FORMATIVO\BackEnd\Conexion-EcoRisaralda\vendor\laravel\framework\src\Illuminate\Database\Eloquent\Factories\Factory.php:490
C:\Users\USUARIO\Documents\Documentos Christian\Archivos Estudio\Sena\PROYECTO FORMATIVO\BackEnd\Conexion-EcoRisaralda\vendor\laravel\framework\src\Illuminate\Database\Eloquent\Concerns\GuardsAttributes.php:157
C:\Users\USUARIO\Documents\Documentos Christian\Archivos Estudio\Sena\PROYECTO FORMATIVO\BackEnd\Conexion-EcoRisaralda\vendor\laravel\framework\src\Illuminate\Database\Eloquent\Factories\Factory.php:489
C:\Users\USUARIO\Documents\Documentos Christian\Archivos Estudio\Sena\PROYECTO FORMATIVO\BackEnd\Conexion-EcoRisaralda\vendor\laravel\framework\src\Illuminate\Database\Eloquent\Factories\Factory.php:429
C:\Users\USUARIO\Documents\Documentos Christian\Archivos Estudio\Sena\PROYECTO FORMATIVO\BackEnd\Conexion-EcoRisaralda\vendor\laravel\framework\src\Illuminate\Database\Eloquent\Factories\Factory.php:318
C:\Users\USUARIO\Documents\Documentos Christian\Archivos Estudio\Sena\PROYECTO FORMATIVO\BackEnd\Conexion-EcoRisaralda\tests\Unit\TuristicPlaceModelTest.php:63</error>
        </testcase>
      </testsuite>
    </testsuite>
    <testsuite name="Feature" tests="60" assertions="23" errors="47" failures="0" skipped="0" time="3.661709">
      <testsuite name="Tests\Feature\Auth\AuthenticationTest" file="C:\Users\USUARIO\Documents\Documentos Christian\Archivos Estudio\Sena\PROYECTO FORMATIVO\BackEnd\Conexion-EcoRisaralda\tests\Feature\Auth\AuthenticationTest.php" tests="5" assertions="4" errors="4" failures="0" skipped="0" time="0.443908">
        <testcase name="test_user_can_login_via_api" file="C:\Users\USUARIO\Documents\Documentos Christian\Archivos Estudio\Sena\PROYECTO FORMATIVO\BackEnd\Conexion-EcoRisaralda\tests\Feature\Auth\AuthenticationTest.php" line="13" class="Tests\Feature\Auth\AuthenticationTest" classname="Tests.Feature.Auth.AuthenticationTest" assertions="0" time="0.064216">
          <error type="BadMethodCallException">Tests\Feature\Auth\AuthenticationTest::test_user_can_login_via_api&#13;
BadMethodCallException: Call to undefined method App\Models\Country::factory()
&#13;
C:\Users\USUARIO\Documents\Documentos Christian\Archivos Estudio\Sena\PROYECTO FORMATIVO\BackEnd\Conexion-EcoRisaralda\vendor\laravel\framework\src\Illuminate\Support\Traits\ForwardsCalls.php:67
C:\Users\USUARIO\Documents\Documentos Christian\Archivos Estudio\Sena\PROYECTO FORMATIVO\BackEnd\Conexion-EcoRisaralda\vendor\laravel\framework\src\Illuminate\Support\Traits\ForwardsCalls.php:36
C:\Users\USUARIO\Documents\Documentos Christian\Archivos Estudio\Sena\PROYECTO FORMATIVO\BackEnd\Conexion-EcoRisaralda\vendor\laravel\framework\src\Illuminate\Database\Eloquent\Model.php:2540
C:\Users\USUARIO\Documents\Documentos Christian\Archivos Estudio\Sena\PROYECTO FORMATIVO\BackEnd\Conexion-EcoRisaralda\vendor\laravel\framework\src\Illuminate\Database\Eloquent\Model.php:2556
C:\Users\USUARIO\Documents\Documentos Christian\Archivos Estudio\Sena\PROYECTO FORMATIVO\BackEnd\Conexion-EcoRisaralda\database\factories\UserFactory.php:35
C:\Users\USUARIO\Documents\Documentos Christian\Archivos Estudio\Sena\PROYECTO FORMATIVO\BackEnd\Conexion-EcoRisaralda\vendor\laravel\framework\src\Illuminate\Database\Eloquent\Factories\Factory.php:527
C:\Users\USUARIO\Documents\Documentos Christian\Archivos Estudio\Sena\PROYECTO FORMATIVO\BackEnd\Conexion-EcoRisaralda\vendor\laravel\framework\src\Illuminate\Database\Eloquent\Factories\Factory.php:506
C:\Users\USUARIO\Documents\Documentos Christian\Archivos Estudio\Sena\PROYECTO FORMATIVO\BackEnd\Conexion-EcoRisaralda\vendor\laravel\framework\src\Illuminate\Database\Eloquent\Factories\Factory.php:490
C:\Users\USUARIO\Documents\Documentos Christian\Archivos Estudio\Sena\PROYECTO FORMATIVO\BackEnd\Conexion-EcoRisaralda\vendor\laravel\framework\src\Illuminate\Database\Eloquent\Concerns\GuardsAttributes.php:157
C:\Users\USUARIO\Documents\Documentos Christian\Archivos Estudio\Sena\PROYECTO FORMATIVO\BackEnd\Conexion-EcoRisaralda\vendor\laravel\framework\src\Illuminate\Database\Eloquent\Factories\Factory.php:489
C:\Users\USUARIO\Documents\Documentos Christian\Archivos Estudio\Sena\PROYECTO FORMATIVO\BackEnd\Conexion-EcoRisaralda\vendor\laravel\framework\src\Illuminate\Database\Eloquent\Factories\Factory.php:429
C:\Users\USUARIO\Documents\Documentos Christian\Archivos Estudio\Sena\PROYECTO FORMATIVO\BackEnd\Conexion-EcoRisaralda\vendor\laravel\framework\src\Illuminate\Database\Eloquent\Factories\Factory.php:318
C:\Users\USUARIO\Documents\Documentos Christian\Archivos Estudio\Sena\PROYECTO FORMATIVO\BackEnd\Conexion-EcoRisaralda\vendor\laravel\framework\src\Illuminate\Database\Eloquent\Factories\Factory.php:315
C:\Users\USUARIO\Documents\Documentos Christian\Archivos Estudio\Sena\PROYECTO FORMATIVO\BackEnd\Conexion-EcoRisaralda\tests\Feature\Auth\AuthenticationTest.php:15</error>
        </testcase>
        <testcase name="test_user_cannot_login_with_invalid_password" file="C:\Users\USUARIO\Documents\Documentos Christian\Archivos Estudio\Sena\PROYECTO FORMATIVO\BackEnd\Conexion-EcoRisaralda\tests\Feature\Auth\AuthenticationTest.php" line="28" class="Tests\Feature\Auth\AuthenticationTest" classname="Tests.Feature.Auth.AuthenticationTest" assertions="0" time="0.072720">
          <error type="BadMethodCallException">Tests\Feature\Auth\AuthenticationTest::test_user_cannot_login_with_invalid_password&#13;
BadMethodCallException: Call to undefined method App\Models\Country::factory()
&#13;
C:\Users\USUARIO\Documents\Documentos Christian\Archivos Estudio\Sena\PROYECTO FORMATIVO\BackEnd\Conexion-EcoRisaralda\vendor\laravel\framework\src\Illuminate\Support\Traits\ForwardsCalls.php:67
C:\Users\USUARIO\Documents\Documentos Christian\Archivos Estudio\Sena\PROYECTO FORMATIVO\BackEnd\Conexion-EcoRisaralda\vendor\laravel\framework\src\Illuminate\Support\Traits\ForwardsCalls.php:36
C:\Users\USUARIO\Documents\Documentos Christian\Archivos Estudio\Sena\PROYECTO FORMATIVO\BackEnd\Conexion-EcoRisaralda\vendor\laravel\framework\src\Illuminate\Database\Eloquent\Model.php:2540
C:\Users\USUARIO\Documents\Documentos Christian\Archivos Estudio\Sena\PROYECTO FORMATIVO\BackEnd\Conexion-EcoRisaralda\vendor\laravel\framework\src\Illuminate\Database\Eloquent\Model.php:2556
C:\Users\USUARIO\Documents\Documentos Christian\Archivos Estudio\Sena\PROYECTO FORMATIVO\BackEnd\Conexion-EcoRisaralda\database\factories\UserFactory.php:35
C:\Users\USUARIO\Documents\Documentos Christian\Archivos Estudio\Sena\PROYECTO FORMATIVO\BackEnd\Conexion-EcoRisaralda\vendor\laravel\framework\src\Illuminate\Database\Eloquent\Factories\Factory.php:527
C:\Users\USUARIO\Documents\Documentos Christian\Archivos Estudio\Sena\PROYECTO FORMATIVO\BackEnd\Conexion-EcoRisaralda\vendor\laravel\framework\src\Illuminate\Database\Eloquent\Factories\Factory.php:506
C:\Users\USUARIO\Documents\Documentos Christian\Archivos Estudio\Sena\PROYECTO FORMATIVO\BackEnd\Conexion-EcoRisaralda\vendor\laravel\framework\src\Illuminate\Database\Eloquent\Factories\Factory.php:490
C:\Users\USUARIO\Documents\Documentos Christian\Archivos Estudio\Sena\PROYECTO FORMATIVO\BackEnd\Conexion-EcoRisaralda\vendor\laravel\framework\src\Illuminate\Database\Eloquent\Concerns\GuardsAttributes.php:157
C:\Users\USUARIO\Documents\Documentos Christian\Archivos Estudio\Sena\PROYECTO FORMATIVO\BackEnd\Conexion-EcoRisaralda\vendor\laravel\framework\src\Illuminate\Database\Eloquent\Factories\Factory.php:489
C:\Users\USUARIO\Documents\Documentos Christian\Archivos Estudio\Sena\PROYECTO FORMATIVO\BackEnd\Conexion-EcoRisaralda\vendor\laravel\framework\src\Illuminate\Database\Eloquent\Factories\Factory.php:429
C:\Users\USUARIO\Documents\Documentos Christian\Archivos Estudio\Sena\PROYECTO FORMATIVO\BackEnd\Conexion-EcoRisaralda\vendor\laravel\framework\src\Illuminate\Database\Eloquent\Factories\Factory.php:318
C:\Users\USUARIO\Documents\Documentos Christian\Archivos Estudio\Sena\PROYECTO FORMATIVO\BackEnd\Conexion-EcoRisaralda\vendor\laravel\framework\src\Illuminate\Database\Eloquent\Factories\Factory.php:315
C:\Users\USUARIO\Documents\Documentos Christian\Archivos Estudio\Sena\PROYECTO FORMATIVO\BackEnd\Conexion-EcoRisaralda\tests\Feature\Auth\AuthenticationTest.php:30</error>
        </testcase>
        <testcase name="test_unverified_user_cannot_login" file="C:\Users\USUARIO\Documents\Documentos Christian\Archivos Estudio\Sena\PROYECTO FORMATIVO\BackEnd\Conexion-EcoRisaralda\tests\Feature\Auth\AuthenticationTest.php" line="43" class="Tests\Feature\Auth\AuthenticationTest" classname="Tests.Feature.Auth.AuthenticationTest" assertions="0" time="0.092874">
          <error type="BadMethodCallException">Tests\Feature\Auth\AuthenticationTest::test_unverified_user_cannot_login&#13;
BadMethodCallException: Call to undefined method App\Models\Country::factory()
&#13;
C:\Users\USUARIO\Documents\Documentos Christian\Archivos Estudio\Sena\PROYECTO FORMATIVO\BackEnd\Conexion-EcoRisaralda\vendor\laravel\framework\src\Illuminate\Support\Traits\ForwardsCalls.php:67
C:\Users\USUARIO\Documents\Documentos Christian\Archivos Estudio\Sena\PROYECTO FORMATIVO\BackEnd\Conexion-EcoRisaralda\vendor\laravel\framework\src\Illuminate\Support\Traits\ForwardsCalls.php:36
C:\Users\USUARIO\Documents\Documentos Christian\Archivos Estudio\Sena\PROYECTO FORMATIVO\BackEnd\Conexion-EcoRisaralda\vendor\laravel\framework\src\Illuminate\Database\Eloquent\Model.php:2540
C:\Users\USUARIO\Documents\Documentos Christian\Archivos Estudio\Sena\PROYECTO FORMATIVO\BackEnd\Conexion-EcoRisaralda\vendor\laravel\framework\src\Illuminate\Database\Eloquent\Model.php:2556
C:\Users\USUARIO\Documents\Documentos Christian\Archivos Estudio\Sena\PROYECTO FORMATIVO\BackEnd\Conexion-EcoRisaralda\database\factories\UserFactory.php:35
C:\Users\USUARIO\Documents\Documentos Christian\Archivos Estudio\Sena\PROYECTO FORMATIVO\BackEnd\Conexion-EcoRisaralda\vendor\laravel\framework\src\Illuminate\Database\Eloquent\Factories\Factory.php:527
C:\Users\USUARIO\Documents\Documentos Christian\Archivos Estudio\Sena\PROYECTO FORMATIVO\BackEnd\Conexion-EcoRisaralda\vendor\laravel\framework\src\Illuminate\Database\Eloquent\Factories\Factory.php:506
C:\Users\USUARIO\Documents\Documentos Christian\Archivos Estudio\Sena\PROYECTO FORMATIVO\BackEnd\Conexion-EcoRisaralda\vendor\laravel\framework\src\Illuminate\Database\Eloquent\Factories\Factory.php:490
C:\Users\USUARIO\Documents\Documentos Christian\Archivos Estudio\Sena\PROYECTO FORMATIVO\BackEnd\Conexion-EcoRisaralda\vendor\laravel\framework\src\Illuminate\Database\Eloquent\Concerns\GuardsAttributes.php:157
C:\Users\USUARIO\Documents\Documentos Christian\Archivos Estudio\Sena\PROYECTO FORMATIVO\BackEnd\Conexion-EcoRisaralda\vendor\laravel\framework\src\Illuminate\Database\Eloquent\Factories\Factory.php:489
C:\Users\USUARIO\Documents\Documentos Christian\Archivos Estudio\Sena\PROYECTO FORMATIVO\BackEnd\Conexion-EcoRisaralda\vendor\laravel\framework\src\Illuminate\Database\Eloquent\Factories\Factory.php:429
C:\Users\USUARIO\Documents\Documentos Christian\Archivos Estudio\Sena\PROYECTO FORMATIVO\BackEnd\Conexion-EcoRisaralda\vendor\laravel\framework\src\Illuminate\Database\Eloquent\Factories\Factory.php:318
C:\Users\USUARIO\Documents\Documentos Christian\Archivos Estudio\Sena\PROYECTO FORMATIVO\BackEnd\Conexion-EcoRisaralda\vendor\laravel\framework\src\Illuminate\Database\Eloquent\Factories\Factory.php:315
C:\Users\USUARIO\Documents\Documentos Christian\Archivos Estudio\Sena\PROYECTO FORMATIVO\BackEnd\Conexion-EcoRisaralda\tests\Feature\Auth\AuthenticationTest.php:45</error>
        </testcase>
        <testcase name="test_authenticated_user_can_logout" file="C:\Users\USUARIO\Documents\Documentos Christian\Archivos Estudio\Sena\PROYECTO FORMATIVO\BackEnd\Conexion-EcoRisaralda\tests\Feature\Auth\AuthenticationTest.php" line="57" class="Tests\Feature\Auth\AuthenticationTest" classname="Tests.Feature.Auth.AuthenticationTest" assertions="0" time="0.079097">
          <error type="BadMethodCallException">Tests\Feature\Auth\AuthenticationTest::test_authenticated_user_can_logout&#13;
BadMethodCallException: Call to undefined method App\Models\Country::factory()
&#13;
C:\Users\USUARIO\Documents\Documentos Christian\Archivos Estudio\Sena\PROYECTO FORMATIVO\BackEnd\Conexion-EcoRisaralda\vendor\laravel\framework\src\Illuminate\Support\Traits\ForwardsCalls.php:67
C:\Users\USUARIO\Documents\Documentos Christian\Archivos Estudio\Sena\PROYECTO FORMATIVO\BackEnd\Conexion-EcoRisaralda\vendor\laravel\framework\src\Illuminate\Support\Traits\ForwardsCalls.php:36
C:\Users\USUARIO\Documents\Documentos Christian\Archivos Estudio\Sena\PROYECTO FORMATIVO\BackEnd\Conexion-EcoRisaralda\vendor\laravel\framework\src\Illuminate\Database\Eloquent\Model.php:2540
C:\Users\USUARIO\Documents\Documentos Christian\Archivos Estudio\Sena\PROYECTO FORMATIVO\BackEnd\Conexion-EcoRisaralda\vendor\laravel\framework\src\Illuminate\Database\Eloquent\Model.php:2556
C:\Users\USUARIO\Documents\Documentos Christian\Archivos Estudio\Sena\PROYECTO FORMATIVO\BackEnd\Conexion-EcoRisaralda\database\factories\UserFactory.php:35
C:\Users\USUARIO\Documents\Documentos Christian\Archivos Estudio\Sena\PROYECTO FORMATIVO\BackEnd\Conexion-EcoRisaralda\vendor\laravel\framework\src\Illuminate\Database\Eloquent\Factories\Factory.php:527
C:\Users\USUARIO\Documents\Documentos Christian\Archivos Estudio\Sena\PROYECTO FORMATIVO\BackEnd\Conexion-EcoRisaralda\vendor\laravel\framework\src\Illuminate\Database\Eloquent\Factories\Factory.php:506
C:\Users\USUARIO\Documents\Documentos Christian\Archivos Estudio\Sena\PROYECTO FORMATIVO\BackEnd\Conexion-EcoRisaralda\vendor\laravel\framework\src\Illuminate\Database\Eloquent\Factories\Factory.php:490
C:\Users\USUARIO\Documents\Documentos Christian\Archivos Estudio\Sena\PROYECTO FORMATIVO\BackEnd\Conexion-EcoRisaralda\vendor\laravel\framework\src\Illuminate\Database\Eloquent\Concerns\GuardsAttributes.php:157
C:\Users\USUARIO\Documents\Documentos Christian\Archivos Estudio\Sena\PROYECTO FORMATIVO\BackEnd\Conexion-EcoRisaralda\vendor\laravel\framework\src\Illuminate\Database\Eloquent\Factories\Factory.php:489
C:\Users\USUARIO\Documents\Documentos Christian\Archivos Estudio\Sena\PROYECTO FORMATIVO\BackEnd\Conexion-EcoRisaralda\vendor\laravel\framework\src\Illuminate\Database\Eloquent\Factories\Factory.php:429
C:\Users\USUARIO\Documents\Documentos Christian\Archivos Estudio\Sena\PROYECTO FORMATIVO\BackEnd\Conexion-EcoRisaralda\vendor\laravel\framework\src\Illuminate\Database\Eloquent\Factories\Factory.php:318
C:\Users\USUARIO\Documents\Documentos Christian\Archivos Estudio\Sena\PROYECTO FORMATIVO\BackEnd\Conexion-EcoRisaralda\tests\Feature\Auth\AuthenticationTest.php:59</error>
        </testcase>
        <testcase name="test_login_requires_email_and_password" file="C:\Users\USUARIO\Documents\Documentos Christian\Archivos Estudio\Sena\PROYECTO FORMATIVO\BackEnd\Conexion-EcoRisaralda\tests\Feature\Auth\AuthenticationTest.php" line="73" class="Tests\Feature\Auth\AuthenticationTest" classname="Tests.Feature.Auth.AuthenticationTest" assertions="4" time="0.135001"/>
      </testsuite>
      <testsuite name="Tests\Feature\Auth\EmailVerificationTest" file="C:\Users\USUARIO\Documents\Documentos Christian\Archivos Estudio\Sena\PROYECTO FORMATIVO\BackEnd\Conexion-EcoRisaralda\tests\Feature\Auth\EmailVerificationTest.php" tests="3" assertions="2" errors="2" failures="0" skipped="0" time="0.186299">
        <testcase name="test_verification_email_can_be_resent" file="C:\Users\USUARIO\Documents\Documentos Christian\Archivos Estudio\Sena\PROYECTO FORMATIVO\BackEnd\Conexion-EcoRisaralda\tests\Feature\Auth\EmailVerificationTest.php" line="13" class="Tests\Feature\Auth\EmailVerificationTest" classname="Tests.Feature.Auth.EmailVerificationTest" assertions="0" time="0.066699">
          <error type="BadMethodCallException">Tests\Feature\Auth\EmailVerificationTest::test_verification_email_can_be_resent&#13;
BadMethodCallException: Call to undefined method App\Models\Country::factory()
&#13;
C:\Users\USUARIO\Documents\Documentos Christian\Archivos Estudio\Sena\PROYECTO FORMATIVO\BackEnd\Conexion-EcoRisaralda\vendor\laravel\framework\src\Illuminate\Support\Traits\ForwardsCalls.php:67
C:\Users\USUARIO\Documents\Documentos Christian\Archivos Estudio\Sena\PROYECTO FORMATIVO\BackEnd\Conexion-EcoRisaralda\vendor\laravel\framework\src\Illuminate\Support\Traits\ForwardsCalls.php:36
C:\Users\USUARIO\Documents\Documentos Christian\Archivos Estudio\Sena\PROYECTO FORMATIVO\BackEnd\Conexion-EcoRisaralda\vendor\laravel\framework\src\Illuminate\Database\Eloquent\Model.php:2540
C:\Users\USUARIO\Documents\Documentos Christian\Archivos Estudio\Sena\PROYECTO FORMATIVO\BackEnd\Conexion-EcoRisaralda\vendor\laravel\framework\src\Illuminate\Database\Eloquent\Model.php:2556
C:\Users\USUARIO\Documents\Documentos Christian\Archivos Estudio\Sena\PROYECTO FORMATIVO\BackEnd\Conexion-EcoRisaralda\database\factories\UserFactory.php:35
C:\Users\USUARIO\Documents\Documentos Christian\Archivos Estudio\Sena\PROYECTO FORMATIVO\BackEnd\Conexion-EcoRisaralda\vendor\laravel\framework\src\Illuminate\Database\Eloquent\Factories\Factory.php:527
C:\Users\USUARIO\Documents\Documentos Christian\Archivos Estudio\Sena\PROYECTO FORMATIVO\BackEnd\Conexion-EcoRisaralda\vendor\laravel\framework\src\Illuminate\Database\Eloquent\Factories\Factory.php:506
C:\Users\USUARIO\Documents\Documentos Christian\Archivos Estudio\Sena\PROYECTO FORMATIVO\BackEnd\Conexion-EcoRisaralda\vendor\laravel\framework\src\Illuminate\Database\Eloquent\Factories\Factory.php:490
C:\Users\USUARIO\Documents\Documentos Christian\Archivos Estudio\Sena\PROYECTO FORMATIVO\BackEnd\Conexion-EcoRisaralda\vendor\laravel\framework\src\Illuminate\Database\Eloquent\Concerns\GuardsAttributes.php:157
C:\Users\USUARIO\Documents\Documentos Christian\Archivos Estudio\Sena\PROYECTO FORMATIVO\BackEnd\Conexion-EcoRisaralda\vendor\laravel\framework\src\Illuminate\Database\Eloquent\Factories\Factory.php:489
C:\Users\USUARIO\Documents\Documentos Christian\Archivos Estudio\Sena\PROYECTO FORMATIVO\BackEnd\Conexion-EcoRisaralda\vendor\laravel\framework\src\Illuminate\Database\Eloquent\Factories\Factory.php:429
C:\Users\USUARIO\Documents\Documentos Christian\Archivos Estudio\Sena\PROYECTO FORMATIVO\BackEnd\Conexion-EcoRisaralda\vendor\laravel\framework\src\Illuminate\Database\Eloquent\Factories\Factory.php:318
C:\Users\USUARIO\Documents\Documentos Christian\Archivos Estudio\Sena\PROYECTO FORMATIVO\BackEnd\Conexion-EcoRisaralda\vendor\laravel\framework\src\Illuminate\Database\Eloquent\Factories\Factory.php:315
C:\Users\USUARIO\Documents\Documentos Christian\Archivos Estudio\Sena\PROYECTO FORMATIVO\BackEnd\Conexion-EcoRisaralda\tests\Feature\Auth\EmailVerificationTest.php:15</error>
        </testcase>
        <testcase name="test_verified_user_gets_already_verified_message" file="C:\Users\USUARIO\Documents\Documentos Christian\Archivos Estudio\Sena\PROYECTO FORMATIVO\BackEnd\Conexion-EcoRisaralda\tests\Feature\Auth\EmailVerificationTest.php" line="27" class="Tests\Feature\Auth\EmailVerificationTest" classname="Tests.Feature.Auth.EmailVerificationTest" assertions="0" time="0.051876">
          <error type="BadMethodCallException">Tests\Feature\Auth\EmailVerificationTest::test_verified_user_gets_already_verified_message&#13;
BadMethodCallException: Call to undefined method App\Models\Country::factory()
&#13;
C:\Users\USUARIO\Documents\Documentos Christian\Archivos Estudio\Sena\PROYECTO FORMATIVO\BackEnd\Conexion-EcoRisaralda\vendor\laravel\framework\src\Illuminate\Support\Traits\ForwardsCalls.php:67
C:\Users\USUARIO\Documents\Documentos Christian\Archivos Estudio\Sena\PROYECTO FORMATIVO\BackEnd\Conexion-EcoRisaralda\vendor\laravel\framework\src\Illuminate\Support\Traits\ForwardsCalls.php:36
C:\Users\USUARIO\Documents\Documentos Christian\Archivos Estudio\Sena\PROYECTO FORMATIVO\BackEnd\Conexion-EcoRisaralda\vendor\laravel\framework\src\Illuminate\Database\Eloquent\Model.php:2540
C:\Users\USUARIO\Documents\Documentos Christian\Archivos Estudio\Sena\PROYECTO FORMATIVO\BackEnd\Conexion-EcoRisaralda\vendor\laravel\framework\src\Illuminate\Database\Eloquent\Model.php:2556
C:\Users\USUARIO\Documents\Documentos Christian\Archivos Estudio\Sena\PROYECTO FORMATIVO\BackEnd\Conexion-EcoRisaralda\database\factories\UserFactory.php:35
C:\Users\USUARIO\Documents\Documentos Christian\Archivos Estudio\Sena\PROYECTO FORMATIVO\BackEnd\Conexion-EcoRisaralda\vendor\laravel\framework\src\Illuminate\Database\Eloquent\Factories\Factory.php:527
C:\Users\USUARIO\Documents\Documentos Christian\Archivos Estudio\Sena\PROYECTO FORMATIVO\BackEnd\Conexion-EcoRisaralda\vendor\laravel\framework\src\Illuminate\Database\Eloquent\Factories\Factory.php:506
C:\Users\USUARIO\Documents\Documentos Christian\Archivos Estudio\Sena\PROYECTO FORMATIVO\BackEnd\Conexion-EcoRisaralda\vendor\laravel\framework\src\Illuminate\Database\Eloquent\Factories\Factory.php:490
C:\Users\USUARIO\Documents\Documentos Christian\Archivos Estudio\Sena\PROYECTO FORMATIVO\BackEnd\Conexion-EcoRisaralda\vendor\laravel\framework\src\Illuminate\Database\Eloquent\Concerns\GuardsAttributes.php:157
C:\Users\USUARIO\Documents\Documentos Christian\Archivos Estudio\Sena\PROYECTO FORMATIVO\BackEnd\Conexion-EcoRisaralda\vendor\laravel\framework\src\Illuminate\Database\Eloquent\Factories\Factory.php:489
C:\Users\USUARIO\Documents\Documentos Christian\Archivos Estudio\Sena\PROYECTO FORMATIVO\BackEnd\Conexion-EcoRisaralda\vendor\laravel\framework\src\Illuminate\Database\Eloquent\Factories\Factory.php:429
C:\Users\USUARIO\Documents\Documentos Christian\Archivos Estudio\Sena\PROYECTO FORMATIVO\BackEnd\Conexion-EcoRisaralda\vendor\laravel\framework\src\Illuminate\Database\Eloquent\Factories\Factory.php:318
C:\Users\USUARIO\Documents\Documentos Christian\Archivos Estudio\Sena\PROYECTO FORMATIVO\BackEnd\Conexion-EcoRisaralda\vendor\laravel\framework\src\Illuminate\Database\Eloquent\Factories\Factory.php:315
C:\Users\USUARIO\Documents\Documentos Christian\Archivos Estudio\Sena\PROYECTO FORMATIVO\BackEnd\Conexion-EcoRisaralda\tests\Feature\Auth\EmailVerificationTest.php:29</error>
        </testcase>
        <testcase name="test_nonexistent_email_returns_generic_success" file="C:\Users\USUARIO\Documents\Documentos Christian\Archivos Estudio\Sena\PROYECTO FORMATIVO\BackEnd\Conexion-EcoRisaralda\tests\Feature\Auth\EmailVerificationTest.php" line="41" class="Tests\Feature\Auth\EmailVerificationTest" classname="Tests.Feature.Auth.EmailVerificationTest" assertions="2" time="0.067723"/>
      </testsuite>
      <testsuite name="Tests\Feature\Auth\PasswordResetTest" file="C:\Users\USUARIO\Documents\Documentos Christian\Archivos Estudio\Sena\PROYECTO FORMATIVO\BackEnd\Conexion-EcoRisaralda\tests\Feature\Auth\PasswordResetTest.php" tests="4" assertions="1" errors="3" failures="0" skipped="0" time="0.426732">
        <testcase name="test_password_reset_link_can_be_requested" file="C:\Users\USUARIO\Documents\Documentos Christian\Archivos Estudio\Sena\PROYECTO FORMATIVO\BackEnd\Conexion-EcoRisaralda\tests\Feature\Auth\PasswordResetTest.php" line="14" class="Tests\Feature\Auth\PasswordResetTest" classname="Tests.Feature.Auth.PasswordResetTest" assertions="0" time="0.063915">
          <error type="BadMethodCallException">Tests\Feature\Auth\PasswordResetTest::test_password_reset_link_can_be_requested&#13;
BadMethodCallException: Call to undefined method App\Models\Country::factory()
&#13;
C:\Users\USUARIO\Documents\Documentos Christian\Archivos Estudio\Sena\PROYECTO FORMATIVO\BackEnd\Conexion-EcoRisaralda\vendor\laravel\framework\src\Illuminate\Support\Traits\ForwardsCalls.php:67
C:\Users\USUARIO\Documents\Documentos Christian\Archivos Estudio\Sena\PROYECTO FORMATIVO\BackEnd\Conexion-EcoRisaralda\vendor\laravel\framework\src\Illuminate\Support\Traits\ForwardsCalls.php:36
C:\Users\USUARIO\Documents\Documentos Christian\Archivos Estudio\Sena\PROYECTO FORMATIVO\BackEnd\Conexion-EcoRisaralda\vendor\laravel\framework\src\Illuminate\Database\Eloquent\Model.php:2540
C:\Users\USUARIO\Documents\Documentos Christian\Archivos Estudio\Sena\PROYECTO FORMATIVO\BackEnd\Conexion-EcoRisaralda\vendor\laravel\framework\src\Illuminate\Database\Eloquent\Model.php:2556
C:\Users\USUARIO\Documents\Documentos Christian\Archivos Estudio\Sena\PROYECTO FORMATIVO\BackEnd\Conexion-EcoRisaralda\database\factories\UserFactory.php:35
C:\Users\USUARIO\Documents\Documentos Christian\Archivos Estudio\Sena\PROYECTO FORMATIVO\BackEnd\Conexion-EcoRisaralda\vendor\laravel\framework\src\Illuminate\Database\Eloquent\Factories\Factory.php:527
C:\Users\USUARIO\Documents\Documentos Christian\Archivos Estudio\Sena\PROYECTO FORMATIVO\BackEnd\Conexion-EcoRisaralda\vendor\laravel\framework\src\Illuminate\Database\Eloquent\Factories\Factory.php:506
C:\Users\USUARIO\Documents\Documentos Christian\Archivos Estudio\Sena\PROYECTO FORMATIVO\BackEnd\Conexion-EcoRisaralda\vendor\laravel\framework\src\Illuminate\Database\Eloquent\Factories\Factory.php:490
C:\Users\USUARIO\Documents\Documentos Christian\Archivos Estudio\Sena\PROYECTO FORMATIVO\BackEnd\Conexion-EcoRisaralda\vendor\laravel\framework\src\Illuminate\Database\Eloquent\Concerns\GuardsAttributes.php:157
C:\Users\USUARIO\Documents\Documentos Christian\Archivos Estudio\Sena\PROYECTO FORMATIVO\BackEnd\Conexion-EcoRisaralda\vendor\laravel\framework\src\Illuminate\Database\Eloquent\Factories\Factory.php:489
C:\Users\USUARIO\Documents\Documentos Christian\Archivos Estudio\Sena\PROYECTO FORMATIVO\BackEnd\Conexion-EcoRisaralda\vendor\laravel\framework\src\Illuminate\Database\Eloquent\Factories\Factory.php:429
C:\Users\USUARIO\Documents\Documentos Christian\Archivos Estudio\Sena\PROYECTO FORMATIVO\BackEnd\Conexion-EcoRisaralda\vendor\laravel\framework\src\Illuminate\Database\Eloquent\Factories\Factory.php:318
C:\Users\USUARIO\Documents\Documentos Christian\Archivos Estudio\Sena\PROYECTO FORMATIVO\BackEnd\Conexion-EcoRisaralda\vendor\laravel\framework\src\Illuminate\Database\Eloquent\Factories\Factory.php:315
C:\Users\USUARIO\Documents\Documentos Christian\Archivos Estudio\Sena\PROYECTO FORMATIVO\BackEnd\Conexion-EcoRisaralda\tests\Feature\Auth\PasswordResetTest.php:16</error>
        </testcase>
        <testcase name="test_password_reset_fails_for_nonexistent_email" file="C:\Users\USUARIO\Documents\Documentos Christian\Archivos Estudio\Sena\PROYECTO FORMATIVO\BackEnd\Conexion-EcoRisaralda\tests\Feature\Auth\PasswordResetTest.php" line="26" class="Tests\Feature\Auth\PasswordResetTest" classname="Tests.Feature.Auth.PasswordResetTest" assertions="1" time="0.259537"/>
        <testcase name="test_password_can_be_reset_with_valid_token" file="C:\Users\USUARIO\Documents\Documentos Christian\Archivos Estudio\Sena\PROYECTO FORMATIVO\BackEnd\Conexion-EcoRisaralda\tests\Feature\Auth\PasswordResetTest.php" line="35" class="Tests\Feature\Auth\PasswordResetTest" classname="Tests.Feature.Auth.PasswordResetTest" assertions="0" time="0.049712">
          <error type="BadMethodCallException">Tests\Feature\Auth\PasswordResetTest::test_password_can_be_reset_with_valid_token&#13;
BadMethodCallException: Call to undefined method App\Models\Country::factory()
&#13;
C:\Users\USUARIO\Documents\Documentos Christian\Archivos Estudio\Sena\PROYECTO FORMATIVO\BackEnd\Conexion-EcoRisaralda\vendor\laravel\framework\src\Illuminate\Support\Traits\ForwardsCalls.php:67
C:\Users\USUARIO\Documents\Documentos Christian\Archivos Estudio\Sena\PROYECTO FORMATIVO\BackEnd\Conexion-EcoRisaralda\vendor\laravel\framework\src\Illuminate\Support\Traits\ForwardsCalls.php:36
C:\Users\USUARIO\Documents\Documentos Christian\Archivos Estudio\Sena\PROYECTO FORMATIVO\BackEnd\Conexion-EcoRisaralda\vendor\laravel\framework\src\Illuminate\Database\Eloquent\Model.php:2540
C:\Users\USUARIO\Documents\Documentos Christian\Archivos Estudio\Sena\PROYECTO FORMATIVO\BackEnd\Conexion-EcoRisaralda\vendor\laravel\framework\src\Illuminate\Database\Eloquent\Model.php:2556
C:\Users\USUARIO\Documents\Documentos Christian\Archivos Estudio\Sena\PROYECTO FORMATIVO\BackEnd\Conexion-EcoRisaralda\database\factories\UserFactory.php:35
C:\Users\USUARIO\Documents\Documentos Christian\Archivos Estudio\Sena\PROYECTO FORMATIVO\BackEnd\Conexion-EcoRisaralda\vendor\laravel\framework\src\Illuminate\Database\Eloquent\Factories\Factory.php:527
C:\Users\USUARIO\Documents\Documentos Christian\Archivos Estudio\Sena\PROYECTO FORMATIVO\BackEnd\Conexion-EcoRisaralda\vendor\laravel\framework\src\Illuminate\Database\Eloquent\Factories\Factory.php:506
C:\Users\USUARIO\Documents\Documentos Christian\Archivos Estudio\Sena\PROYECTO FORMATIVO\BackEnd\Conexion-EcoRisaralda\vendor\laravel\framework\src\Illuminate\Database\Eloquent\Factories\Factory.php:490
C:\Users\USUARIO\Documents\Documentos Christian\Archivos Estudio\Sena\PROYECTO FORMATIVO\BackEnd\Conexion-EcoRisaralda\vendor\laravel\framework\src\Illuminate\Database\Eloquent\Concerns\GuardsAttributes.php:157
C:\Users\USUARIO\Documents\Documentos Christian\Archivos Estudio\Sena\PROYECTO FORMATIVO\BackEnd\Conexion-EcoRisaralda\vendor\laravel\framework\src\Illuminate\Database\Eloquent\Factories\Factory.php:489
C:\Users\USUARIO\Documents\Documentos Christian\Archivos Estudio\Sena\PROYECTO FORMATIVO\BackEnd\Conexion-EcoRisaralda\vendor\laravel\framework\src\Illuminate\Database\Eloquent\Factories\Factory.php:429
C:\Users\USUARIO\Documents\Documentos Christian\Archivos Estudio\Sena\PROYECTO FORMATIVO\BackEnd\Conexion-EcoRisaralda\vendor\laravel\framework\src\Illuminate\Database\Eloquent\Factories\Factory.php:318
C:\Users\USUARIO\Documents\Documentos Christian\Archivos Estudio\Sena\PROYECTO FORMATIVO\BackEnd\Conexion-EcoRisaralda\vendor\laravel\framework\src\Illuminate\Database\Eloquent\Factories\Factory.php:315
C:\Users\USUARIO\Documents\Documentos Christian\Archivos Estudio\Sena\PROYECTO FORMATIVO\BackEnd\Conexion-EcoRisaralda\tests\Feature\Auth\PasswordResetTest.php:37</error>
        </testcase>
        <testcase name="test_password_reset_fails_with_invalid_token" file="C:\Users\USUARIO\Documents\Documentos Christian\Archivos Estudio\Sena\PROYECTO FORMATIVO\BackEnd\Conexion-EcoRisaralda\tests\Feature\Auth\PasswordResetTest.php" line="51" class="Tests\Feature\Auth\PasswordResetTest" classname="Tests.Feature.Auth.PasswordResetTest" assertions="0" time="0.053568">
          <error type="BadMethodCallException">Tests\Feature\Auth\PasswordResetTest::test_password_reset_fails_with_invalid_token&#13;
BadMethodCallException: Call to undefined method App\Models\Country::factory()
&#13;
C:\Users\USUARIO\Documents\Documentos Christian\Archivos Estudio\Sena\PROYECTO FORMATIVO\BackEnd\Conexion-EcoRisaralda\vendor\laravel\framework\src\Illuminate\Support\Traits\ForwardsCalls.php:67
C:\Users\USUARIO\Documents\Documentos Christian\Archivos Estudio\Sena\PROYECTO FORMATIVO\BackEnd\Conexion-EcoRisaralda\vendor\laravel\framework\src\Illuminate\Support\Traits\ForwardsCalls.php:36
C:\Users\USUARIO\Documents\Documentos Christian\Archivos Estudio\Sena\PROYECTO FORMATIVO\BackEnd\Conexion-EcoRisaralda\vendor\laravel\framework\src\Illuminate\Database\Eloquent\Model.php:2540
C:\Users\USUARIO\Documents\Documentos Christian\Archivos Estudio\Sena\PROYECTO FORMATIVO\BackEnd\Conexion-EcoRisaralda\vendor\laravel\framework\src\Illuminate\Database\Eloquent\Model.php:2556
C:\Users\USUARIO\Documents\Documentos Christian\Archivos Estudio\Sena\PROYECTO FORMATIVO\BackEnd\Conexion-EcoRisaralda\database\factories\UserFactory.php:35
C:\Users\USUARIO\Documents\Documentos Christian\Archivos Estudio\Sena\PROYECTO FORMATIVO\BackEnd\Conexion-EcoRisaralda\vendor\laravel\framework\src\Illuminate\Database\Eloquent\Factories\Factory.php:527
C:\Users\USUARIO\Documents\Documentos Christian\Archivos Estudio\Sena\PROYECTO FORMATIVO\BackEnd\Conexion-EcoRisaralda\vendor\laravel\framework\src\Illuminate\Database\Eloquent\Factories\Factory.php:506
C:\Users\USUARIO\Documents\Documentos Christian\Archivos Estudio\Sena\PROYECTO FORMATIVO\BackEnd\Conexion-EcoRisaralda\vendor\laravel\framework\src\Illuminate\Database\Eloquent\Factories\Factory.php:490
C:\Users\USUARIO\Documents\Documentos Christian\Archivos Estudio\Sena\PROYECTO FORMATIVO\BackEnd\Conexion-EcoRisaralda\vendor\laravel\framework\src\Illuminate\Database\Eloquent\Concerns\GuardsAttributes.php:157
C:\Users\USUARIO\Documents\Documentos Christian\Archivos Estudio\Sena\PROYECTO FORMATIVO\BackEnd\Conexion-EcoRisaralda\vendor\laravel\framework\src\Illuminate\Database\Eloquent\Factories\Factory.php:489
C:\Users\USUARIO\Documents\Documentos Christian\Archivos Estudio\Sena\PROYECTO FORMATIVO\BackEnd\Conexion-EcoRisaralda\vendor\laravel\framework\src\Illuminate\Database\Eloquent\Factories\Factory.php:429
C:\Users\USUARIO\Documents\Documentos Christian\Archivos Estudio\Sena\PROYECTO FORMATIVO\BackEnd\Conexion-EcoRisaralda\vendor\laravel\framework\src\Illuminate\Database\Eloquent\Factories\Factory.php:318
C:\Users\USUARIO\Documents\Documentos Christian\Archivos Estudio\Sena\PROYECTO FORMATIVO\BackEnd\Conexion-EcoRisaralda\vendor\laravel\framework\src\Illuminate\Database\Eloquent\Factories\Factory.php:315
C:\Users\USUARIO\Documents\Documentos Christian\Archivos Estudio\Sena\PROYECTO FORMATIVO\BackEnd\Conexion-EcoRisaralda\tests\Feature\Auth\PasswordResetTest.php:53</error>
        </testcase>
      </testsuite>
      <testsuite name="Tests\Feature\Auth\RegistrationTest" file="C:\Users\USUARIO\Documents\Documentos Christian\Archivos Estudio\Sena\PROYECTO FORMATIVO\BackEnd\Conexion-EcoRisaralda\tests\Feature\Auth\RegistrationTest.php" tests="5" assertions="6" errors="3" failures="0" skipped="0" time="0.264679">
        <testcase name="test_user_can_register_via_api" file="C:\Users\USUARIO\Documents\Documentos Christian\Archivos Estudio\Sena\PROYECTO FORMATIVO\BackEnd\Conexion-EcoRisaralda\tests\Feature\Auth\RegistrationTest.php" line="13" class="Tests\Feature\Auth\RegistrationTest" classname="Tests.Feature.Auth.RegistrationTest" assertions="0" time="0.052532">
          <error type="BadMethodCallException">Tests\Feature\Auth\RegistrationTest::test_user_can_register_via_api&#13;
BadMethodCallException: Call to undefined method App\Models\Country::factory()
&#13;
C:\Users\USUARIO\Documents\Documentos Christian\Archivos Estudio\Sena\PROYECTO FORMATIVO\BackEnd\Conexion-EcoRisaralda\vendor\laravel\framework\src\Illuminate\Support\Traits\ForwardsCalls.php:67
C:\Users\USUARIO\Documents\Documentos Christian\Archivos Estudio\Sena\PROYECTO FORMATIVO\BackEnd\Conexion-EcoRisaralda\vendor\laravel\framework\src\Illuminate\Support\Traits\ForwardsCalls.php:36
C:\Users\USUARIO\Documents\Documentos Christian\Archivos Estudio\Sena\PROYECTO FORMATIVO\BackEnd\Conexion-EcoRisaralda\vendor\laravel\framework\src\Illuminate\Database\Eloquent\Model.php:2540
C:\Users\USUARIO\Documents\Documentos Christian\Archivos Estudio\Sena\PROYECTO FORMATIVO\BackEnd\Conexion-EcoRisaralda\vendor\laravel\framework\src\Illuminate\Database\Eloquent\Model.php:2556
C:\Users\USUARIO\Documents\Documentos Christian\Archivos Estudio\Sena\PROYECTO FORMATIVO\BackEnd\Conexion-EcoRisaralda\tests\Feature\Auth\RegistrationTest.php:15</error>
        </testcase>
        <testcase name="test_operator_can_register_via_api" file="C:\Users\USUARIO\Documents\Documentos Christian\Archivos Estudio\Sena\PROYECTO FORMATIVO\BackEnd\Conexion-EcoRisaralda\tests\Feature\Auth\RegistrationTest.php" line="35" class="Tests\Feature\Auth\RegistrationTest" classname="Tests.Feature.Auth.RegistrationTest" assertions="0" time="0.045687">
          <error type="BadMethodCallException">Tests\Feature\Auth\RegistrationTest::test_operator_can_register_via_api&#13;
BadMethodCallException: Call to undefined method App\Models\Country::factory()
&#13;
C:\Users\USUARIO\Documents\Documentos Christian\Archivos Estudio\Sena\PROYECTO FORMATIVO\BackEnd\Conexion-EcoRisaralda\vendor\laravel\framework\src\Illuminate\Support\Traits\ForwardsCalls.php:67
C:\Users\USUARIO\Documents\Documentos Christian\Archivos Estudio\Sena\PROYECTO FORMATIVO\BackEnd\Conexion-EcoRisaralda\vendor\laravel\framework\src\Illuminate\Support\Traits\ForwardsCalls.php:36
C:\Users\USUARIO\Documents\Documentos Christian\Archivos Estudio\Sena\PROYECTO FORMATIVO\BackEnd\Conexion-EcoRisaralda\vendor\laravel\framework\src\Illuminate\Database\Eloquent\Model.php:2540
C:\Users\USUARIO\Documents\Documentos Christian\Archivos Estudio\Sena\PROYECTO FORMATIVO\BackEnd\Conexion-EcoRisaralda\vendor\laravel\framework\src\Illuminate\Database\Eloquent\Model.php:2556
C:\Users\USUARIO\Documents\Documentos Christian\Archivos Estudio\Sena\PROYECTO FORMATIVO\BackEnd\Conexion-EcoRisaralda\tests\Feature\Auth\RegistrationTest.php:37</error>
        </testcase>
        <testcase name="test_registration_fails_with_duplicate_email" file="C:\Users\USUARIO\Documents\Documentos Christian\Archivos Estudio\Sena\PROYECTO FORMATIVO\BackEnd\Conexion-EcoRisaralda\tests\Feature\Auth\RegistrationTest.php" line="57" class="Tests\Feature\Auth\RegistrationTest" classname="Tests.Feature.Auth.RegistrationTest" assertions="0" time="0.048624">
          <error type="BadMethodCallException">Tests\Feature\Auth\RegistrationTest::test_registration_fails_with_duplicate_email&#13;
BadMethodCallException: Call to undefined method App\Models\Country::factory()
&#13;
C:\Users\USUARIO\Documents\Documentos Christian\Archivos Estudio\Sena\PROYECTO FORMATIVO\BackEnd\Conexion-EcoRisaralda\vendor\laravel\framework\src\Illuminate\Support\Traits\ForwardsCalls.php:67
C:\Users\USUARIO\Documents\Documentos Christian\Archivos Estudio\Sena\PROYECTO FORMATIVO\BackEnd\Conexion-EcoRisaralda\vendor\laravel\framework\src\Illuminate\Support\Traits\ForwardsCalls.php:36
C:\Users\USUARIO\Documents\Documentos Christian\Archivos Estudio\Sena\PROYECTO FORMATIVO\BackEnd\Conexion-EcoRisaralda\vendor\laravel\framework\src\Illuminate\Database\Eloquent\Model.php:2540
C:\Users\USUARIO\Documents\Documentos Christian\Archivos Estudio\Sena\PROYECTO FORMATIVO\BackEnd\Conexion-EcoRisaralda\vendor\laravel\framework\src\Illuminate\Database\Eloquent\Model.php:2556
C:\Users\USUARIO\Documents\Documentos Christian\Archivos Estudio\Sena\PROYECTO FORMATIVO\BackEnd\Conexion-EcoRisaralda\database\factories\UserFactory.php:35
C:\Users\USUARIO\Documents\Documentos Christian\Archivos Estudio\Sena\PROYECTO FORMATIVO\BackEnd\Conexion-EcoRisaralda\vendor\laravel\framework\src\Illuminate\Database\Eloquent\Factories\Factory.php:527
C:\Users\USUARIO\Documents\Documentos Christian\Archivos Estudio\Sena\PROYECTO FORMATIVO\BackEnd\Conexion-EcoRisaralda\vendor\laravel\framework\src\Illuminate\Database\Eloquent\Factories\Factory.php:506
C:\Users\USUARIO\Documents\Documentos Christian\Archivos Estudio\Sena\PROYECTO FORMATIVO\BackEnd\Conexion-EcoRisaralda\vendor\laravel\framework\src\Illuminate\Database\Eloquent\Factories\Factory.php:490
C:\Users\USUARIO\Documents\Documentos Christian\Archivos Estudio\Sena\PROYECTO FORMATIVO\BackEnd\Conexion-EcoRisaralda\vendor\laravel\framework\src\Illuminate\Database\Eloquent\Concerns\GuardsAttributes.php:157
C:\Users\USUARIO\Documents\Documentos Christian\Archivos Estudio\Sena\PROYECTO FORMATIVO\BackEnd\Conexion-EcoRisaralda\vendor\laravel\framework\src\Illuminate\Database\Eloquent\Factories\Factory.php:489
C:\Users\USUARIO\Documents\Documentos Christian\Archivos Estudio\Sena\PROYECTO FORMATIVO\BackEnd\Conexion-EcoRisaralda\vendor\laravel\framework\src\Illuminate\Database\Eloquent\Factories\Factory.php:429
C:\Users\USUARIO\Documents\Documentos Christian\Archivos Estudio\Sena\PROYECTO FORMATIVO\BackEnd\Conexion-EcoRisaralda\vendor\laravel\framework\src\Illuminate\Database\Eloquent\Factories\Factory.php:318
C:\Users\USUARIO\Documents\Documentos Christian\Archivos Estudio\Sena\PROYECTO FORMATIVO\BackEnd\Conexion-EcoRisaralda\vendor\laravel\framework\src\Illuminate\Database\Eloquent\Factories\Factory.php:315
C:\Users\USUARIO\Documents\Documentos Christian\Archivos Estudio\Sena\PROYECTO FORMATIVO\BackEnd\Conexion-EcoRisaralda\tests\Feature\Auth\RegistrationTest.php:59</error>
        </testcase>
        <testcase name="test_registration_fails_with_weak_password" file="C:\Users\USUARIO\Documents\Documentos Christian\Archivos Estudio\Sena\PROYECTO FORMATIVO\BackEnd\Conexion-EcoRisaralda\tests\Feature\Auth\RegistrationTest.php" line="73" class="Tests\Feature\Auth\RegistrationTest" classname="Tests.Feature.Auth.RegistrationTest" assertions="3" time="0.062912"/>
        <testcase name="test_registration_requires_last_name" file="C:\Users\USUARIO\Documents\Documentos Christian\Archivos Estudio\Sena\PROYECTO FORMATIVO\BackEnd\Conexion-EcoRisaralda\tests\Feature\Auth\RegistrationTest.php" line="87" class="Tests\Feature\Auth\RegistrationTest" classname="Tests.Feature.Auth.RegistrationTest" assertions="3" time="0.054923"/>
      </testsuite>
      <testsuite name="Tests\Feature\EventsApiTest" file="C:\Users\USUARIO\Documents\Documentos Christian\Archivos Estudio\Sena\PROYECTO FORMATIVO\BackEnd\Conexion-EcoRisaralda\tests\Feature\EventsApiTest.php" tests="7" assertions="0" errors="7" failures="0" skipped="0" time="0.374415">
        <testcase name="test_can_list_upcoming_events" file="C:\Users\USUARIO\Documents\Documentos Christian\Archivos Estudio\Sena\PROYECTO FORMATIVO\BackEnd\Conexion-EcoRisaralda\tests\Feature\EventsApiTest.php" line="21" class="Tests\Feature\EventsApiTest" classname="Tests.Feature.EventsApiTest" assertions="0" time="0.056435">
          <error type="BadMethodCallException">Tests\Feature\EventsApiTest::test_can_list_upcoming_events&#13;
BadMethodCallException: Call to undefined method App\Models\Country::factory()
&#13;
C:\Users\USUARIO\Documents\Documentos Christian\Archivos Estudio\Sena\PROYECTO FORMATIVO\BackEnd\Conexion-EcoRisaralda\vendor\laravel\framework\src\Illuminate\Support\Traits\ForwardsCalls.php:67
C:\Users\USUARIO\Documents\Documentos Christian\Archivos Estudio\Sena\PROYECTO FORMATIVO\BackEnd\Conexion-EcoRisaralda\vendor\laravel\framework\src\Illuminate\Support\Traits\ForwardsCalls.php:36
C:\Users\USUARIO\Documents\Documentos Christian\Archivos Estudio\Sena\PROYECTO FORMATIVO\BackEnd\Conexion-EcoRisaralda\vendor\laravel\framework\src\Illuminate\Database\Eloquent\Model.php:2540
C:\Users\USUARIO\Documents\Documentos Christian\Archivos Estudio\Sena\PROYECTO FORMATIVO\BackEnd\Conexion-EcoRisaralda\vendor\laravel\framework\src\Illuminate\Database\Eloquent\Model.php:2556
C:\Users\USUARIO\Documents\Documentos Christian\Archivos Estudio\Sena\PROYECTO FORMATIVO\BackEnd\Conexion-EcoRisaralda\database\factories\UserFactory.php:35
C:\Users\USUARIO\Documents\Documentos Christian\Archivos Estudio\Sena\PROYECTO FORMATIVO\BackEnd\Conexion-EcoRisaralda\vendor\laravel\framework\src\Illuminate\Database\Eloquent\Factories\Factory.php:527
C:\Users\USUARIO\Documents\Documentos Christian\Archivos Estudio\Sena\PROYECTO FORMATIVO\BackEnd\Conexion-EcoRisaralda\vendor\laravel\framework\src\Illuminate\Database\Eloquent\Factories\Factory.php:506
C:\Users\USUARIO\Documents\Documentos Christian\Archivos Estudio\Sena\PROYECTO FORMATIVO\BackEnd\Conexion-EcoRisaralda\vendor\laravel\framework\src\Illuminate\Database\Eloquent\Factories\Factory.php:490
C:\Users\USUARIO\Documents\Documentos Christian\Archivos Estudio\Sena\PROYECTO FORMATIVO\BackEnd\Conexion-EcoRisaralda\vendor\laravel\framework\src\Illuminate\Database\Eloquent\Concerns\GuardsAttributes.php:157
C:\Users\USUARIO\Documents\Documentos Christian\Archivos Estudio\Sena\PROYECTO FORMATIVO\BackEnd\Conexion-EcoRisaralda\vendor\laravel\framework\src\Illuminate\Database\Eloquent\Factories\Factory.php:489
C:\Users\USUARIO\Documents\Documentos Christian\Archivos Estudio\Sena\PROYECTO FORMATIVO\BackEnd\Conexion-EcoRisaralda\vendor\laravel\framework\src\Illuminate\Database\Eloquent\Factories\Factory.php:429
C:\Users\USUARIO\Documents\Documentos Christian\Archivos Estudio\Sena\PROYECTO FORMATIVO\BackEnd\Conexion-EcoRisaralda\vendor\laravel\framework\src\Illuminate\Database\Eloquent\Factories\Factory.php:318
C:\Users\USUARIO\Documents\Documentos Christian\Archivos Estudio\Sena\PROYECTO FORMATIVO\BackEnd\Conexion-EcoRisaralda\tests\Feature\EventsApiTest.php:23</error>
        </testcase>
        <testcase name="test_can_get_next_event" file="C:\Users\USUARIO\Documents\Documentos Christian\Archivos Estudio\Sena\PROYECTO FORMATIVO\BackEnd\Conexion-EcoRisaralda\tests\Feature\EventsApiTest.php" line="33" class="Tests\Feature\EventsApiTest" classname="Tests.Feature.EventsApiTest" assertions="0" time="0.051160">
          <error type="BadMethodCallException">Tests\Feature\EventsApiTest::test_can_get_next_event&#13;
BadMethodCallException: Call to undefined method App\Models\Country::factory()
&#13;
C:\Users\USUARIO\Documents\Documentos Christian\Archivos Estudio\Sena\PROYECTO FORMATIVO\BackEnd\Conexion-EcoRisaralda\vendor\laravel\framework\src\Illuminate\Support\Traits\ForwardsCalls.php:67
C:\Users\USUARIO\Documents\Documentos Christian\Archivos Estudio\Sena\PROYECTO FORMATIVO\BackEnd\Conexion-EcoRisaralda\vendor\laravel\framework\src\Illuminate\Support\Traits\ForwardsCalls.php:36
C:\Users\USUARIO\Documents\Documentos Christian\Archivos Estudio\Sena\PROYECTO FORMATIVO\BackEnd\Conexion-EcoRisaralda\vendor\laravel\framework\src\Illuminate\Database\Eloquent\Model.php:2540
C:\Users\USUARIO\Documents\Documentos Christian\Archivos Estudio\Sena\PROYECTO FORMATIVO\BackEnd\Conexion-EcoRisaralda\vendor\laravel\framework\src\Illuminate\Database\Eloquent\Model.php:2556
C:\Users\USUARIO\Documents\Documentos Christian\Archivos Estudio\Sena\PROYECTO FORMATIVO\BackEnd\Conexion-EcoRisaralda\database\factories\UserFactory.php:35
C:\Users\USUARIO\Documents\Documentos Christian\Archivos Estudio\Sena\PROYECTO FORMATIVO\BackEnd\Conexion-EcoRisaralda\vendor\laravel\framework\src\Illuminate\Database\Eloquent\Factories\Factory.php:527
C:\Users\USUARIO\Documents\Documentos Christian\Archivos Estudio\Sena\PROYECTO FORMATIVO\BackEnd\Conexion-EcoRisaralda\vendor\laravel\framework\src\Illuminate\Database\Eloquent\Factories\Factory.php:506
C:\Users\USUARIO\Documents\Documentos Christian\Archivos Estudio\Sena\PROYECTO FORMATIVO\BackEnd\Conexion-EcoRisaralda\vendor\laravel\framework\src\Illuminate\Database\Eloquent\Factories\Factory.php:490
C:\Users\USUARIO\Documents\Documentos Christian\Archivos Estudio\Sena\PROYECTO FORMATIVO\BackEnd\Conexion-EcoRisaralda\vendor\laravel\framework\src\Illuminate\Database\Eloquent\Concerns\GuardsAttributes.php:157
C:\Users\USUARIO\Documents\Documentos Christian\Archivos Estudio\Sena\PROYECTO FORMATIVO\BackEnd\Conexion-EcoRisaralda\vendor\laravel\framework\src\Illuminate\Database\Eloquent\Factories\Factory.php:489
C:\Users\USUARIO\Documents\Documentos Christian\Archivos Estudio\Sena\PROYECTO FORMATIVO\BackEnd\Conexion-EcoRisaralda\vendor\laravel\framework\src\Illuminate\Database\Eloquent\Factories\Factory.php:429
C:\Users\USUARIO\Documents\Documentos Christian\Archivos Estudio\Sena\PROYECTO FORMATIVO\BackEnd\Conexion-EcoRisaralda\vendor\laravel\framework\src\Illuminate\Database\Eloquent\Factories\Factory.php:318
C:\Users\USUARIO\Documents\Documentos Christian\Archivos Estudio\Sena\PROYECTO FORMATIVO\BackEnd\Conexion-EcoRisaralda\tests\Feature\EventsApiTest.php:35</error>
        </testcase>
        <testcase name="test_can_get_event_by_id" file="C:\Users\USUARIO\Documents\Documentos Christian\Archivos Estudio\Sena\PROYECTO FORMATIVO\BackEnd\Conexion-EcoRisaralda\tests\Feature\EventsApiTest.php" line="46" class="Tests\Feature\EventsApiTest" classname="Tests.Feature.EventsApiTest" assertions="0" time="0.050490">
          <error type="BadMethodCallException">Tests\Feature\EventsApiTest::test_can_get_event_by_id&#13;
BadMethodCallException: Call to undefined method App\Models\Country::factory()
&#13;
C:\Users\USUARIO\Documents\Documentos Christian\Archivos Estudio\Sena\PROYECTO FORMATIVO\BackEnd\Conexion-EcoRisaralda\vendor\laravel\framework\src\Illuminate\Support\Traits\ForwardsCalls.php:67
C:\Users\USUARIO\Documents\Documentos Christian\Archivos Estudio\Sena\PROYECTO FORMATIVO\BackEnd\Conexion-EcoRisaralda\vendor\laravel\framework\src\Illuminate\Support\Traits\ForwardsCalls.php:36
C:\Users\USUARIO\Documents\Documentos Christian\Archivos Estudio\Sena\PROYECTO FORMATIVO\BackEnd\Conexion-EcoRisaralda\vendor\laravel\framework\src\Illuminate\Database\Eloquent\Model.php:2540
C:\Users\USUARIO\Documents\Documentos Christian\Archivos Estudio\Sena\PROYECTO FORMATIVO\BackEnd\Conexion-EcoRisaralda\vendor\laravel\framework\src\Illuminate\Database\Eloquent\Model.php:2556
C:\Users\USUARIO\Documents\Documentos Christian\Archivos Estudio\Sena\PROYECTO FORMATIVO\BackEnd\Conexion-EcoRisaralda\database\factories\UserFactory.php:35
C:\Users\USUARIO\Documents\Documentos Christian\Archivos Estudio\Sena\PROYECTO FORMATIVO\BackEnd\Conexion-EcoRisaralda\vendor\laravel\framework\src\Illuminate\Database\Eloquent\Factories\Factory.php:527
C:\Users\USUARIO\Documents\Documentos Christian\Archivos Estudio\Sena\PROYECTO FORMATIVO\BackEnd\Conexion-EcoRisaralda\vendor\laravel\framework\src\Illuminate\Database\Eloquent\Factories\Factory.php:506
C:\Users\USUARIO\Documents\Documentos Christian\Archivos Estudio\Sena\PROYECTO FORMATIVO\BackEnd\Conexion-EcoRisaralda\vendor\laravel\framework\src\Illuminate\Database\Eloquent\Factories\Factory.php:490
C:\Users\USUARIO\Documents\Documentos Christian\Archivos Estudio\Sena\PROYECTO FORMATIVO\BackEnd\Conexion-EcoRisaralda\vendor\laravel\framework\src\Illuminate\Database\Eloquent\Concerns\GuardsAttributes.php:157
C:\Users\USUARIO\Documents\Documentos Christian\Archivos Estudio\Sena\PROYECTO FORMATIVO\BackEnd\Conexion-EcoRisaralda\vendor\laravel\framework\src\Illuminate\Database\Eloquent\Factories\Factory.php:489
C:\Users\USUARIO\Documents\Documentos Christian\Archivos Estudio\Sena\PROYECTO FORMATIVO\BackEnd\Conexion-EcoRisaralda\vendor\laravel\framework\src\Illuminate\Database\Eloquent\Factories\Factory.php:429
C:\Users\USUARIO\Documents\Documentos Christian\Archivos Estudio\Sena\PROYECTO FORMATIVO\BackEnd\Conexion-EcoRisaralda\vendor\laravel\framework\src\Illuminate\Database\Eloquent\Factories\Factory.php:318
C:\Users\USUARIO\Documents\Documentos Christian\Archivos Estudio\Sena\PROYECTO FORMATIVO\BackEnd\Conexion-EcoRisaralda\tests\Feature\EventsApiTest.php:48</error>
        </testcase>
        <testcase name="test_returns_404_for_nonexistent_event" file="C:\Users\USUARIO\Documents\Documentos Christian\Archivos Estudio\Sena\PROYECTO FORMATIVO\BackEnd\Conexion-EcoRisaralda\tests\Feature\EventsApiTest.php" line="58" class="Tests\Feature\EventsApiTest" classname="Tests.Feature.EventsApiTest" assertions="0" time="0.049885">
          <error type="BadMethodCallException">Tests\Feature\EventsApiTest::test_returns_404_for_nonexistent_event&#13;
BadMethodCallException: Call to undefined method App\Models\Country::factory()
&#13;
C:\Users\USUARIO\Documents\Documentos Christian\Archivos Estudio\Sena\PROYECTO FORMATIVO\BackEnd\Conexion-EcoRisaralda\vendor\laravel\framework\src\Illuminate\Support\Traits\ForwardsCalls.php:67
C:\Users\USUARIO\Documents\Documentos Christian\Archivos Estudio\Sena\PROYECTO FORMATIVO\BackEnd\Conexion-EcoRisaralda\vendor\laravel\framework\src\Illuminate\Support\Traits\ForwardsCalls.php:36
C:\Users\USUARIO\Documents\Documentos Christian\Archivos Estudio\Sena\PROYECTO FORMATIVO\BackEnd\Conexion-EcoRisaralda\vendor\laravel\framework\src\Illuminate\Database\Eloquent\Model.php:2540
C:\Users\USUARIO\Documents\Documentos Christian\Archivos Estudio\Sena\PROYECTO FORMATIVO\BackEnd\Conexion-EcoRisaralda\vendor\laravel\framework\src\Illuminate\Database\Eloquent\Model.php:2556
C:\Users\USUARIO\Documents\Documentos Christian\Archivos Estudio\Sena\PROYECTO FORMATIVO\BackEnd\Conexion-EcoRisaralda\database\factories\UserFactory.php:35
C:\Users\USUARIO\Documents\Documentos Christian\Archivos Estudio\Sena\PROYECTO FORMATIVO\BackEnd\Conexion-EcoRisaralda\vendor\laravel\framework\src\Illuminate\Database\Eloquent\Factories\Factory.php:527
C:\Users\USUARIO\Documents\Documentos Christian\Archivos Estudio\Sena\PROYECTO FORMATIVO\BackEnd\Conexion-EcoRisaralda\vendor\laravel\framework\src\Illuminate\Database\Eloquent\Factories\Factory.php:506
C:\Users\USUARIO\Documents\Documentos Christian\Archivos Estudio\Sena\PROYECTO FORMATIVO\BackEnd\Conexion-EcoRisaralda\vendor\laravel\framework\src\Illuminate\Database\Eloquent\Factories\Factory.php:490
C:\Users\USUARIO\Documents\Documentos Christian\Archivos Estudio\Sena\PROYECTO FORMATIVO\BackEnd\Conexion-EcoRisaralda\vendor\laravel\framework\src\Illuminate\Database\Eloquent\Concerns\GuardsAttributes.php:157
C:\Users\USUARIO\Documents\Documentos Christian\Archivos Estudio\Sena\PROYECTO FORMATIVO\BackEnd\Conexion-EcoRisaralda\vendor\laravel\framework\src\Illuminate\Database\Eloquent\Factories\Factory.php:489
C:\Users\USUARIO\Documents\Documentos Christian\Archivos Estudio\Sena\PROYECTO FORMATIVO\BackEnd\Conexion-EcoRisaralda\vendor\laravel\framework\src\Illuminate\Database\Eloquent\Factories\Factory.php:429
C:\Users\USUARIO\Documents\Documentos Christian\Archivos Estudio\Sena\PROYECTO FORMATIVO\BackEnd\Conexion-EcoRisaralda\vendor\laravel\framework\src\Illuminate\Database\Eloquent\Factories\Factory.php:318
C:\Users\USUARIO\Documents\Documentos Christian\Archivos Estudio\Sena\PROYECTO FORMATIVO\BackEnd\Conexion-EcoRisaralda\tests\Feature\EventsApiTest.php:60</error>
        </testcase>
        <testcase name="test_operator_can_create_event" file="C:\Users\USUARIO\Documents\Documentos Christian\Archivos Estudio\Sena\PROYECTO FORMATIVO\BackEnd\Conexion-EcoRisaralda\tests\Feature\EventsApiTest.php" line="67" class="Tests\Feature\EventsApiTest" classname="Tests.Feature.EventsApiTest" assertions="0" time="0.055109">
          <error type="BadMethodCallException">Tests\Feature\EventsApiTest::test_operator_can_create_event&#13;
BadMethodCallException: Call to undefined method App\Models\Country::factory()
&#13;
C:\Users\USUARIO\Documents\Documentos Christian\Archivos Estudio\Sena\PROYECTO FORMATIVO\BackEnd\Conexion-EcoRisaralda\vendor\laravel\framework\src\Illuminate\Support\Traits\ForwardsCalls.php:67
C:\Users\USUARIO\Documents\Documentos Christian\Archivos Estudio\Sena\PROYECTO FORMATIVO\BackEnd\Conexion-EcoRisaralda\vendor\laravel\framework\src\Illuminate\Support\Traits\ForwardsCalls.php:36
C:\Users\USUARIO\Documents\Documentos Christian\Archivos Estudio\Sena\PROYECTO FORMATIVO\BackEnd\Conexion-EcoRisaralda\vendor\laravel\framework\src\Illuminate\Database\Eloquent\Model.php:2540
C:\Users\USUARIO\Documents\Documentos Christian\Archivos Estudio\Sena\PROYECTO FORMATIVO\BackEnd\Conexion-EcoRisaralda\vendor\laravel\framework\src\Illuminate\Database\Eloquent\Model.php:2556
C:\Users\USUARIO\Documents\Documentos Christian\Archivos Estudio\Sena\PROYECTO FORMATIVO\BackEnd\Conexion-EcoRisaralda\database\factories\UserFactory.php:35
C:\Users\USUARIO\Documents\Documentos Christian\Archivos Estudio\Sena\PROYECTO FORMATIVO\BackEnd\Conexion-EcoRisaralda\vendor\laravel\framework\src\Illuminate\Database\Eloquent\Factories\Factory.php:527
C:\Users\USUARIO\Documents\Documentos Christian\Archivos Estudio\Sena\PROYECTO FORMATIVO\BackEnd\Conexion-EcoRisaralda\vendor\laravel\framework\src\Illuminate\Database\Eloquent\Factories\Factory.php:506
C:\Users\USUARIO\Documents\Documentos Christian\Archivos Estudio\Sena\PROYECTO FORMATIVO\BackEnd\Conexion-EcoRisaralda\vendor\laravel\framework\src\Illuminate\Database\Eloquent\Factories\Factory.php:490
C:\Users\USUARIO\Documents\Documentos Christian\Archivos Estudio\Sena\PROYECTO FORMATIVO\BackEnd\Conexion-EcoRisaralda\vendor\laravel\framework\src\Illuminate\Database\Eloquent\Concerns\GuardsAttributes.php:157
C:\Users\USUARIO\Documents\Documentos Christian\Archivos Estudio\Sena\PROYECTO FORMATIVO\BackEnd\Conexion-EcoRisaralda\vendor\laravel\framework\src\Illuminate\Database\Eloquent\Factories\Factory.php:489
C:\Users\USUARIO\Documents\Documentos Christian\Archivos Estudio\Sena\PROYECTO FORMATIVO\BackEnd\Conexion-EcoRisaralda\vendor\laravel\framework\src\Illuminate\Database\Eloquent\Factories\Factory.php:429
C:\Users\USUARIO\Documents\Documentos Christian\Archivos Estudio\Sena\PROYECTO FORMATIVO\BackEnd\Conexion-EcoRisaralda\vendor\laravel\framework\src\Illuminate\Database\Eloquent\Factories\Factory.php:318
C:\Users\USUARIO\Documents\Documentos Christian\Archivos Estudio\Sena\PROYECTO FORMATIVO\BackEnd\Conexion-EcoRisaralda\tests\Feature\EventsApiTest.php:69</error>
        </testcase>
        <testcase name="test_regular_user_cannot_create_event" file="C:\Users\USUARIO\Documents\Documentos Christian\Archivos Estudio\Sena\PROYECTO FORMATIVO\BackEnd\Conexion-EcoRisaralda\tests\Feature\EventsApiTest.php" line="81" class="Tests\Feature\EventsApiTest" classname="Tests.Feature.EventsApiTest" assertions="0" time="0.059126">
          <error type="BadMethodCallException">Tests\Feature\EventsApiTest::test_regular_user_cannot_create_event&#13;
BadMethodCallException: Call to undefined method App\Models\Country::factory()
&#13;
C:\Users\USUARIO\Documents\Documentos Christian\Archivos Estudio\Sena\PROYECTO FORMATIVO\BackEnd\Conexion-EcoRisaralda\vendor\laravel\framework\src\Illuminate\Support\Traits\ForwardsCalls.php:67
C:\Users\USUARIO\Documents\Documentos Christian\Archivos Estudio\Sena\PROYECTO FORMATIVO\BackEnd\Conexion-EcoRisaralda\vendor\laravel\framework\src\Illuminate\Support\Traits\ForwardsCalls.php:36
C:\Users\USUARIO\Documents\Documentos Christian\Archivos Estudio\Sena\PROYECTO FORMATIVO\BackEnd\Conexion-EcoRisaralda\vendor\laravel\framework\src\Illuminate\Database\Eloquent\Model.php:2540
C:\Users\USUARIO\Documents\Documentos Christian\Archivos Estudio\Sena\PROYECTO FORMATIVO\BackEnd\Conexion-EcoRisaralda\vendor\laravel\framework\src\Illuminate\Database\Eloquent\Model.php:2556
C:\Users\USUARIO\Documents\Documentos Christian\Archivos Estudio\Sena\PROYECTO FORMATIVO\BackEnd\Conexion-EcoRisaralda\database\factories\UserFactory.php:35
C:\Users\USUARIO\Documents\Documentos Christian\Archivos Estudio\Sena\PROYECTO FORMATIVO\BackEnd\Conexion-EcoRisaralda\vendor\laravel\framework\src\Illuminate\Database\Eloquent\Factories\Factory.php:527
C:\Users\USUARIO\Documents\Documentos Christian\Archivos Estudio\Sena\PROYECTO FORMATIVO\BackEnd\Conexion-EcoRisaralda\vendor\laravel\framework\src\Illuminate\Database\Eloquent\Factories\Factory.php:506
C:\Users\USUARIO\Documents\Documentos Christian\Archivos Estudio\Sena\PROYECTO FORMATIVO\BackEnd\Conexion-EcoRisaralda\vendor\laravel\framework\src\Illuminate\Database\Eloquent\Factories\Factory.php:490
C:\Users\USUARIO\Documents\Documentos Christian\Archivos Estudio\Sena\PROYECTO FORMATIVO\BackEnd\Conexion-EcoRisaralda\vendor\laravel\framework\src\Illuminate\Database\Eloquent\Concerns\GuardsAttributes.php:157
C:\Users\USUARIO\Documents\Documentos Christian\Archivos Estudio\Sena\PROYECTO FORMATIVO\BackEnd\Conexion-EcoRisaralda\vendor\laravel\framework\src\Illuminate\Database\Eloquent\Factories\Factory.php:489
C:\Users\USUARIO\Documents\Documentos Christian\Archivos Estudio\Sena\PROYECTO FORMATIVO\BackEnd\Conexion-EcoRisaralda\vendor\laravel\framework\src\Illuminate\Database\Eloquent\Factories\Factory.php:429
C:\Users\USUARIO\Documents\Documentos Christian\Archivos Estudio\Sena\PROYECTO FORMATIVO\BackEnd\Conexion-EcoRisaralda\vendor\laravel\framework\src\Illuminate\Database\Eloquent\Factories\Factory.php:318
C:\Users\USUARIO\Documents\Documentos Christian\Archivos Estudio\Sena\PROYECTO FORMATIVO\BackEnd\Conexion-EcoRisaralda\tests\Feature\EventsApiTest.php:83</error>
        </testcase>
        <testcase name="test_operator_can_delete_own_event" file="C:\Users\USUARIO\Documents\Documentos Christian\Archivos Estudio\Sena\PROYECTO FORMATIVO\BackEnd\Conexion-EcoRisaralda\tests\Feature\EventsApiTest.php" line="96" class="Tests\Feature\EventsApiTest" classname="Tests.Feature.EventsApiTest" assertions="0" time="0.052210">
          <error type="BadMethodCallException">Tests\Feature\EventsApiTest::test_operator_can_delete_own_event&#13;
BadMethodCallException: Call to undefined method App\Models\Country::factory()
&#13;
C:\Users\USUARIO\Documents\Documentos Christian\Archivos Estudio\Sena\PROYECTO FORMATIVO\BackEnd\Conexion-EcoRisaralda\vendor\laravel\framework\src\Illuminate\Support\Traits\ForwardsCalls.php:67
C:\Users\USUARIO\Documents\Documentos Christian\Archivos Estudio\Sena\PROYECTO FORMATIVO\BackEnd\Conexion-EcoRisaralda\vendor\laravel\framework\src\Illuminate\Support\Traits\ForwardsCalls.php:36
C:\Users\USUARIO\Documents\Documentos Christian\Archivos Estudio\Sena\PROYECTO FORMATIVO\BackEnd\Conexion-EcoRisaralda\vendor\laravel\framework\src\Illuminate\Database\Eloquent\Model.php:2540
C:\Users\USUARIO\Documents\Documentos Christian\Archivos Estudio\Sena\PROYECTO FORMATIVO\BackEnd\Conexion-EcoRisaralda\vendor\laravel\framework\src\Illuminate\Database\Eloquent\Model.php:2556
C:\Users\USUARIO\Documents\Documentos Christian\Archivos Estudio\Sena\PROYECTO FORMATIVO\BackEnd\Conexion-EcoRisaralda\database\factories\UserFactory.php:35
C:\Users\USUARIO\Documents\Documentos Christian\Archivos Estudio\Sena\PROYECTO FORMATIVO\BackEnd\Conexion-EcoRisaralda\vendor\laravel\framework\src\Illuminate\Database\Eloquent\Factories\Factory.php:527
C:\Users\USUARIO\Documents\Documentos Christian\Archivos Estudio\Sena\PROYECTO FORMATIVO\BackEnd\Conexion-EcoRisaralda\vendor\laravel\framework\src\Illuminate\Database\Eloquent\Factories\Factory.php:506
C:\Users\USUARIO\Documents\Documentos Christian\Archivos Estudio\Sena\PROYECTO FORMATIVO\BackEnd\Conexion-EcoRisaralda\vendor\laravel\framework\src\Illuminate\Database\Eloquent\Factories\Factory.php:490
C:\Users\USUARIO\Documents\Documentos Christian\Archivos Estudio\Sena\PROYECTO FORMATIVO\BackEnd\Conexion-EcoRisaralda\vendor\laravel\framework\src\Illuminate\Database\Eloquent\Concerns\GuardsAttributes.php:157
C:\Users\USUARIO\Documents\Documentos Christian\Archivos Estudio\Sena\PROYECTO FORMATIVO\BackEnd\Conexion-EcoRisaralda\vendor\laravel\framework\src\Illuminate\Database\Eloquent\Factories\Factory.php:489
C:\Users\USUARIO\Documents\Documentos Christian\Archivos Estudio\Sena\PROYECTO FORMATIVO\BackEnd\Conexion-EcoRisaralda\vendor\laravel\framework\src\Illuminate\Database\Eloquent\Factories\Factory.php:429
C:\Users\USUARIO\Documents\Documentos Christian\Archivos Estudio\Sena\PROYECTO FORMATIVO\BackEnd\Conexion-EcoRisaralda\vendor\laravel\framework\src\Illuminate\Database\Eloquent\Factories\Factory.php:318
C:\Users\USUARIO\Documents\Documentos Christian\Archivos Estudio\Sena\PROYECTO FORMATIVO\BackEnd\Conexion-EcoRisaralda\tests\Feature\EventsApiTest.php:98</error>
        </testcase>
      </testsuite>
      <testsuite name="Tests\Feature\ExampleTest" file="C:\Users\USUARIO\Documents\Documentos Christian\Archivos Estudio\Sena\PROYECTO FORMATIVO\BackEnd\Conexion-EcoRisaralda\tests\Feature\ExampleTest.php" tests="1" assertions="1" errors="0" failures="0" skipped="0" time="0.056947">
        <testcase name="test_the_api_returns_a_successful_response" file="C:\Users\USUARIO\Documents\Documentos Christian\Archivos Estudio\Sena\PROYECTO FORMATIVO\BackEnd\Conexion-EcoRisaralda\tests\Feature\ExampleTest.php" line="15" class="Tests\Feature\ExampleTest" classname="Tests.Feature.ExampleTest" assertions="1" time="0.056947"/>
      </testsuite>
      <testsuite name="Tests\Feature\FavoritesApiTest" file="C:\Users\USUARIO\Documents\Documentos Christian\Archivos Estudio\Sena\PROYECTO FORMATIVO\BackEnd\Conexion-EcoRisaralda\tests\Feature\FavoritesApiTest.php" tests="4" assertions="0" errors="4" failures="0" skipped="0" time="0.215688">
        <testcase name="test_user_can_list_favorites" file="C:\Users\USUARIO\Documents\Documentos Christian\Archivos Estudio\Sena\PROYECTO FORMATIVO\BackEnd\Conexion-EcoRisaralda\tests\Feature\FavoritesApiTest.php" line="20" class="Tests\Feature\FavoritesApiTest" classname="Tests.Feature.FavoritesApiTest" assertions="0" time="0.056123">
          <error type="BadMethodCallException">Tests\Feature\FavoritesApiTest::test_user_can_list_favorites&#13;
BadMethodCallException: Call to undefined method App\Models\Country::factory()
&#13;
C:\Users\USUARIO\Documents\Documentos Christian\Archivos Estudio\Sena\PROYECTO FORMATIVO\BackEnd\Conexion-EcoRisaralda\vendor\laravel\framework\src\Illuminate\Support\Traits\ForwardsCalls.php:67
C:\Users\USUARIO\Documents\Documentos Christian\Archivos Estudio\Sena\PROYECTO FORMATIVO\BackEnd\Conexion-EcoRisaralda\vendor\laravel\framework\src\Illuminate\Support\Traits\ForwardsCalls.php:36
C:\Users\USUARIO\Documents\Documentos Christian\Archivos Estudio\Sena\PROYECTO FORMATIVO\BackEnd\Conexion-EcoRisaralda\vendor\laravel\framework\src\Illuminate\Database\Eloquent\Model.php:2540
C:\Users\USUARIO\Documents\Documentos Christian\Archivos Estudio\Sena\PROYECTO FORMATIVO\BackEnd\Conexion-EcoRisaralda\vendor\laravel\framework\src\Illuminate\Database\Eloquent\Model.php:2556
C:\Users\USUARIO\Documents\Documentos Christian\Archivos Estudio\Sena\PROYECTO FORMATIVO\BackEnd\Conexion-EcoRisaralda\database\factories\UserFactory.php:35
C:\Users\USUARIO\Documents\Documentos Christian\Archivos Estudio\Sena\PROYECTO FORMATIVO\BackEnd\Conexion-EcoRisaralda\vendor\laravel\framework\src\Illuminate\Database\Eloquent\Factories\Factory.php:527
C:\Users\USUARIO\Documents\Documentos Christian\Archivos Estudio\Sena\PROYECTO FORMATIVO\BackEnd\Conexion-EcoRisaralda\vendor\laravel\framework\src\Illuminate\Database\Eloquent\Factories\Factory.php:506
C:\Users\USUARIO\Documents\Documentos Christian\Archivos Estudio\Sena\PROYECTO FORMATIVO\BackEnd\Conexion-EcoRisaralda\vendor\laravel\framework\src\Illuminate\Database\Eloquent\Factories\Factory.php:490
C:\Users\USUARIO\Documents\Documentos Christian\Archivos Estudio\Sena\PROYECTO FORMATIVO\BackEnd\Conexion-EcoRisaralda\vendor\laravel\framework\src\Illuminate\Database\Eloquent\Concerns\GuardsAttributes.php:157
C:\Users\USUARIO\Documents\Documentos Christian\Archivos Estudio\Sena\PROYECTO FORMATIVO\BackEnd\Conexion-EcoRisaralda\vendor\laravel\framework\src\Illuminate\Database\Eloquent\Factories\Factory.php:489
C:\Users\USUARIO\Documents\Documentos Christian\Archivos Estudio\Sena\PROYECTO FORMATIVO\BackEnd\Conexion-EcoRisaralda\vendor\laravel\framework\src\Illuminate\Database\Eloquent\Factories\Factory.php:429
C:\Users\USUARIO\Documents\Documentos Christian\Archivos Estudio\Sena\PROYECTO FORMATIVO\BackEnd\Conexion-EcoRisaralda\vendor\laravel\framework\src\Illuminate\Database\Eloquent\Factories\Factory.php:318
C:\Users\USUARIO\Documents\Documentos Christian\Archivos Estudio\Sena\PROYECTO FORMATIVO\BackEnd\Conexion-EcoRisaralda\tests\Feature\FavoritesApiTest.php:22</error>
        </testcase>
        <testcase name="test_user_can_add_to_favorites" file="C:\Users\USUARIO\Documents\Documentos Christian\Archivos Estudio\Sena\PROYECTO FORMATIVO\BackEnd\Conexion-EcoRisaralda\tests\Feature\FavoritesApiTest.php" line="29" class="Tests\Feature\FavoritesApiTest" classname="Tests.Feature.FavoritesApiTest" assertions="0" time="0.051097">
          <error type="BadMethodCallException">Tests\Feature\FavoritesApiTest::test_user_can_add_to_favorites&#13;
BadMethodCallException: Call to undefined method App\Models\Country::factory()
&#13;
[...]
C:\Users\USUARIO\Documents\Documentos Christian\Archivos Estudio\Sena\PROYECTO FORMATIVO\BackEnd\Conexion-EcoRisaralda\vendor\laravel\framework\src\Illuminate\Database\Eloquent\Factories\Factory.php:490
C:\Users\USUARIO\Documents\Documentos Christian\Archivos Estudio\Sena\PROYECTO FORMATIVO\BackEnd\Conexion-EcoRisaralda\vendor\laravel\framework\src\Illuminate\Database\Eloquent\Concerns\GuardsAttributes.php:157
C:\Users\USUARIO\Documents\Documentos Christian\Archivos Estudio\Sena\PROYECTO FORMATIVO\BackEnd\Conexion-EcoRisaralda\vendor\laravel\framework\src\Illuminate\Database\Eloquent\Factories\Factory.php:489
C:\Users\USUARIO\Documents\Documentos Christian\Archivos Estudio\Sena\PROYECTO FORMATIVO\BackEnd\Conexion-EcoRisaralda\vendor\laravel\framework\src\Illuminate\Database\Eloquent\Factories\Factory.php:429
C:\Users\USUARIO\Documents\Documentos Christian\Archivos Estudio\Sena\PROYECTO FORMATIVO\BackEnd\Conexion-EcoRisaralda\vendor\laravel\framework\src\Illuminate\Database\Eloquent\Factories\Factory.php:318
C:\Users\USUARIO\Documents\Documentos Christian\Archivos Estudio\Sena\PROYECTO FORMATIVO\BackEnd\Conexion-EcoRisaralda\tests\Feature\ReviewsApiTest.php:57</error>
        </testcase>
        <testcase name="test_review_rating_must_be_between_1_and_5" file="C:\Users\USUARIO\Documents\Documentos Christian\Archivos Estudio\Sena\PROYECTO FORMATIVO\BackEnd\Conexion-EcoRisaralda\tests\Feature\ReviewsApiTest.php" line="69" class="Tests\Feature\ReviewsApiTest" classname="Tests.Feature.ReviewsApiTest" assertions="0" time="0.057313">
          <error type="BadMethodCallException">Tests\Feature\ReviewsApiTest::test_review_rating_must_be_between_1_and_5&#13;
BadMethodCallException: Call to undefined method App\Models\Country::factory()
&#13;
C:\Users\USUARIO\Documents\Documentos Christian\Archivos Estudio\Sena\PROYECTO FORMATIVO\BackEnd\Conexion-EcoRisaralda\vendor\laravel\framework\src\Illuminate\Support\Traits\ForwardsCalls.php:67
C:\Users\USUARIO\Documents\Documentos Christian\Archivos Estudio\Sena\PROYECTO FORMATIVO\BackEnd\Conexion-EcoRisaralda\vendor\laravel\framework\src\Illuminate\Support\Traits\ForwardsCalls.php:36
C:\Users\USUARIO\Documents\Documentos Christian\Archivos Estudio\Sena\PROYECTO FORMATIVO\BackEnd\Conexion-EcoRisaralda\vendor\laravel\framework\src\Illuminate\Database\Eloquent\Model.php:2540
C:\Users\USUARIO\Documents\Documentos Christian\Archivos Estudio\Sena\PROYECTO FORMATIVO\BackEnd\Conexion-EcoRisaralda\vendor\laravel\framework\src\Illuminate\Database\Eloquent\Model.php:2556
C:\Users\USUARIO\Documents\Documentos Christian\Archivos Estudio\Sena\PROYECTO FORMATIVO\BackEnd\Conexion-EcoRisaralda\database\factories\UserFactory.php:35
C:\Users\USUARIO\Documents\Documentos Christian\Archivos Estudio\Sena\PROYECTO FORMATIVO\BackEnd\Conexion-EcoRisaralda\vendor\laravel\framework\src\Illuminate\Database\Eloquent\Factories\Factory.php:527
C:\Users\USUARIO\Documents\Documentos Christian\Archivos Estudio\Sena\PROYECTO FORMATIVO\BackEnd\Conexion-EcoRisaralda\vendor\laravel\framework\src\Illuminate\Database\Eloquent\Factories\Factory.php:506
C:\Users\USUARIO\Documents\Documentos Christian\Archivos Estudio\Sena\PROYECTO FORMATIVO\BackEnd\Conexion-EcoRisaralda\vendor\laravel\framework\src\Illuminate\Database\Eloquent\Factories\Factory.php:490
C:\Users\USUARIO\Documents\Documentos Christian\Archivos Estudio\Sena\PROYECTO FORMATIVO\BackEnd\Conexion-EcoRisaralda\vendor\laravel\framework\src\Illuminate\Database\Eloquent\Concerns\GuardsAttributes.php:157
C:\Users\USUARIO\Documents\Documentos Christian\Archivos Estudio\Sena\PROYECTO FORMATIVO\BackEnd\Conexion-EcoRisaralda\vendor\laravel\framework\src\Illuminate\Database\Eloquent\Factories\Factory.php:489
C:\Users\USUARIO\Documents\Documentos Christian\Archivos Estudio\Sena\PROYECTO FORMATIVO\BackEnd\Conexion-EcoRisaralda\vendor\laravel\framework\src\Illuminate\Database\Eloquent\Factories\Factory.php:429
C:\Users\USUARIO\Documents\Documentos Christian\Archivos Estudio\Sena\PROYECTO FORMATIVO\BackEnd\Conexion-EcoRisaralda\vendor\laravel\framework\src\Illuminate\Database\Eloquent\Factories\Factory.php:318
C:\Users\USUARIO\Documents\Documentos Christian\Archivos Estudio\Sena\PROYECTO FORMATIVO\BackEnd\Conexion-EcoRisaralda\tests\Feature\ReviewsApiTest.php:71</error>
        </testcase>
        <testcase name="test_user_can_delete_own_review" file="C:\Users\USUARIO\Documents\Documentos Christian\Archivos Estudio\Sena\PROYECTO FORMATIVO\BackEnd\Conexion-EcoRisaralda\tests\Feature\ReviewsApiTest.php" line="83" class="Tests\Feature\ReviewsApiTest" classname="Tests.Feature.ReviewsApiTest" assertions="0" time="0.054820">
          <error type="BadMethodCallException">Tests\Feature\ReviewsApiTest::test_user_can_delete_own_review&#13;
BadMethodCallException: Call to undefined method App\Models\Country::factory()
&#13;
C:\Users\USUARIO\Documents\Documentos Christian\Archivos Estudio\Sena\PROYECTO FORMATIVO\BackEnd\Conexion-EcoRisaralda\vendor\laravel\framework\src\Illuminate\Support\Traits\ForwardsCalls.php:67
C:\Users\USUARIO\Documents\Documentos Christian\Archivos Estudio\Sena\PROYECTO FORMATIVO\BackEnd\Conexion-EcoRisaralda\vendor\laravel\framework\src\Illuminate\Support\Traits\ForwardsCalls.php:36
C:\Users\USUARIO\Documents\Documentos Christian\Archivos Estudio\Sena\PROYECTO FORMATIVO\BackEnd\Conexion-EcoRisaralda\vendor\laravel\framework\src\Illuminate\Database\Eloquent\Model.php:2540
C:\Users\USUARIO\Documents\Documentos Christian\Archivos Estudio\Sena\PROYECTO FORMATIVO\BackEnd\Conexion-EcoRisaralda\vendor\laravel\framework\src\Illuminate\Database\Eloquent\Model.php:2556
C:\Users\USUARIO\Documents\Documentos Christian\Archivos Estudio\Sena\PROYECTO FORMATIVO\BackEnd\Conexion-EcoRisaralda\database\factories\UserFactory.php:35
C:\Users\USUARIO\Documents\Documentos Christian\Archivos Estudio\Sena\PROYECTO FORMATIVO\BackEnd\Conexion-EcoRisaralda\vendor\laravel\framework\src\Illuminate\Database\Eloquent\Factories\Factory.php:527
C:\Users\USUARIO\Documents\Documentos Christian\Archivos Estudio\Sena\PROYECTO FORMATIVO\BackEnd\Conexion-EcoRisaralda\vendor\laravel\framework\src\Illuminate\Database\Eloquent\Factories\Factory.php:506
C:\Users\USUARIO\Documents\Documentos Christian\Archivos Estudio\Sena\PROYECTO FORMATIVO\BackEnd\Conexion-EcoRisaralda\vendor\laravel\framework\src\Illuminate\Database\Eloquent\Factories\Factory.php:490
C:\Users\USUARIO\Documents\Documentos Christian\Archivos Estudio\Sena\PROYECTO FORMATIVO\BackEnd\Conexion-EcoRisaralda\vendor\laravel\framework\src\Illuminate\Database\Eloquent\Concerns\GuardsAttributes.php:157
C:\Users\USUARIO\Documents\Documentos Christian\Archivos Estudio\Sena\PROYECTO FORMATIVO\BackEnd\Conexion-EcoRisaralda\vendor\laravel\framework\src\Illuminate\Database\Eloquent\Factories\Factory.php:489
C:\Users\USUARIO\Documents\Documentos Christian\Archivos Estudio\Sena\PROYECTO FORMATIVO\BackEnd\Conexion-EcoRisaralda\vendor\laravel\framework\src\Illuminate\Database\Eloquent\Factories\Factory.php:429
C:\Users\USUARIO\Documents\Documentos Christian\Archivos Estudio\Sena\PROYECTO FORMATIVO\BackEnd\Conexion-EcoRisaralda\vendor\laravel\framework\src\Illuminate\Database\Eloquent\Factories\Factory.php:318
C:\Users\USUARIO\Documents\Documentos Christian\Archivos Estudio\Sena\PROYECTO FORMATIVO\BackEnd\Conexion-EcoRisaralda\tests\Feature\ReviewsApiTest.php:85</error>
        </testcase>
        <testcase name="test_user_cannot_delete_others_review" file="C:\Users\USUARIO\Documents\Documentos Christian\Archivos Estudio\Sena\PROYECTO FORMATIVO\BackEnd\Conexion-EcoRisaralda\tests\Feature\ReviewsApiTest.php" line="102" class="Tests\Feature\ReviewsApiTest" classname="Tests.Feature.ReviewsApiTest" assertions="0" time="0.050186">
          <error type="BadMethodCallException">Tests\Feature\ReviewsApiTest::test_user_cannot_delete_others_review&#13;
BadMethodCallException: Call to undefined method App\Models\Country::factory()
&#13;
C:\Users\USUARIO\Documents\Documentos Christian\Archivos Estudio\Sena\PROYECTO FORMATIVO\BackEnd\Conexion-EcoRisaralda\vendor\laravel\framework\src\Illuminate\Support\Traits\ForwardsCalls.php:67
C:\Users\USUARIO\Documents\Documentos Christian\Archivos Estudio\Sena\PROYECTO FORMATIVO\BackEnd\Conexion-EcoRisaralda\vendor\laravel\framework\src\Illuminate\Support\Traits\ForwardsCalls.php:36
C:\Users\USUARIO\Documents\Documentos Christian\Archivos Estudio\Sena\PROYECTO FORMATIVO\BackEnd\Conexion-EcoRisaralda\vendor\laravel\framework\src\Illuminate\Database\Eloquent\Model.php:2540
C:\Users\USUARIO\Documents\Documentos Christian\Archivos Estudio\Sena\PROYECTO FORMATIVO\BackEnd\Conexion-EcoRisaralda\vendor\laravel\framework\src\Illuminate\Database\Eloquent\Model.php:2556
C:\Users\USUARIO\Documents\Documentos Christian\Archivos Estudio\Sena\PROYECTO FORMATIVO\BackEnd\Conexion-EcoRisaralda\database\factories\UserFactory.php:35
C:\Users\USUARIO\Documents\Documentos Christian\Archivos Estudio\Sena\PROYECTO FORMATIVO\BackEnd\Conexion-EcoRisaralda\vendor\laravel\framework\src\Illuminate\Database\Eloquent\Factories\Factory.php:527
C:\Users\USUARIO\Documents\Documentos Christian\Archivos Estudio\Sena\PROYECTO FORMATIVO\BackEnd\Conexion-EcoRisaralda\vendor\laravel\framework\src\Illuminate\Database\Eloquent\Factories\Factory.php:506
C:\Users\USUARIO\Documents\Documentos Christian\Archivos Estudio\Sena\PROYECTO FORMATIVO\BackEnd\Conexion-EcoRisaralda\vendor\laravel\framework\src\Illuminate\Database\Eloquent\Factories\Factory.php:490
C:\Users\USUARIO\Documents\Documentos Christian\Archivos Estudio\Sena\PROYECTO FORMATIVO\BackEnd\Conexion-EcoRisaralda\vendor\laravel\framework\src\Illuminate\Database\Eloquent\Concerns\GuardsAttributes.php:157
C:\Users\USUARIO\Documents\Documentos Christian\Archivos Estudio\Sena\PROYECTO FORMATIVO\BackEnd\Conexion-EcoRisaralda\vendor\laravel\framework\src\Illuminate\Database\Eloquent\Factories\Factory.php:489
C:\Users\USUARIO\Documents\Documentos Christian\Archivos Estudio\Sena\PROYECTO FORMATIVO\BackEnd\Conexion-EcoRisaralda\vendor\laravel\framework\src\Illuminate\Database\Eloquent\Factories\Factory.php:429
C:\Users\USUARIO\Documents\Documentos Christian\Archivos Estudio\Sena\PROYECTO FORMATIVO\BackEnd\Conexion-EcoRisaralda\vendor\laravel\framework\src\Illuminate\Database\Eloquent\Factories\Factory.php:318
C:\Users\USUARIO\Documents\Documentos Christian\Archivos Estudio\Sena\PROYECTO FORMATIVO\BackEnd\Conexion-EcoRisaralda\tests\Feature\ReviewsApiTest.php:104</error>
        </testcase>
        <testcase name="test_user_can_react_to_review" file="C:\Users\USUARIO\Documents\Documentos Christian\Archivos Estudio\Sena\PROYECTO FORMATIVO\BackEnd\Conexion-EcoRisaralda\tests\Feature\ReviewsApiTest.php" line="120" class="Tests\Feature\ReviewsApiTest" classname="Tests.Feature.ReviewsApiTest" assertions="0" time="0.048933">
          <error type="BadMethodCallException">Tests\Feature\ReviewsApiTest::test_user_can_react_to_review&#13;
BadMethodCallException: Call to undefined method App\Models\Country::factory()
&#13;
C:\Users\USUARIO\Documents\Documentos Christian\Archivos Estudio\Sena\PROYECTO FORMATIVO\BackEnd\Conexion-EcoRisaralda\vendor\laravel\framework\src\Illuminate\Support\Traits\ForwardsCalls.php:67
C:\Users\USUARIO\Documents\Documentos Christian\Archivos Estudio\Sena\PROYECTO FORMATIVO\BackEnd\Conexion-EcoRisaralda\vendor\laravel\framework\src\Illuminate\Support\Traits\ForwardsCalls.php:36
C:\Users\USUARIO\Documents\Documentos Christian\Archivos Estudio\Sena\PROYECTO FORMATIVO\BackEnd\Conexion-EcoRisaralda\vendor\laravel\framework\src\Illuminate\Database\Eloquent\Model.php:2540
C:\Users\USUARIO\Documents\Documentos Christian\Archivos Estudio\Sena\PROYECTO FORMATIVO\BackEnd\Conexion-EcoRisaralda\vendor\laravel\framework\src\Illuminate\Database\Eloquent\Model.php:2556
C:\Users\USUARIO\Documents\Documentos Christian\Archivos Estudio\Sena\PROYECTO FORMATIVO\BackEnd\Conexion-EcoRisaralda\database\factories\UserFactory.php:35
C:\Users\USUARIO\Documents\Documentos Christian\Archivos Estudio\Sena\PROYECTO FORMATIVO\BackEnd\Conexion-EcoRisaralda\vendor\laravel\framework\src\Illuminate\Database\Eloquent\Factories\Factory.php:527
C:\Users\USUARIO\Documents\Documentos Christian\Archivos Estudio\Sena\PROYECTO FORMATIVO\BackEnd\Conexion-EcoRisaralda\vendor\laravel\framework\src\Illuminate\Database\Eloquent\Factories\Factory.php:506
C:\Users\USUARIO\Documents\Documentos Christian\Archivos Estudio\Sena\PROYECTO FORMATIVO\BackEnd\Conexion-EcoRisaralda\vendor\laravel\framework\src\Illuminate\Database\Eloquent\Factories\Factory.php:490
C:\Users\USUARIO\Documents\Documentos Christian\Archivos Estudio\Sena\PROYECTO FORMATIVO\BackEnd\Conexion-EcoRisaralda\vendor\laravel\framework\src\Illuminate\Database\Eloquent\Concerns\GuardsAttributes.php:157
C:\Users\USUARIO\Documents\Documentos Christian\Archivos Estudio\Sena\PROYECTO FORMATIVO\BackEnd\Conexion-EcoRisaralda\vendor\laravel\framework\src\Illuminate\Database\Eloquent\Factories\Factory.php:489
C:\Users\USUARIO\Documents\Documentos Christian\Archivos Estudio\Sena\PROYECTO FORMATIVO\BackEnd\Conexion-EcoRisaralda\vendor\laravel\framework\src\Illuminate\Database\Eloquent\Factories\Factory.php:429
C:\Users\USUARIO\Documents\Documentos Christian\Archivos Estudio\Sena\PROYECTO FORMATIVO\BackEnd\Conexion-EcoRisaralda\vendor\laravel\framework\src\Illuminate\Database\Eloquent\Factories\Factory.php:318
C:\Users\USUARIO\Documents\Documentos Christian\Archivos Estudio\Sena\PROYECTO FORMATIVO\BackEnd\Conexion-EcoRisaralda\tests\Feature\ReviewsApiTest.php:122</error>
        </testcase>
        <testcase name="test_unauthenticated_user_cannot_create_review" file="C:\Users\USUARIO\Documents\Documentos Christian\Archivos Estudio\Sena\PROYECTO FORMATIVO\BackEnd\Conexion-EcoRisaralda\tests\Feature\ReviewsApiTest.php" line="141" class="Tests\Feature\ReviewsApiTest" classname="Tests.Feature.ReviewsApiTest" assertions="0" time="0.047722">
          <error type="BadMethodCallException">Tests\Feature\ReviewsApiTest::test_unauthenticated_user_cannot_create_review&#13;
BadMethodCallException: Call to undefined method App\Models\Country::factory()
&#13;
C:\Users\USUARIO\Documents\Documentos Christian\Archivos Estudio\Sena\PROYECTO FORMATIVO\BackEnd\Conexion-EcoRisaralda\vendor\laravel\framework\src\Illuminate\Support\Traits\ForwardsCalls.php:67
C:\Users\USUARIO\Documents\Documentos Christian\Archivos Estudio\Sena\PROYECTO FORMATIVO\BackEnd\Conexion-EcoRisaralda\vendor\laravel\framework\src\Illuminate\Support\Traits\ForwardsCalls.php:36
C:\Users\USUARIO\Documents\Documentos Christian\Archivos Estudio\Sena\PROYECTO FORMATIVO\BackEnd\Conexion-EcoRisaralda\vendor\laravel\framework\src\Illuminate\Database\Eloquent\Model.php:2540
C:\Users\USUARIO\Documents\Documentos Christian\Archivos Estudio\Sena\PROYECTO FORMATIVO\BackEnd\Conexion-EcoRisaralda\vendor\laravel\framework\src\Illuminate\Database\Eloquent\Model.php:2556
C:\Users\USUARIO\Documents\Documentos Christian\Archivos Estudio\Sena\PROYECTO FORMATIVO\BackEnd\Conexion-EcoRisaralda\database\factories\UserFactory.php:35
C:\Users\USUARIO\Documents\Documentos Christian\Archivos Estudio\Sena\PROYECTO FORMATIVO\BackEnd\Conexion-EcoRisaralda\vendor\laravel\framework\src\Illuminate\Database\Eloquent\Factories\Factory.php:527
C:\Users\USUARIO\Documents\Documentos Christian\Archivos Estudio\Sena\PROYECTO FORMATIVO\BackEnd\Conexion-EcoRisaralda\vendor\laravel\framework\src\Illuminate\Database\Eloquent\Factories\Factory.php:506
C:\Users\USUARIO\Documents\Documentos Christian\Archivos Estudio\Sena\PROYECTO FORMATIVO\BackEnd\Conexion-EcoRisaralda\vendor\laravel\framework\src\Illuminate\Database\Eloquent\Factories\Factory.php:490
C:\Users\USUARIO\Documents\Documentos Christian\Archivos Estudio\Sena\PROYECTO FORMATIVO\BackEnd\Conexion-EcoRisaralda\vendor\laravel\framework\src\Illuminate\Database\Eloquent\Concerns\GuardsAttributes.php:157
C:\Users\USUARIO\Documents\Documentos Christian\Archivos Estudio\Sena\PROYECTO FORMATIVO\BackEnd\Conexion-EcoRisaralda\vendor\laravel\framework\src\Illuminate\Database\Eloquent\Factories\Factory.php:489
C:\Users\USUARIO\Documents\Documentos Christian\Archivos Estudio\Sena\PROYECTO FORMATIVO\BackEnd\Conexion-EcoRisaralda\vendor\laravel\framework\src\Illuminate\Database\Eloquent\Factories\Factory.php:429
C:\Users\USUARIO\Documents\Documentos Christian\Archivos Estudio\Sena\PROYECTO FORMATIVO\BackEnd\Conexion-EcoRisaralda\vendor\laravel\framework\src\Illuminate\Database\Eloquent\Factories\Factory.php:318
C:\Users\USUARIO\Documents\Documentos Christian\Archivos Estudio\Sena\PROYECTO FORMATIVO\BackEnd\Conexion-EcoRisaralda\tests\Feature\ReviewsApiTest.php:143</error>
        </testcase>
        <testcase name="test_review_rejects_profanity" file="C:\Users\USUARIO\Documents\Documentos Christian\Archivos Estudio\Sena\PROYECTO FORMATIVO\BackEnd\Conexion-EcoRisaralda\tests\Feature\ReviewsApiTest.php" line="154" class="Tests\Feature\ReviewsApiTest" classname="Tests.Feature.ReviewsApiTest" assertions="0" time="0.047806">
          <error type="BadMethodCallException">Tests\Feature\ReviewsApiTest::test_review_rejects_profanity&#13;
BadMethodCallException: Call to undefined method App\Models\Country::factory()
&#13;
C:\Users\USUARIO\Documents\Documentos Christian\Archivos Estudio\Sena\PROYECTO FORMATIVO\BackEnd\Conexion-EcoRisaralda\vendor\laravel\framework\src\Illuminate\Support\Traits\ForwardsCalls.php:67
C:\Users\USUARIO\Documents\Documentos Christian\Archivos Estudio\Sena\PROYECTO FORMATIVO\BackEnd\Conexion-EcoRisaralda\vendor\laravel\framework\src\Illuminate\Support\Traits\ForwardsCalls.php:36
C:\Users\USUARIO\Documents\Documentos Christian\Archivos Estudio\Sena\PROYECTO FORMATIVO\BackEnd\Conexion-EcoRisaralda\vendor\laravel\framework\src\Illuminate\Database\Eloquent\Model.php:2540
C:\Users\USUARIO\Documents\Documentos Christian\Archivos Estudio\Sena\PROYECTO FORMATIVO\BackEnd\Conexion-EcoRisaralda\vendor\laravel\framework\src\Illuminate\Database\Eloquent\Model.php:2556
C:\Users\USUARIO\Documents\Documentos Christian\Archivos Estudio\Sena\PROYECTO FORMATIVO\BackEnd\Conexion-EcoRisaralda\database\factories\UserFactory.php:35
C:\Users\USUARIO\Documents\Documentos Christian\Archivos Estudio\Sena\PROYECTO FORMATIVO\BackEnd\Conexion-EcoRisaralda\vendor\laravel\framework\src\Illuminate\Database\Eloquent\Factories\Factory.php:527
C:\Users\USUARIO\Documents\Documentos Christian\Archivos Estudio\Sena\PROYECTO FORMATIVO\BackEnd\Conexion-EcoRisaralda\vendor\laravel\framework\src\Illuminate\Database\Eloquent\Factories\Factory.php:506
C:\Users\USUARIO\Documents\Documentos Christian\Archivos Estudio\Sena\PROYECTO FORMATIVO\BackEnd\Conexion-EcoRisaralda\vendor\laravel\framework\src\Illuminate\Database\Eloquent\Factories\Factory.php:490
C:\Users\USUARIO\Documents\Documentos Christian\Archivos Estudio\Sena\PROYECTO FORMATIVO\BackEnd\Conexion-EcoRisaralda\vendor\laravel\framework\src\Illuminate\Database\Eloquent\Concerns\GuardsAttributes.php:157
C:\Users\USUARIO\Documents\Documentos Christian\Archivos Estudio\Sena\PROYECTO FORMATIVO\BackEnd\Conexion-EcoRisaralda\vendor\laravel\framework\src\Illuminate\Database\Eloquent\Factories\Factory.php:489
C:\Users\USUARIO\Documents\Documentos Christian\Archivos Estudio\Sena\PROYECTO FORMATIVO\BackEnd\Conexion-EcoRisaralda\vendor\laravel\framework\src\Illuminate\Database\Eloquent\Factories\Factory.php:429
C:\Users\USUARIO\Documents\Documentos Christian\Archivos Estudio\Sena\PROYECTO FORMATIVO\BackEnd\Conexion-EcoRisaralda\vendor\laravel\framework\src\Illuminate\Database\Eloquent\Factories\Factory.php:318
C:\Users\USUARIO\Documents\Documentos Christian\Archivos Estudio\Sena\PROYECTO FORMATIVO\BackEnd\Conexion-EcoRisaralda\tests\Feature\ReviewsApiTest.php:156</error>
        </testcase>
      </testsuite>
    </testsuite>
  </testsuite>
</testsuites>
