<?xml version="1.0" encoding="UTF-8"?>
<testsuites>
  <testsuite name="C:\Users\USUARIO\Documents\Documentos Christian\Archivos Estudio\Sena\PROYECTO FORMATIVO\BackEnd\Conexion-EcoRisaralda\phpunit.xml" tests="66" assertions="34" errors="49" failures="2" skipped="0" time="4.833036">
    <testsuite name="Unit" tests="6" assertions="9" errors="4" failures="0" skipped="0" time="0.836122">
      <testsuite name="Tests\Unit\TuristicPlaceModelTest" file="C:\Users\USUARIO\Documents\Documentos Christian\Archivos Estudio\Sena\PROYECTO FORMATIVO\BackEnd\Conexion-EcoRisaralda\tests\Unit\TuristicPlaceModelTest.php" tests="6" assertions="9" errors="4" failures="0" skipped="0" time="0.836122">
        <testcase name="test_place_has_fillable_attributes" file="C:\Users\USUARIO\Documents\Documentos Christian\Archivos Estudio\Sena\PROYECTO FORMATIVO\BackEnd\Conexion-EcoRisaralda\tests\Unit\TuristicPlaceModelTest.php" line="14" class="Tests\Unit\TuristicPlaceModelTest" classname="Tests.Unit.TuristicPlaceModelTest" assertions="7" time="0.529117">
          <system-out>

</system-out>
        </testcase>
        <testcase name="test_place_casts_open_days_to_array" file="C:\Users\USUARIO\Documents\Documentos Christian\Archivos Estudio\Sena\PROYECTO FORMATIVO\BackEnd\Conexion-EcoRisaralda\tests\Unit\TuristicPlaceModelTest.php" line="27" class="Tests\Unit\TuristicPlaceModelTest" classname="Tests.Unit.TuristicPlaceModelTest" assertions="2" time="0.047085"/>
        <testcase name="test_place_belongs_to_user" file="C:\Users\USUARIO\Documents\Documentos Christian\Archivos Estudio\Sena\PROYECTO FORMATIVO\BackEnd\Conexion-EcoRisaralda\tests\Unit\TuristicPlaceModelTest.php" line="36" class="Tests\Unit\TuristicPlaceModelTest" classname="Tests.Unit.TuristicPlaceModelTest" assertions="0" time="0.091940">
          <error type="Illuminate\Database\QueryException">Tests\Unit\TuristicPlaceModelTest::test_place_belongs_to_user&#13;
Illuminate\Database\QueryException: SQLSTATE[23000]: Integrity constraint violation: 19 NOT NULL constraint failed: users.country_id (Connection: sqlite, Database: :memory:, SQL: insert into "users" ("name", "last_name", "email", "email_verified_at", "password", "remember_token", "role", "status", "updated_at", "created_at") values (Brendan, Doyle, sunny.sawayn@example.org, 2026-03-25 04:18:50, $2y$04$EaN17TeHgkHuWBeOfDlUxeQfGzwFqvgMplS7NDDjTlYAICj0FxiGG, dShPwacCdr, operator, active, 2026-03-25 04:18:50, 2026-03-25 04:18:50))
&#13;
C:\Users\USUARIO\Documents\Documentos Christian\Archivos Estudio\Sena\PROYECTO FORMATIVO\BackEnd\Conexion-EcoRisaralda\vendor\laravel\framework\src\Illuminate\Database\Connection.php:838
C:\Users\USUARIO\Documents\Documentos Christian\Archivos Estudio\Sena\PROYECTO FORMATIVO\BackEnd\Conexion-EcoRisaralda\vendor\laravel\framework\src\Illuminate\Database\Connection.php:794
C:\Users\USUARIO\Documents\Documentos Christian\Archivos Estudio\Sena\PROYECTO FORMATIVO\BackEnd\Conexion-EcoRisaralda\vendor\laravel\framework\src\Illuminate\Database\Connection.php:573
C:\Users\USUARIO\Documents\Documentos Christian\Archivos Estudio\Sena\PROYECTO FORMATIVO\BackEnd\Conexion-EcoRisaralda\vendor\laravel\framework\src\Illuminate\Database\Connection.php:537
C:\Users\USUARIO\Documents\Documentos Christian\Archivos Estudio\Sena\PROYECTO FORMATIVO\BackEnd\Conexion-EcoRisaralda\vendor\laravel\framework\src\Illuminate\Database\Query\Processors\Processor.php:32
C:\Users\USUARIO\Documents\Documentos Christian\Archivos Estudio\Sena\PROYECTO FORMATIVO\BackEnd\Conexion-EcoRisaralda\vendor\laravel\framework\src\Illuminate\Database\Query\Builder.php:4054
C:\Users\USUARIO\Documents\Documentos Christian\Archivos Estudio\Sena\PROYECTO FORMATIVO\BackEnd\Conexion-EcoRisaralda\vendor\laravel\framework\src\Illuminate\Database\Eloquent\Builder.php:2235
C:\Users\USUARIO\Documents\Documentos Christian\Archivos Estudio\Sena\PROYECTO FORMATIVO\BackEnd\Conexion-EcoRisaralda\vendor\laravel\framework\src\Illuminate\Database\Eloquent\Model.php:1436
C:\Users\USUARIO\Documents\Documentos Christian\Archivos Estudio\Sena\PROYECTO FORMATIVO\BackEnd\Conexion-EcoRisaralda\vendor\laravel\framework\src\Illuminate\Database\Eloquent\Model.php:1401
C:\Users\USUARIO\Documents\Documentos Christian\Archivos Estudio\Sena\PROYECTO FORMATIVO\BackEnd\Conexion-EcoRisaralda\vendor\laravel\framework\src\Illuminate\Database\Eloquent\Model.php:1240
C:\Users\USUARIO\Documents\Documentos Christian\Archivos Estudio\Sena\PROYECTO FORMATIVO\BackEnd\Conexion-EcoRisaralda\vendor\laravel\framework\src\Illuminate\Database\Eloquent\Factories\Factory.php:370
C:\Users\USUARIO\Documents\Documentos Christian\Archivos Estudio\Sena\PROYECTO FORMATIVO\BackEnd\Conexion-EcoRisaralda\vendor\laravel\framework\src\Illuminate\Collections\Traits\EnumeratesValues.php:275
C:\Users\USUARIO\Documents\Documentos Christian\Archivos Estudio\Sena\PROYECTO FORMATIVO\BackEnd\Conexion-EcoRisaralda\vendor\laravel\framework\src\Illuminate\Database\Eloquent\Factories\Factory.php:365
C:\Users\USUARIO\Documents\Documentos Christian\Archivos Estudio\Sena\PROYECTO FORMATIVO\BackEnd\Conexion-EcoRisaralda\vendor\laravel\framework\src\Illuminate\Database\Eloquent\Factories\Factory.php:321
C:\Users\USUARIO\Documents\Documentos Christian\Archivos Estudio\Sena\PROYECTO FORMATIVO\BackEnd\Conexion-EcoRisaralda\tests\Unit\TuristicPlaceModelTest.php:38</error>
        </testcase>
        <testcase name="test_place_has_events_relationship" file="C:\Users\USUARIO\Documents\Documentos Christian\Archivos Estudio\Sena\PROYECTO FORMATIVO\BackEnd\Conexion-EcoRisaralda\tests\Unit\TuristicPlaceModelTest.php" line="45" class="Tests\Unit\TuristicPlaceModelTest" classname="Tests.Unit.TuristicPlaceModelTest" assertions="0" time="0.054809">
          <error type="Illuminate\Database\QueryException">Tests\Unit\TuristicPlaceModelTest::test_place_has_events_relationship&#13;
Illuminate\Database\QueryException: SQLSTATE[23000]: Integrity constraint violation: 19 NOT NULL constraint failed: users.country_id (Connection: sqlite, Database: :memory:, SQL: insert into "users" ("name", "last_name", "email", "email_verified_at", "password", "remember_token", "role", "status", "updated_at", "created_at") values (Arvel, Christiansen, noah.tremblay@example.org, 2026-03-25 04:18:50, $2y$04$EaN17TeHgkHuWBeOfDlUxeQfGzwFqvgMplS7NDDjTlYAICj0FxiGG, lA7y6okkHS, operator, active, 2026-03-25 04:18:50, 2026-03-25 04:18:50))
&#13;
C:\Users\USUARIO\Documents\Documentos Christian\Archivos Estudio\Sena\PROYECTO FORMATIVO\BackEnd\Conexion-EcoRisaralda\vendor\laravel\framework\src\Illuminate\Database\Connection.php:838
C:\Users\USUARIO\Documents\Documentos Christian\Archivos Estudio\Sena\PROYECTO FORMATIVO\BackEnd\Conexion-EcoRisaralda\vendor\laravel\framework\src\Illuminate\Database\Connection.php:794
C:\Users\USUARIO\Documents\Documentos Christian\Archivos Estudio\Sena\PROYECTO FORMATIVO\BackEnd\Conexion-EcoRisaralda\vendor\laravel\framework\src\Illuminate\Database\Connection.php:573
C:\Users\USUARIO\Documents\Documentos Christian\Archivos Estudio\Sena\PROYECTO FORMATIVO\BackEnd\Conexion-EcoRisaralda\vendor\laravel\framework\src\Illuminate\Database\Connection.php:537
C:\Users\USUARIO\Documents\Documentos Christian\Archivos Estudio\Sena\PROYECTO FORMATIVO\BackEnd\Conexion-EcoRisaralda\vendor\laravel\framework\src\Illuminate\Database\Query\Processors\Processor.php:32
C:\Users\USUARIO\Documents\Documentos Christian\Archivos Estudio\Sena\PROYECTO FORMATIVO\BackEnd\Conexion-EcoRisaralda\vendor\laravel\framework\src\Illuminate\Database\Query\Builder.php:4054
C:\Users\USUARIO\Documents\Documentos Christian\Archivos Estudio\Sena\PROYECTO FORMATIVO\BackEnd\Conexion-EcoRisaralda\vendor\laravel\framework\src\Illuminate\Database\Eloquent\Builder.php:2235
C:\Users\USUARIO\Documents\Documentos Christian\Archivos Estudio\Sena\PROYECTO FORMATIVO\BackEnd\Conexion-EcoRisaralda\vendor\laravel\framework\src\Illuminate\Database\Eloquent\Model.php:1436
C:\Users\USUARIO\Documents\Documentos Christian\Archivos Estudio\Sena\PROYECTO FORMATIVO\BackEnd\Conexion-EcoRisaralda\vendor\laravel\framework\src\Illuminate\Database\Eloquent\Model.php:1401
C:\Users\USUARIO\Documents\Documentos Christian\Archivos Estudio\Sena\PROYECTO FORMATIVO\BackEnd\Conexion-EcoRisaralda\vendor\laravel\framework\src\Illuminate\Database\Eloquent\Model.php:1240
C:\Users\USUARIO\Documents\Documentos Christian\Archivos Estudio\Sena\PROYECTO FORMATIVO\BackEnd\Conexion-EcoRisaralda\vendor\laravel\framework\src\Illuminate\Database\Eloquent\Factories\Factory.php:370
C:\Users\USUARIO\Documents\Documentos Christian\Archivos Estudio\Sena\PROYECTO FORMATIVO\BackEnd\Conexion-EcoRisaralda\vendor\laravel\framework\src\Illuminate\Collections\Traits\EnumeratesValues.php:275
C:\Users\USUARIO\Documents\Documentos Christian\Archivos Estudio\Sena\PROYECTO FORMATIVO\BackEnd\Conexion-EcoRisaralda\vendor\laravel\framework\src\Illuminate\Database\Eloquent\Factories\Factory.php:365
C:\Users\USUARIO\Documents\Documentos Christian\Archivos Estudio\Sena\PROYECTO FORMATIVO\BackEnd\Conexion-EcoRisaralda\vendor\laravel\framework\src\Illuminate\Database\Eloquent\Factories\Factory.php:321
C:\Users\USUARIO\Documents\Documentos Christian\Archivos Estudio\Sena\PROYECTO FORMATIVO\BackEnd\Conexion-EcoRisaralda\tests\Unit\TuristicPlaceModelTest.php:47</error>
        </testcase>
        <testcase name="test_place_has_label_relationship" file="C:\Users\USUARIO\Documents\Documentos Christian\Archivos Estudio\Sena\PROYECTO FORMATIVO\BackEnd\Conexion-EcoRisaralda\tests\Unit\TuristicPlaceModelTest.php" line="53" class="Tests\Unit\TuristicPlaceModelTest" classname="Tests.Unit.TuristicPlaceModelTest" assertions="0" time="0.056101">
          <error type="Illuminate\Database\QueryException">Tests\Unit\TuristicPlaceModelTest::test_place_has_label_relationship&#13;
Illuminate\Database\QueryException: SQLSTATE[23000]: Integrity constraint violation: 19 NOT NULL constraint failed: users.country_id (Connection: sqlite, Database: :memory:, SQL: insert into "users" ("name", "last_name", "email", "email_verified_at", "password", "remember_token", "role", "status", "updated_at", "created_at") values (Morgan, Turcotte, dario.okuneva@example.org, 2026-03-25 04:18:50, $2y$04$EaN17TeHgkHuWBeOfDlUxeQfGzwFqvgMplS7NDDjTlYAICj0FxiGG, dfHeO8qvXq, operator, active, 2026-03-25 04:18:50, 2026-03-25 04:18:50))
&#13;
C:\Users\USUARIO\Documents\Documentos Christian\Archivos Estudio\Sena\PROYECTO FORMATIVO\BackEnd\Conexion-EcoRisaralda\vendor\laravel\framework\src\Illuminate\Database\Connection.php:838
C:\Users\USUARIO\Documents\Documentos Christian\Archivos Estudio\Sena\PROYECTO FORMATIVO\BackEnd\Conexion-EcoRisaralda\vendor\laravel\framework\src\Illuminate\Database\Connection.php:794
C:\Users\USUARIO\Documents\Documentos Christian\Archivos Estudio\Sena\PROYECTO FORMATIVO\BackEnd\Conexion-EcoRisaralda\vendor\laravel\framework\src\Illuminate\Database\Connection.php:573
C:\Users\USUARIO\Documents\Documentos Christian\Archivos Estudio\Sena\PROYECTO FORMATIVO\BackEnd\Conexion-EcoRisaralda\vendor\laravel\framework\src\Illuminate\Database\Connection.php:537
C:\Users\USUARIO\Documents\Documentos Christian\Archivos Estudio\Sena\PROYECTO FORMATIVO\BackEnd\Conexion-EcoRisaralda\vendor\laravel\framework\src\Illuminate\Database\Query\Processors\Processor.php:32
C:\Users\USUARIO\Documents\Documentos Christian\Archivos Estudio\Sena\PROYECTO FORMATIVO\BackEnd\Conexion-EcoRisaralda\vendor\laravel\framework\src\Illuminate\Database\Query\Builder.php:4054
C:\Users\USUARIO\Documents\Documentos Christian\Archivos Estudio\Sena\PROYECTO FORMATIVO\BackEnd\Conexion-EcoRisaralda\vendor\laravel\framework\src\Illuminate\Database\Eloquent\Builder.php:2235
C:\Users\USUARIO\Documents\Documentos Christian\Archivos Estudio\Sena\PROYECTO FORMATIVO\BackEnd\Conexion-EcoRisaralda\vendor\laravel\framework\src\Illuminate\Database\Eloquent\Model.php:1436
C:\Users\USUARIO\Documents\Documentos Christian\Archivos Estudio\Sena\PROYECTO FORMATIVO\BackEnd\Conexion-EcoRisaralda\vendor\laravel\framework\src\Illuminate\Database\Eloquent\Model.php:1401
C:\Users\USUARIO\Documents\Documentos Christian\Archivos Estudio\Sena\PROYECTO FORMATIVO\BackEnd\Conexion-EcoRisaralda\vendor\laravel\framework\src\Illuminate\Database\Eloquent\Model.php:1240
C:\Users\USUARIO\Documents\Documentos Christian\Archivos Estudio\Sena\PROYECTO FORMATIVO\BackEnd\Conexion-EcoRisaralda\vendor\laravel\framework\src\Illuminate\Database\Eloquent\Factories\Factory.php:370
C:\Users\USUARIO\Documents\Documentos Christian\Archivos Estudio\Sena\PROYECTO FORMATIVO\BackEnd\Conexion-EcoRisaralda\vendor\laravel\framework\src\Illuminate\Collections\Traits\EnumeratesValues.php:275
C:\Users\USUARIO\Documents\Documentos Christian\Archivos Estudio\Sena\PROYECTO FORMATIVO\BackEnd\Conexion-EcoRisaralda\vendor\laravel\framework\src\Illuminate\Database\Eloquent\Factories\Factory.php:365
C:\Users\USUARIO\Documents\Documentos Christian\Archivos Estudio\Sena\PROYECTO FORMATIVO\BackEnd\Conexion-EcoRisaralda\vendor\laravel\framework\src\Illuminate\Database\Eloquent\Factories\Factory.php:321
C:\Users\USUARIO\Documents\Documentos Christian\Archivos Estudio\Sena\PROYECTO FORMATIVO\BackEnd\Conexion-EcoRisaralda\tests\Unit\TuristicPlaceModelTest.php:55</error>
        </testcase>
        <testcase name="test_place_factory_creates_valid_place" file="C:\Users\USUARIO\Documents\Documentos Christian\Archivos Estudio\Sena\PROYECTO FORMATIVO\BackEnd\Conexion-EcoRisaralda\tests\Unit\TuristicPlaceModelTest.php" line="61" class="Tests\Unit\TuristicPlaceModelTest" classname="Tests.Unit.TuristicPlaceModelTest" assertions="0" time="0.057071">
          <error type="Illuminate\Database\QueryException">Tests\Unit\TuristicPlaceModelTest::test_place_factory_creates_valid_place&#13;
Illuminate\Database\QueryException: SQLSTATE[23000]: Integrity constraint violation: 19 NOT NULL constraint failed: users.country_id (Connection: sqlite, Database: :memory:, SQL: insert into "users" ("name", "last_name", "email", "email_verified_at", "password", "remember_token", "role", "status", "updated_at", "created_at") values (Lukas, Harber, jada.zboncak@example.org, 2026-03-25 04:18:50, $2y$04$EaN17TeHgkHuWBeOfDlUxeQfGzwFqvgMplS7NDDjTlYAICj0FxiGG, MAen60cgkz, operator, active, 2026-03-25 04:18:50, 2026-03-25 04:18:50))
&#13;
C:\Users\USUARIO\Documents\Documentos Christian\Archivos Estudio\Sena\PROYECTO FORMATIVO\BackEnd\Conexion-EcoRisaralda\vendor\laravel\framework\src\Illuminate\Database\Connection.php:838
C:\Users\USUARIO\Documents\Documentos Christian\Archivos Estudio\Sena\PROYECTO FORMATIVO\BackEnd\Conexion-EcoRisaralda\vendor\laravel\framework\src\Illuminate\Database\Connection.php:794
C:\Users\USUARIO\Documents\Documentos Christian\Archivos Estudio\Sena\PROYECTO FORMATIVO\BackEnd\Conexion-EcoRisaralda\vendor\laravel\framework\src\Illuminate\Database\Connection.php:573
C:\Users\USUARIO\Documents\Documentos Christian\Archivos Estudio\Sena\PROYECTO FORMATIVO\BackEnd\Conexion-EcoRisaralda\vendor\laravel\framework\src\Illuminate\Database\Connection.php:537
C:\Users\USUARIO\Documents\Documentos Christian\Archivos Estudio\Sena\PROYECTO FORMATIVO\BackEnd\Conexion-EcoRisaralda\vendor\laravel\framework\src\Illuminate\Database\Query\Processors\Processor.php:32
C:\Users\USUARIO\Documents\Documentos Christian\Archivos Estudio\Sena\PROYECTO FORMATIVO\BackEnd\Conexion-EcoRisaralda\vendor\laravel\framework\src\Illuminate\Database\Query\Builder.php:4054
C:\Users\USUARIO\Documents\Documentos Christian\Archivos Estudio\Sena\PROYECTO FORMATIVO\BackEnd\Conexion-EcoRisaralda\vendor\laravel\framework\src\Illuminate\Database\Eloquent\Builder.php:2235
C:\Users\USUARIO\Documents\Documentos Christian\Archivos Estudio\Sena\PROYECTO FORMATIVO\BackEnd\Conexion-EcoRisaralda\vendor\laravel\framework\src\Illuminate\Database\Eloquent\Model.php:1436
C:\Users\USUARIO\Documents\Documentos Christian\Archivos Estudio\Sena\PROYECTO FORMATIVO\BackEnd\Conexion-EcoRisaralda\vendor\laravel\framework\src\Illuminate\Database\Eloquent\Model.php:1401
C:\Users\USUARIO\Documents\Documentos Christian\Archivos Estudio\Sena\PROYECTO FORMATIVO\BackEnd\Conexion-EcoRisaralda\vendor\laravel\framework\src\Illuminate\Database\Eloquent\Model.php:1240
C:\Users\USUARIO\Documents\Documentos Christian\Archivos Estudio\Sena\PROYECTO FORMATIVO\BackEnd\Conexion-EcoRisaralda\vendor\laravel\framework\src\Illuminate\Database\Eloquent\Factories\Factory.php:370
C:\Users\USUARIO\Documents\Documentos Christian\Archivos Estudio\Sena\PROYECTO FORMATIVO\BackEnd\Conexion-EcoRisaralda\vendor\laravel\framework\src\Illuminate\Collections\Traits\EnumeratesValues.php:275
C:\Users\USUARIO\Documents\Documentos Christian\Archivos Estudio\Sena\PROYECTO FORMATIVO\BackEnd\Conexion-EcoRisaralda\vendor\laravel\framework\src\Illuminate\Database\Eloquent\Factories\Factory.php:365
C:\Users\USUARIO\Documents\Documentos Christian\Archivos Estudio\Sena\PROYECTO FORMATIVO\BackEnd\Conexion-EcoRisaralda\vendor\laravel\framework\src\Illuminate\Database\Eloquent\Factories\Factory.php:321
C:\Users\USUARIO\Documents\Documentos Christian\Archivos Estudio\Sena\PROYECTO FORMATIVO\BackEnd\Conexion-EcoRisaralda\tests\Unit\TuristicPlaceModelTest.php:63</error>
        </testcase>
      </testsuite>
    </testsuite>
    <testsuite name="Feature" tests="60" assertions="25" errors="45" failures="2" skipped="0" time="3.996914">
      <testsuite name="Tests\Feature\Auth\AuthenticationTest" file="C:\Users\USUARIO\Documents\Documentos Christian\Archivos Estudio\Sena\PROYECTO FORMATIVO\BackEnd\Conexion-EcoRisaralda\tests\Feature\Auth\AuthenticationTest.php" tests="5" assertions="4" errors="4" failures="0" skipped="0" time="0.454757">
        <testcase name="test_user_can_login_via_api" file="C:\Users\USUARIO\Documents\Documentos Christian\Archivos Estudio\Sena\PROYECTO FORMATIVO\BackEnd\Conexion-EcoRisaralda\tests\Feature\Auth\AuthenticationTest.php" line="13" class="Tests\Feature\Auth\AuthenticationTest" classname="Tests.Feature.Auth.AuthenticationTest" assertions="0" time="0.093737">
          <error type="Illuminate\Database\QueryException">Tests\Feature\Auth\AuthenticationTest::test_user_can_login_via_api&#13;
Illuminate\Database\QueryException: SQLSTATE[23000]: Integrity constraint violation: 19 NOT NULL constraint failed: users.country_id (Connection: sqlite, Database: :memory:, SQL: insert into "users" ("name", "last_name", "email", "email_verified_at", "password", "remember_token", "role", "status", "updated_at", "created_at") values (Mona, Little, test@example.com, 2026-03-25 04:18:50, $2y$04$EaN17TeHgkHuWBeOfDlUxeQfGzwFqvgMplS7NDDjTlYAICj0FxiGG, hRQIm93kR4, user, active, 2026-03-25 04:18:50, 2026-03-25 04:18:50))
&#13;
C:\Users\USUARIO\Documents\Documentos Christian\Archivos Estudio\Sena\PROYECTO FORMATIVO\BackEnd\Conexion-EcoRisaralda\vendor\laravel\framework\src\Illuminate\Database\Connection.php:838
C:\Users\USUARIO\Documents\Documentos Christian\Archivos Estudio\Sena\PROYECTO FORMATIVO\BackEnd\Conexion-EcoRisaralda\vendor\laravel\framework\src\Illuminate\Database\Connection.php:794
C:\Users\USUARIO\Documents\Documentos Christian\Archivos Estudio\Sena\PROYECTO FORMATIVO\BackEnd\Conexion-EcoRisaralda\vendor\laravel\framework\src\Illuminate\Database\Connection.php:573
C:\Users\USUARIO\Documents\Documentos Christian\Archivos Estudio\Sena\PROYECTO FORMATIVO\BackEnd\Conexion-EcoRisaralda\vendor\laravel\framework\src\Illuminate\Database\Connection.php:537
C:\Users\USUARIO\Documents\Documentos Christian\Archivos Estudio\Sena\PROYECTO FORMATIVO\BackEnd\Conexion-EcoRisaralda\vendor\laravel\framework\src\Illuminate\Database\Query\Processors\Processor.php:32
C:\Users\USUARIO\Documents\Documentos Christian\Archivos Estudio\Sena\PROYECTO FORMATIVO\BackEnd\Conexion-EcoRisaralda\vendor\laravel\framework\src\Illuminate\Database\Query\Builder.php:4054
C:\Users\USUARIO\Documents\Documentos Christian\Archivos Estudio\Sena\PROYECTO FORMATIVO\BackEnd\Conexion-EcoRisaralda\vendor\laravel\framework\src\Illuminate\Database\Eloquent\Builder.php:2235
C:\Users\USUARIO\Documents\Documentos Christian\Archivos Estudio\Sena\PROYECTO FORMATIVO\BackEnd\Conexion-EcoRisaralda\vendor\laravel\framework\src\Illuminate\Database\Eloquent\Model.php:1436
C:\Users\USUARIO\Documents\Documentos Christian\Archivos Estudio\Sena\PROYECTO FORMATIVO\BackEnd\Conexion-EcoRisaralda\vendor\laravel\framework\src\Illuminate\Database\Eloquent\Model.php:1401
C:\Users\USUARIO\Documents\Documentos Christian\Archivos Estudio\Sena\PROYECTO FORMATIVO\BackEnd\Conexion-EcoRisaralda\vendor\laravel\framework\src\Illuminate\Database\Eloquent\Model.php:1240
C:\Users\USUARIO\Documents\Documentos Christian\Archivos Estudio\Sena\PROYECTO FORMATIVO\BackEnd\Conexion-EcoRisaralda\vendor\laravel\framework\src\Illuminate\Database\Eloquent\Factories\Factory.php:370
C:\Users\USUARIO\Documents\Documentos Christian\Archivos Estudio\Sena\PROYECTO FORMATIVO\BackEnd\Conexion-EcoRisaralda\vendor\laravel\framework\src\Illuminate\Collections\Traits\EnumeratesValues.php:275
C:\Users\USUARIO\Documents\Documentos Christian\Archivos Estudio\Sena\PROYECTO FORMATIVO\BackEnd\Conexion-EcoRisaralda\vendor\laravel\framework\src\Illuminate\Database\Eloquent\Factories\Factory.php:365
C:\Users\USUARIO\Documents\Documentos Christian\Archivos Estudio\Sena\PROYECTO FORMATIVO\BackEnd\Conexion-EcoRisaralda\vendor\laravel\framework\src\Illuminate\Database\Eloquent\Factories\Factory.php:321
C:\Users\USUARIO\Documents\Documentos Christian\Archivos Estudio\Sena\PROYECTO FORMATIVO\BackEnd\Conexion-EcoRisaralda\vendor\laravel\framework\src\Illuminate\Database\Eloquent\Factories\Factory.php:315
C:\Users\USUARIO\Documents\Documentos Christian\Archivos Estudio\Sena\PROYECTO FORMATIVO\BackEnd\Conexion-EcoRisaralda\tests\Feature\Auth\AuthenticationTest.php:15</error>
        </testcase>
        <testcase name="test_user_cannot_login_with_invalid_password" file="C:\Users\USUARIO\Documents\Documentos Christian\Archivos Estudio\Sena\PROYECTO FORMATIVO\BackEnd\Conexion-EcoRisaralda\tests\Feature\Auth\AuthenticationTest.php" line="28" class="Tests\Feature\Auth\AuthenticationTest" classname="Tests.Feature.Auth.AuthenticationTest" assertions="0" time="0.091562">
          <error type="Illuminate\Database\QueryException">Tests\Feature\Auth\AuthenticationTest::test_user_cannot_login_with_invalid_password&#13;
Illuminate\Database\QueryException: SQLSTATE[23000]: Integrity constraint violation: 19 NOT NULL constraint failed: users.country_id (Connection: sqlite, Database: :memory:, SQL: insert into "users" ("name", "last_name", "email", "email_verified_at", "password", "remember_token", "role", "status", "updated_at", "created_at") values (Sadye, Herzog, test@example.com, 2026-03-25 04:18:50, $2y$04$EaN17TeHgkHuWBeOfDlUxeQfGzwFqvgMplS7NDDjTlYAICj0FxiGG, UbmmaVUW2e, user, active, 2026-03-25 04:18:50, 2026-03-25 04:18:50))
&#13;
C:\Users\USUARIO\Documents\Documentos Christian\Archivos Estudio\Sena\PROYECTO FORMATIVO\BackEnd\Conexion-EcoRisaralda\vendor\laravel\framework\src\Illuminate\Database\Connection.php:838
C:\Users\USUARIO\Documents\Documentos Christian\Archivos Estudio\Sena\PROYECTO FORMATIVO\BackEnd\Conexion-EcoRisaralda\vendor\laravel\framework\src\Illuminate\Database\Connection.php:794
C:\Users\USUARIO\Documents\Documentos Christian\Archivos Estudio\Sena\PROYECTO FORMATIVO\BackEnd\Conexion-EcoRisaralda\vendor\laravel\framework\src\Illuminate\Database\Connection.php:573
C:\Users\USUARIO\Documents\Documentos Christian\Archivos Estudio\Sena\PROYECTO FORMATIVO\BackEnd\Conexion-EcoRisaralda\vendor\laravel\framework\src\Illuminate\Database\Connection.php:537
C:\Users\USUARIO\Documents\Documentos Christian\Archivos Estudio\Sena\PROYECTO FORMATIVO\BackEnd\Conexion-EcoRisaralda\vendor\laravel\framework\src\Illuminate\Database\Query\Processors\Processor.php:32
C:\Users\USUARIO\Documents\Documentos Christian\Archivos Estudio\Sena\PROYECTO FORMATIVO\BackEnd\Conexion-EcoRisaralda\vendor\laravel\framework\src\Illuminate\Database\Query\Builder.php:4054
C:\Users\USUARIO\Documents\Documentos Christian\Archivos Estudio\Sena\PROYECTO FORMATIVO\BackEnd\Conexion-EcoRisaralda\vendor\laravel\framework\src\Illuminate\Database\Eloquent\Builder.php:2235
C:\Users\USUARIO\Documents\Documentos Christian\Archivos Estudio\Sena\PROYECTO FORMATIVO\BackEnd\Conexion-EcoRisaralda\vendor\laravel\framework\src\Illuminate\Database\Eloquent\Model.php:1436
C:\Users\USUARIO\Documents\Documentos Christian\Archivos Estudio\Sena\PROYECTO FORMATIVO\BackEnd\Conexion-EcoRisaralda\vendor\laravel\framework\src\Illuminate\Database\Eloquent\Model.php:1401
C:\Users\USUARIO\Documents\Documentos Christian\Archivos Estudio\Sena\PROYECTO FORMATIVO\BackEnd\Conexion-EcoRisaralda\vendor\laravel\framework\src\Illuminate\Database\Eloquent\Model.php:1240
C:\Users\USUARIO\Documents\Documentos Christian\Archivos Estudio\Sena\PROYECTO FORMATIVO\BackEnd\Conexion-EcoRisaralda\vendor\laravel\framework\src\Illuminate\Database\Eloquent\Factories\Factory.php:370
C:\Users\USUARIO\Documents\Documentos Christian\Archivos Estudio\Sena\PROYECTO FORMATIVO\BackEnd\Conexion-EcoRisaralda\vendor\laravel\framework\src\Illuminate\Collections\Traits\EnumeratesValues.php:275
C:\Users\USUARIO\Documents\Documentos Christian\Archivos Estudio\Sena\PROYECTO FORMATIVO\BackEnd\Conexion-EcoRisaralda\vendor\laravel\framework\src\Illuminate\Database\Eloquent\Factories\Factory.php:365
C:\Users\USUARIO\Documents\Documentos Christian\Archivos Estudio\Sena\PROYECTO FORMATIVO\BackEnd\Conexion-EcoRisaralda\vendor\laravel\framework\src\Illuminate\Database\Eloquent\Factories\Factory.php:321
C:\Users\USUARIO\Documents\Documentos Christian\Archivos Estudio\Sena\PROYECTO FORMATIVO\BackEnd\Conexion-EcoRisaralda\vendor\laravel\framework\src\Illuminate\Database\Eloquent\Factories\Factory.php:315
C:\Users\USUARIO\Documents\Documentos Christian\Archivos Estudio\Sena\PROYECTO FORMATIVO\BackEnd\Conexion-EcoRisaralda\tests\Feature\Auth\AuthenticationTest.php:30</error>
        </testcase>
        <testcase name="test_unverified_user_cannot_login" file="C:\Users\USUARIO\Documents\Documentos Christian\Archivos Estudio\Sena\PROYECTO FORMATIVO\BackEnd\Conexion-EcoRisaralda\tests\Feature\Auth\AuthenticationTest.php" line="43" class="Tests\Feature\Auth\AuthenticationTest" classname="Tests.Feature.Auth.AuthenticationTest" assertions="0" time="0.086431">
          <error type="Illuminate\Database\QueryException">Tests\Feature\Auth\AuthenticationTest::test_unverified_user_cannot_login&#13;
Illuminate\Database\QueryException: SQLSTATE[23000]: Integrity constraint violation: 19 NOT NULL constraint failed: users.country_id (Connection: sqlite, Database: :memory:, SQL: insert into "users" ("name", "last_name", "email", "email_verified_at", "password", "remember_token", "role", "status", "updated_at", "created_at") values (Laney, Schuster, unverified@example.com, ?, $2y$04$EaN17TeHgkHuWBeOfDlUxeQfGzwFqvgMplS7NDDjTlYAICj0FxiGG, dv6Ax52qvh, user, active, 2026-03-25 04:18:50, 2026-03-25 04:18:50))
&#13;
C:\Users\USUARIO\Documents\Documentos Christian\Archivos Estudio\Sena\PROYECTO FORMATIVO\BackEnd\Conexion-EcoRisaralda\vendor\laravel\framework\src\Illuminate\Database\Connection.php:838
C:\Users\USUARIO\Documents\Documentos Christian\Archivos Estudio\Sena\PROYECTO FORMATIVO\BackEnd\Conexion-EcoRisaralda\vendor\laravel\framework\src\Illuminate\Database\Connection.php:794
C:\Users\USUARIO\Documents\Documentos Christian\Archivos Estudio\Sena\PROYECTO FORMATIVO\BackEnd\Conexion-EcoRisaralda\vendor\laravel\framework\src\Illuminate\Database\Connection.php:573
C:\Users\USUARIO\Documents\Documentos Christian\Archivos Estudio\Sena\PROYECTO FORMATIVO\BackEnd\Conexion-EcoRisaralda\vendor\laravel\framework\src\Illuminate\Database\Connection.php:537
C:\Users\USUARIO\Documents\Documentos Christian\Archivos Estudio\Sena\PROYECTO FORMATIVO\BackEnd\Conexion-EcoRisaralda\vendor\laravel\framework\src\Illuminate\Database\Query\Processors\Processor.php:32
C:\Users\USUARIO\Documents\Documentos Christian\Archivos Estudio\Sena\PROYECTO FORMATIVO\BackEnd\Conexion-EcoRisaralda\vendor\laravel\framework\src\Illuminate\Database\Query\Builder.php:4054
C:\Users\USUARIO\Documents\Documentos Christian\Archivos Estudio\Sena\PROYECTO FORMATIVO\BackEnd\Conexion-EcoRisaralda\vendor\laravel\framework\src\Illuminate\Database\Eloquent\Builder.php:2235
C:\Users\USUARIO\Documents\Documentos Christian\Archivos Estudio\Sena\PROYECTO FORMATIVO\BackEnd\Conexion-EcoRisaralda\vendor\laravel\framework\src\Illuminate\Database\Eloquent\Model.php:1436
C:\Users\USUARIO\Documents\Documentos Christian\Archivos Estudio\Sena\PROYECTO FORMATIVO\BackEnd\Conexion-EcoRisaralda\vendor\laravel\framework\src\Illuminate\Database\Eloquent\Model.php:1401
C:\Users\USUARIO\Documents\Documentos Christian\Archivos Estudio\Sena\PROYECTO FORMATIVO\BackEnd\Conexion-EcoRisaralda\vendor\laravel\framework\src\Illuminate\Database\Eloquent\Model.php:1240
C:\Users\USUARIO\Documents\Documentos Christian\Archivos Estudio\Sena\PROYECTO FORMATIVO\BackEnd\Conexion-EcoRisaralda\vendor\laravel\framework\src\Illuminate\Database\Eloquent\Factories\Factory.php:370
C:\Users\USUARIO\Documents\Documentos Christian\Archivos Estudio\Sena\PROYECTO FORMATIVO\BackEnd\Conexion-EcoRisaralda\vendor\laravel\framework\src\Illuminate\Collections\Traits\EnumeratesValues.php:275
C:\Users\USUARIO\Documents\Documentos Christian\Archivos Estudio\Sena\PROYECTO FORMATIVO\BackEnd\Conexion-EcoRisaralda\vendor\laravel\framework\src\Illuminate\Database\Eloquent\Factories\Factory.php:365
C:\Users\USUARIO\Documents\Documentos Christian\Archivos Estudio\Sena\PROYECTO FORMATIVO\BackEnd\Conexion-EcoRisaralda\vendor\laravel\framework\src\Illuminate\Database\Eloquent\Factories\Factory.php:321
C:\Users\USUARIO\Documents\Documentos Christian\Archivos Estudio\Sena\PROYECTO FORMATIVO\BackEnd\Conexion-EcoRisaralda\vendor\laravel\framework\src\Illuminate\Database\Eloquent\Factories\Factory.php:315
C:\Users\USUARIO\Documents\Documentos Christian\Archivos Estudio\Sena\PROYECTO FORMATIVO\BackEnd\Conexion-EcoRisaralda\tests\Feature\Auth\AuthenticationTest.php:45</error>
        </testcase>
        <testcase name="test_authenticated_user_can_logout" file="C:\Users\USUARIO\Documents\Documentos Christian\Archivos Estudio\Sena\PROYECTO FORMATIVO\BackEnd\Conexion-EcoRisaralda\tests\Feature\Auth\AuthenticationTest.php" line="57" class="Tests\Feature\Auth\AuthenticationTest" classname="Tests.Feature.Auth.AuthenticationTest" assertions="0" time="0.076874">
          <error type="Illuminate\Database\QueryException">Tests\Feature\Auth\AuthenticationTest::test_authenticated_user_can_logout&#13;
Illuminate\Database\QueryException: SQLSTATE[23000]: Integrity constraint violation: 19 NOT NULL constraint failed: users.country_id (Connection: sqlite, Database: :memory:, SQL: insert into "users" ("name", "last_name", "email", "email_verified_at", "password", "remember_token", "role", "status", "updated_at", "created_at") values (Baylee, Upton, frankie.dubuque@example.net, 2026-03-25 04:18:51, $2y$04$EaN17TeHgkHuWBeOfDlUxeQfGzwFqvgMplS7NDDjTlYAICj0FxiGG, nFKaDywzYs, user, active, 2026-03-25 04:18:51, 2026-03-25 04:18:51))
&#13;
C:\Users\USUARIO\Documents\Documentos Christian\Archivos Estudio\Sena\PROYECTO FORMATIVO\BackEnd\Conexion-EcoRisaralda\vendor\laravel\framework\src\Illuminate\Database\Connection.php:838
C:\Users\USUARIO\Documents\Documentos Christian\Archivos Estudio\Sena\PROYECTO FORMATIVO\BackEnd\Conexion-EcoRisaralda\vendor\laravel\framework\src\Illuminate\Database\Connection.php:794
C:\Users\USUARIO\Documents\Documentos Christian\Archivos Estudio\Sena\PROYECTO FORMATIVO\BackEnd\Conexion-EcoRisaralda\vendor\laravel\framework\src\Illuminate\Database\Connection.php:573
C:\Users\USUARIO\Documents\Documentos Christian\Archivos Estudio\Sena\PROYECTO FORMATIVO\BackEnd\Conexion-EcoRisaralda\vendor\laravel\framework\src\Illuminate\Database\Connection.php:537
C:\Users\USUARIO\Documents\Documentos Christian\Archivos Estudio\Sena\PROYECTO FORMATIVO\BackEnd\Conexion-EcoRisaralda\vendor\laravel\framework\src\Illuminate\Database\Query\Processors\Processor.php:32
C:\Users\USUARIO\Documents\Documentos Christian\Archivos Estudio\Sena\PROYECTO FORMATIVO\BackEnd\Conexion-EcoRisaralda\vendor\laravel\framework\src\Illuminate\Database\Query\Builder.php:4054
C:\Users\USUARIO\Documents\Documentos Christian\Archivos Estudio\Sena\PROYECTO FORMATIVO\BackEnd\Conexion-EcoRisaralda\vendor\laravel\framework\src\Illuminate\Database\Eloquent\Builder.php:2235
C:\Users\USUARIO\Documents\Documentos Christian\Archivos Estudio\Sena\PROYECTO FORMATIVO\BackEnd\Conexion-EcoRisaralda\vendor\laravel\framework\src\Illuminate\Database\Eloquent\Model.php:1436
C:\Users\USUARIO\Documents\Documentos Christian\Archivos Estudio\Sena\PROYECTO FORMATIVO\BackEnd\Conexion-EcoRisaralda\vendor\laravel\framework\src\Illuminate\Database\Eloquent\Model.php:1401
C:\Users\USUARIO\Documents\Documentos Christian\Archivos Estudio\Sena\PROYECTO FORMATIVO\BackEnd\Conexion-EcoRisaralda\vendor\laravel\framework\src\Illuminate\Database\Eloquent\Model.php:1240
C:\Users\USUARIO\Documents\Documentos Christian\Archivos Estudio\Sena\PROYECTO FORMATIVO\BackEnd\Conexion-EcoRisaralda\vendor\laravel\framework\src\Illuminate\Database\Eloquent\Factories\Factory.php:370
C:\Users\USUARIO\Documents\Documentos Christian\Archivos Estudio\Sena\PROYECTO FORMATIVO\BackEnd\Conexion-EcoRisaralda\vendor\laravel\framework\src\Illuminate\Collections\Traits\EnumeratesValues.php:275
C:\Users\USUARIO\Documents\Documentos Christian\Archivos Estudio\Sena\PROYECTO FORMATIVO\BackEnd\Conexion-EcoRisaralda\vendor\laravel\framework\src\Illuminate\Database\Eloquent\Factories\Factory.php:365
C:\Users\USUARIO\Documents\Documentos Christian\Archivos Estudio\Sena\PROYECTO FORMATIVO\BackEnd\Conexion-EcoRisaralda\vendor\laravel\framework\src\Illuminate\Database\Eloquent\Factories\Factory.php:321
C:\Users\USUARIO\Documents\Documentos Christian\Archivos Estudio\Sena\PROYECTO FORMATIVO\BackEnd\Conexion-EcoRisaralda\tests\Feature\Auth\AuthenticationTest.php:59</error>
        </testcase>
        <testcase name="test_login_requires_email_and_password" file="C:\Users\USUARIO\Documents\Documentos Christian\Archivos Estudio\Sena\PROYECTO FORMATIVO\BackEnd\Conexion-EcoRisaralda\tests\Feature\Auth\AuthenticationTest.php" line="73" class="Tests\Feature\Auth\AuthenticationTest" classname="Tests.Feature.Auth.AuthenticationTest" assertions="4" time="0.106152"/>
      </testsuite>
      <testsuite name="Tests\Feature\Auth\EmailVerificationTest" file="C:\Users\USUARIO\Documents\Documentos Christian\Archivos Estudio\Sena\PROYECTO FORMATIVO\BackEnd\Conexion-EcoRisaralda\tests\Feature\Auth\EmailVerificationTest.php" tests="3" assertions="2" errors="2" failures="0" skipped="0" time="0.197561">
        <testcase name="test_verification_email_can_be_resent" file="C:\Users\USUARIO\Documents\Documentos Christian\Archivos Estudio\Sena\PROYECTO FORMATIVO\BackEnd\Conexion-EcoRisaralda\tests\Feature\Auth\EmailVerificationTest.php" line="13" class="Tests\Feature\Auth\EmailVerificationTest" classname="Tests.Feature.Auth.EmailVerificationTest" assertions="0" time="0.062190">
          <error type="Illuminate\Database\QueryException">Tests\Feature\Auth\EmailVerificationTest::test_verification_email_can_be_resent&#13;
Illuminate\Database\QueryException: SQLSTATE[23000]: Integrity constraint violation: 19 NOT NULL constraint failed: users.country_id (Connection: sqlite, Database: :memory:, SQL: insert into "users" ("name", "last_name", "email", "email_verified_at", "password", "remember_token", "role", "status", "updated_at", "created_at") values (Dejon, Hermann, unverified@example.com, ?, $2y$04$EaN17TeHgkHuWBeOfDlUxeQfGzwFqvgMplS7NDDjTlYAICj0FxiGG, PmvINfkNST, user, active, 2026-03-25 04:18:51, 2026-03-25 04:18:51))
&#13;
C:\Users\USUARIO\Documents\Documentos Christian\Archivos Estudio\Sena\PROYECTO FORMATIVO\BackEnd\Conexion-EcoRisaralda\vendor\laravel\framework\src\Illuminate\Database\Connection.php:838
C:\Users\USUARIO\Documents\Documentos Christian\Archivos Estudio\Sena\PROYECTO FORMATIVO\BackEnd\Conexion-EcoRisaralda\vendor\laravel\framework\src\Illuminate\Database\Connection.php:794
C:\Users\USUARIO\Documents\Documentos Christian\Archivos Estudio\Sena\PROYECTO FORMATIVO\BackEnd\Conexion-EcoRisaralda\vendor\laravel\framework\src\Illuminate\Database\Connection.php:573
C:\Users\USUARIO\Documents\Documentos Christian\Archivos Estudio\Sena\PROYECTO FORMATIVO\BackEnd\Conexion-EcoRisaralda\vendor\laravel\framework\src\Illuminate\Database\Connection.php:537
C:\Users\USUARIO\Documents\Documentos Christian\Archivos Estudio\Sena\PROYECTO FORMATIVO\BackEnd\Conexion-EcoRisaralda\vendor\laravel\framework\src\Illuminate\Database\Query\Processors\Processor.php:32
C:\Users\USUARIO\Documents\Documentos Christian\Archivos Estudio\Sena\PROYECTO FORMATIVO\BackEnd\Conexion-EcoRisaralda\vendor\laravel\framework\src\Illuminate\Database\Query\Builder.php:4054
C:\Users\USUARIO\Documents\Documentos Christian\Archivos Estudio\Sena\PROYECTO FORMATIVO\BackEnd\Conexion-EcoRisaralda\vendor\laravel\framework\src\Illuminate\Database\Eloquent\Builder.php:2235
C:\Users\USUARIO\Documents\Documentos Christian\Archivos Estudio\Sena\PROYECTO FORMATIVO\BackEnd\Conexion-EcoRisaralda\vendor\laravel\framework\src\Illuminate\Database\Eloquent\Model.php:1436
C:\Users\USUARIO\Documents\Documentos Christian\Archivos Estudio\Sena\PROYECTO FORMATIVO\BackEnd\Conexion-EcoRisaralda\vendor\laravel\framework\src\Illuminate\Database\Eloquent\Model.php:1401
C:\Users\USUARIO\Documents\Documentos Christian\Archivos Estudio\Sena\PROYECTO FORMATIVO\BackEnd\Conexion-EcoRisaralda\vendor\laravel\framework\src\Illuminate\Database\Eloquent\Model.php:1240
C:\Users\USUARIO\Documents\Documentos Christian\Archivos Estudio\Sena\PROYECTO FORMATIVO\BackEnd\Conexion-EcoRisaralda\vendor\laravel\framework\src\Illuminate\Database\Eloquent\Factories\Factory.php:370
C:\Users\USUARIO\Documents\Documentos Christian\Archivos Estudio\Sena\PROYECTO FORMATIVO\BackEnd\Conexion-EcoRisaralda\vendor\laravel\framework\src\Illuminate\Collections\Traits\EnumeratesValues.php:275
C:\Users\USUARIO\Documents\Documentos Christian\Archivos Estudio\Sena\PROYECTO FORMATIVO\BackEnd\Conexion-EcoRisaralda\vendor\laravel\framework\src\Illuminate\Database\Eloquent\Factories\Factory.php:365
C:\Users\USUARIO\Documents\Documentos Christian\Archivos Estudio\Sena\PROYECTO FORMATIVO\BackEnd\Conexion-EcoRisaralda\vendor\laravel\framework\src\Illuminate\Database\Eloquent\Factories\Factory.php:321
C:\Users\USUARIO\Documents\Documentos Christian\Archivos Estudio\Sena\PROYECTO FORMATIVO\BackEnd\Conexion-EcoRisaralda\vendor\laravel\framework\src\Illuminate\Database\Eloquent\Factories\Factory.php:315
C:\Users\USUARIO\Documents\Documentos Christian\Archivos Estudio\Sena\PROYECTO FORMATIVO\BackEnd\Conexion-EcoRisaralda\tests\Feature\Auth\EmailVerificationTest.php:15</error>
        </testcase>
        <testcase name="test_verified_user_gets_already_verified_message" file="C:\Users\USUARIO\Documents\Documentos Christian\Archivos Estudio\Sena\PROYECTO FORMATIVO\BackEnd\Conexion-EcoRisaralda\tests\Feature\Auth\EmailVerificationTest.php" line="27" class="Tests\Feature\Auth\EmailVerificationTest" classname="Tests.Feature.Auth.EmailVerificationTest" assertions="0" time="0.052981">
          <error type="Illuminate\Database\QueryException">Tests\Feature\Auth\EmailVerificationTest::test_verified_user_gets_already_verified_message&#13;
Illuminate\Database\QueryException: SQLSTATE[23000]: Integrity constraint violation: 19 NOT NULL constraint failed: users.country_id (Connection: sqlite, Database: :memory:, SQL: insert into "users" ("name", "last_name", "email", "email_verified_at", "password", "remember_token", "role", "status", "updated_at", "created_at") values (Jimmie, Auer, verified@example.com, 2026-03-25 04:18:51, $2y$04$EaN17TeHgkHuWBeOfDlUxeQfGzwFqvgMplS7NDDjTlYAICj0FxiGG, 7svgtAC2ps, user, active, 2026-03-25 04:18:51, 2026-03-25 04:18:51))
&#13;
C:\Users\USUARIO\Documents\Documentos Christian\Archivos Estudio\Sena\PROYECTO FORMATIVO\BackEnd\Conexion-EcoRisaralda\vendor\laravel\framework\src\Illuminate\Database\Connection.php:838
C:\Users\USUARIO\Documents\Documentos Christian\Archivos Estudio\Sena\PROYECTO FORMATIVO\BackEnd\Conexion-EcoRisaralda\vendor\laravel\framework\src\Illuminate\Database\Connection.php:794
C:\Users\USUARIO\Documents\Documentos Christian\Archivos Estudio\Sena\PROYECTO FORMATIVO\BackEnd\Conexion-EcoRisaralda\vendor\laravel\framework\src\Illuminate\Database\Connection.php:573
C:\Users\USUARIO\Documents\Documentos Christian\Archivos Estudio\Sena\PROYECTO FORMATIVO\BackEnd\Conexion-EcoRisaralda\vendor\laravel\framework\src\Illuminate\Database\Connection.php:537
C:\Users\USUARIO\Documents\Documentos Christian\Archivos Estudio\Sena\PROYECTO FORMATIVO\BackEnd\Conexion-EcoRisaralda\vendor\laravel\framework\src\Illuminate\Database\Query\Processors\Processor.php:32
C:\Users\USUARIO\Documents\Documentos Christian\Archivos Estudio\Sena\PROYECTO FORMATIVO\BackEnd\Conexion-EcoRisaralda\vendor\laravel\framework\src\Illuminate\Database\Query\Builder.php:4054
C:\Users\USUARIO\Documents\Documentos Christian\Archivos Estudio\Sena\PROYECTO FORMATIVO\BackEnd\Conexion-EcoRisaralda\vendor\laravel\framework\src\Illuminate\Database\Eloquent\Builder.php:2235
C:\Users\USUARIO\Documents\Documentos Christian\Archivos Estudio\Sena\PROYECTO FORMATIVO\BackEnd\Conexion-EcoRisaralda\vendor\laravel\framework\src\Illuminate\Database\Eloquent\Model.php:1436
C:\Users\USUARIO\Documents\Documentos Christian\Archivos Estudio\Sena\PROYECTO FORMATIVO\BackEnd\Conexion-EcoRisaralda\vendor\laravel\framework\src\Illuminate\Database\Eloquent\Model.php:1401
C:\Users\USUARIO\Documents\Documentos Christian\Archivos Estudio\Sena\PROYECTO FORMATIVO\BackEnd\Conexion-EcoRisaralda\vendor\laravel\framework\src\Illuminate\Database\Eloquent\Model.php:1240
C:\Users\USUARIO\Documents\Documentos Christian\Archivos Estudio\Sena\PROYECTO FORMATIVO\BackEnd\Conexion-EcoRisaralda\vendor\laravel\framework\src\Illuminate\Database\Eloquent\Factories\Factory.php:370
C:\Users\USUARIO\Documents\Documentos Christian\Archivos Estudio\Sena\PROYECTO FORMATIVO\BackEnd\Conexion-EcoRisaralda\vendor\laravel\framework\src\Illuminate\Collections\Traits\EnumeratesValues.php:275
C:\Users\USUARIO\Documents\Documentos Christian\Archivos Estudio\Sena\PROYECTO FORMATIVO\BackEnd\Conexion-EcoRisaralda\vendor\laravel\framework\src\Illuminate\Database\Eloquent\Factories\Factory.php:365
C:\Users\USUARIO\Documents\Documentos Christian\Archivos Estudio\Sena\PROYECTO FORMATIVO\BackEnd\Conexion-EcoRisaralda\vendor\laravel\framework\src\Illuminate\Database\Eloquent\Factories\Factory.php:321
C:\Users\USUARIO\Documents\Documentos Christian\Archivos Estudio\Sena\PROYECTO FORMATIVO\BackEnd\Conexion-EcoRisaralda\vendor\laravel\framework\src\Illuminate\Database\Eloquent\Factories\Factory.php:315
C:\Users\USUARIO\Documents\Documentos Christian\Archivos Estudio\Sena\PROYECTO FORMATIVO\BackEnd\Conexion-EcoRisaralda\tests\Feature\Auth\EmailVerificationTest.php:29</error>
        </testcase>
        <testcase name="test_nonexistent_email_returns_generic_success" file="C:\Users\USUARIO\Documents\Documentos Christian\Archivos Estudio\Sena\PROYECTO FORMATIVO\BackEnd\Conexion-EcoRisaralda\tests\Feature\Auth\EmailVerificationTest.php" line="41" class="Tests\Feature\Auth\EmailVerificationTest" classname="Tests.Feature.Auth.EmailVerificationTest" assertions="2" time="0.082390"/>
      </testsuite>
      <testsuite name="Tests\Feature\Auth\PasswordResetTest" file="C:\Users\USUARIO\Documents\Documentos Christian\Archivos Estudio\Sena\PROYECTO FORMATIVO\BackEnd\Conexion-EcoRisaralda\tests\Feature\Auth\PasswordResetTest.php" tests="4" assertions="1" errors="3" failures="0" skipped="0" time="0.494702">
        <testcase name="test_password_reset_link_can_be_requested" file="C:\Users\USUARIO\Documents\Documentos Christian\Archivos Estudio\Sena\PROYECTO FORMATIVO\BackEnd\Conexion-EcoRisaralda\tests\Feature\Auth\PasswordResetTest.php" line="14" class="Tests\Feature\Auth\PasswordResetTest" classname="Tests.Feature.Auth.PasswordResetTest" assertions="0" time="0.107792">
          <error type="Illuminate\Database\QueryException">Tests\Feature\Auth\PasswordResetTest::test_password_reset_link_can_be_requested&#13;
Illuminate\Database\QueryException: SQLSTATE[23000]: Integrity constraint violation: 19 NOT NULL constraint failed: users.country_id (Connection: sqlite, Database: :memory:, SQL: insert into "users" ("name", "last_name", "email", "email_verified_at", "password", "remember_token", "role", "status", "updated_at", "created_at") values (Loren, Conroy, test@example.com, 2026-03-25 04:18:51, $2y$04$EaN17TeHgkHuWBeOfDlUxeQfGzwFqvgMplS7NDDjTlYAICj0FxiGG, KUEF2Jlxpx, user, active, 2026-03-25 04:18:51, 2026-03-25 04:18:51))
&#13;
C:\Users\USUARIO\Documents\Documentos Christian\Archivos Estudio\Sena\PROYECTO FORMATIVO\BackEnd\Conexion-EcoRisaralda\vendor\laravel\framework\src\Illuminate\Database\Connection.php:838
C:\Users\USUARIO\Documents\Documentos Christian\Archivos Estudio\Sena\PROYECTO FORMATIVO\BackEnd\Conexion-EcoRisaralda\vendor\laravel\framework\src\Illuminate\Database\Connection.php:794
C:\Users\USUARIO\Documents\Documentos Christian\Archivos Estudio\Sena\PROYECTO FORMATIVO\BackEnd\Conexion-EcoRisaralda\vendor\laravel\framework\src\Illuminate\Database\Connection.php:573
C:\Users\USUARIO\Documents\Documentos Christian\Archivos Estudio\Sena\PROYECTO FORMATIVO\BackEnd\Conexion-EcoRisaralda\vendor\laravel\framework\src\Illuminate\Database\Connection.php:537
C:\Users\USUARIO\Documents\Documentos Christian\Archivos Estudio\Sena\PROYECTO FORMATIVO\BackEnd\Conexion-EcoRisaralda\vendor\laravel\framework\src\Illuminate\Database\Query\Processors\Processor.php:32
C:\Users\USUARIO\Documents\Documentos Christian\Archivos Estudio\Sena\PROYECTO FORMATIVO\BackEnd\Conexion-EcoRisaralda\vendor\laravel\framework\src\Illuminate\Database\Query\Builder.php:4054
C:\Users\USUARIO\Documents\Documentos Christian\Archivos Estudio\Sena\PROYECTO FORMATIVO\BackEnd\Conexion-EcoRisaralda\vendor\laravel\framework\src\Illuminate\Database\Eloquent\Builder.php:2235
C:\Users\USUARIO\Documents\Documentos Christian\Archivos Estudio\Sena\PROYECTO FORMATIVO\BackEnd\Conexion-EcoRisaralda\vendor\laravel\framework\src\Illuminate\Database\Eloquent\Model.php:1436
C:\Users\USUARIO\Documents\Documentos Christian\Archivos Estudio\Sena\PROYECTO FORMATIVO\BackEnd\Conexion-EcoRisaralda\vendor\laravel\framework\src\Illuminate\Database\Eloquent\Model.php:1401
C:\Users\USUARIO\Documents\Documentos Christian\Archivos Estudio\Sena\PROYECTO FORMATIVO\BackEnd\Conexion-EcoRisaralda\vendor\laravel\framework\src\Illuminate\Database\Eloquent\Model.php:1240
C:\Users\USUARIO\Documents\Documentos Christian\Archivos Estudio\Sena\PROYECTO FORMATIVO\BackEnd\Conexion-EcoRisaralda\vendor\laravel\framework\src\Illuminate\Database\Eloquent\Factories\Factory.php:370
C:\Users\USUARIO\Documents\Documentos Christian\Archivos Estudio\Sena\PROYECTO FORMATIVO\BackEnd\Conexion-EcoRisaralda\vendor\laravel\framework\src\Illuminate\Collections\Traits\EnumeratesValues.php:275
C:\Users\USUARIO\Documents\Documentos Christian\Archivos Estudio\Sena\PROYECTO FORMATIVO\BackEnd\Conexion-EcoRisaralda\vendor\laravel\framework\src\Illuminate\Database\Eloquent\Factories\Factory.php:365
C:\Users\USUARIO\Documents\Documentos Christian\Archivos Estudio\Sena\PROYECTO FORMATIVO\BackEnd\Conexion-EcoRisaralda\vendor\laravel\framework\src\Illuminate\Database\Eloquent\Factories\Factory.php:321
C:\Users\USUARIO\Documents\Documentos Christian\Archivos Estudio\Sena\PROYECTO FORMATIVO\BackEnd\Conexion-EcoRisaralda\vendor\laravel\framework\src\Illuminate\Database\Eloquent\Factories\Factory.php:315
C:\Users\USUARIO\Documents\Documentos Christian\Archivos Estudio\Sena\PROYECTO FORMATIVO\BackEnd\Conexion-EcoRisaralda\tests\Feature\Auth\PasswordResetTest.php:16</error>
        </testcase>
        <testcase name="test_password_reset_fails_for_nonexistent_email" file="C:\Users\USUARIO\Documents\Documentos Christian\Archivos Estudio\Sena\PROYECTO FORMATIVO\BackEnd\Conexion-EcoRisaralda\tests\Feature\Auth\PasswordResetTest.php" line="26" class="Tests\Feature\Auth\PasswordResetTest" classname="Tests.Feature.Auth.PasswordResetTest" assertions="1" time="0.277340"/>
        <testcase name="test_password_can_be_reset_with_valid_token" file="C:\Users\USUARIO\Documents\Documentos Christian\Archivos Estudio\Sena\PROYECTO FORMATIVO\BackEnd\Conexion-EcoRisaralda\tests\Feature\Auth\PasswordResetTest.php" line="35" class="Tests\Feature\Auth\PasswordResetTest" classname="Tests.Feature.Auth.PasswordResetTest" assertions="0" time="0.051348">
          <error type="Illuminate\Database\QueryException">Tests\Feature\Auth\PasswordResetTest::test_password_can_be_reset_with_valid_token&#13;
Illuminate\Database\QueryException: SQLSTATE[23000]: Integrity constraint violation: 19 NOT NULL constraint failed: users.country_id (Connection: sqlite, Database: :memory:, SQL: insert into "users" ("name", "last_name", "email", "email_verified_at", "password", "remember_token", "role", "status", "updated_at", "created_at") values (Damon, Johnson, reset@example.com, 2026-03-25 04:18:51, $2y$04$EaN17TeHgkHuWBeOfDlUxeQfGzwFqvgMplS7NDDjTlYAICj0FxiGG, qo8WM90v29, user, active, 2026-03-25 04:18:51, 2026-03-25 04:18:51))
&#13;
C:\Users\USUARIO\Documents\Documentos Christian\Archivos Estudio\Sena\PROYECTO FORMATIVO\BackEnd\Conexion-EcoRisaralda\vendor\laravel\framework\src\Illuminate\Database\Connection.php:838
C:\Users\USUARIO\Documents\Documentos Christian\Archivos Estudio\Sena\PROYECTO FORMATIVO\BackEnd\Conexion-EcoRisaralda\vendor\laravel\framework\src\Illuminate\Database\Connection.php:794
C:\Users\USUARIO\Documents\Documentos Christian\Archivos Estudio\Sena\PROYECTO FORMATIVO\BackEnd\Conexion-EcoRisaralda\vendor\laravel\framework\src\Illuminate\Database\Connection.php:573
C:\Users\USUARIO\Documents\Documentos Christian\Archivos Estudio\Sena\PROYECTO FORMATIVO\BackEnd\Conexion-EcoRisaralda\vendor\laravel\framework\src\Illuminate\Database\Connection.php:537
C:\Users\USUARIO\Documents\Documentos Christian\Archivos Estudio\Sena\PROYECTO FORMATIVO\BackEnd\Conexion-EcoRisaralda\vendor\laravel\framework\src\Illuminate\Database\Query\Processors\Processor.php:32
C:\Users\USUARIO\Documents\Documentos Christian\Archivos Estudio\Sena\PROYECTO FORMATIVO\BackEnd\Conexion-EcoRisaralda\vendor\laravel\framework\src\Illuminate\Database\Query\Builder.php:4054
C:\Users\USUARIO\Documents\Documentos Christian\Archivos Estudio\Sena\PROYECTO FORMATIVO\BackEnd\Conexion-EcoRisaralda\vendor\laravel\framework\src\Illuminate\Database\Eloquent\Builder.php:2235
C:\Users\USUARIO\Documents\Documentos Christian\Archivos Estudio\Sena\PROYECTO FORMATIVO\BackEnd\Conexion-EcoRisaralda\vendor\laravel\framework\src\Illuminate\Database\Eloquent\Model.php:1436
C:\Users\USUARIO\Documents\Documentos Christian\Archivos Estudio\Sena\PROYECTO FORMATIVO\BackEnd\Conexion-EcoRisaralda\vendor\laravel\framework\src\Illuminate\Database\Eloquent\Model.php:1401
C:\Users\USUARIO\Documents\Documentos Christian\Archivos Estudio\Sena\PROYECTO FORMATIVO\BackEnd\Conexion-EcoRisaralda\vendor\laravel\framework\src\Illuminate\Database\Eloquent\Model.php:1240
C:\Users\USUARIO\Documents\Documentos Christian\Archivos Estudio\Sena\PROYECTO FORMATIVO\BackEnd\Conexion-EcoRisaralda\vendor\laravel\framework\src\Illuminate\Database\Eloquent\Factories\Factory.php:370
C:\Users\USUARIO\Documents\Documentos Christian\Archivos Estudio\Sena\PROYECTO FORMATIVO\BackEnd\Conexion-EcoRisaralda\vendor\laravel\framework\src\Illuminate\Collections\Traits\EnumeratesValues.php:275
C:\Users\USUARIO\Documents\Documentos Christian\Archivos Estudio\Sena\PROYECTO FORMATIVO\BackEnd\Conexion-EcoRisaralda\vendor\laravel\framework\src\Illuminate\Database\Eloquent\Factories\Factory.php:365
C:\Users\USUARIO\Documents\Documentos Christian\Archivos Estudio\Sena\PROYECTO FORMATIVO\BackEnd\Conexion-EcoRisaralda\vendor\laravel\framework\src\Illuminate\Database\Eloquent\Factories\Factory.php:321
C:\Users\USUARIO\Documents\Documentos Christian\Archivos Estudio\Sena\PROYECTO FORMATIVO\BackEnd\Conexion-EcoRisaralda\vendor\laravel\framework\src\Illuminate\Database\Eloquent\Factories\Factory.php:315
C:\Users\USUARIO\Documents\Documentos Christian\Archivos Estudio\Sena\PROYECTO FORMATIVO\BackEnd\Conexion-EcoRisaralda\tests\Feature\Auth\PasswordResetTest.php:37</error>
        </testcase>
        <testcase name="test_password_reset_fails_with_invalid_token" file="C:\Users\USUARIO\Documents\Documentos Christian\Archivos Estudio\Sena\PROYECTO FORMATIVO\BackEnd\Conexion-EcoRisaralda\tests\Feature\Auth\PasswordResetTest.php" line="51" class="Tests\Feature\Auth\PasswordResetTest" classname="Tests.Feature.Auth.PasswordResetTest" assertions="0" time="0.058222">
          <error type="Illuminate\Database\QueryException">Tests\Feature\Auth\PasswordResetTest::test_password_reset_fails_with_invalid_token&#13;
Illuminate\Database\QueryException: SQLSTATE[23000]: Integrity constraint violation: 19 NOT NULL constraint failed: users.country_id (Connection: sqlite, Database: :memory:, SQL: insert into "users" ("name", "last_name", "email", "email_verified_at", "password", "remember_token", "role", "status", "updated_at", "created_at") values (Fabian, Thiel, reset@example.com, 2026-03-25 04:18:51, $2y$04$EaN17TeHgkHuWBeOfDlUxeQfGzwFqvgMplS7NDDjTlYAICj0FxiGG, oG99i5GQmC, user, active, 2026-03-25 04:18:51, 2026-03-25 04:18:51))
&#13;
C:\Users\USUARIO\Documents\Documentos Christian\Archivos Estudio\Sena\PROYECTO FORMATIVO\BackEnd\Conexion-EcoRisaralda\vendor\laravel\framework\src\Illuminate\Database\Connection.php:838
C:\Users\USUARIO\Documents\Documentos Christian\Archivos Estudio\Sena\PROYECTO FORMATIVO\BackEnd\Conexion-EcoRisaralda\vendor\laravel\framework\src\Illuminate\Database\Connection.php:794
C:\Users\USUARIO\Documents\Documentos Christian\Archivos Estudio\Sena\PROYECTO FORMATIVO\BackEnd\Conexion-EcoRisaralda\vendor\laravel\framework\src\Illuminate\Database\Connection.php:573
C:\Users\USUARIO\Documents\Documentos Christian\Archivos Estudio\Sena\PROYECTO FORMATIVO\BackEnd\Conexion-EcoRisaralda\vendor\laravel\framework\src\Illuminate\Database\Connection.php:537
C:\Users\USUARIO\Documents\Documentos Christian\Archivos Estudio\Sena\PROYECTO FORMATIVO\BackEnd\Conexion-EcoRisaralda\vendor\laravel\framework\src\Illuminate\Database\Query\Processors\Processor.php:32
C:\Users\USUARIO\Documents\Documentos Christian\Archivos Estudio\Sena\PROYECTO FORMATIVO\BackEnd\Conexion-EcoRisaralda\vendor\laravel\framework\src\Illuminate\Database\Query\Builder.php:4054
C:\Users\USUARIO\Documents\Documentos Christian\Archivos Estudio\Sena\PROYECTO FORMATIVO\BackEnd\Conexion-EcoRisaralda\vendor\laravel\framework\src\Illuminate\Database\Eloquent\Builder.php:2235
C:\Users\USUARIO\Documents\Documentos Christian\Archivos Estudio\Sena\PROYECTO FORMATIVO\BackEnd\Conexion-EcoRisaralda\vendor\laravel\framework\src\Illuminate\Database\Eloquent\Model.php:1436
C:\Users\USUARIO\Documents\Documentos Christian\Archivos Estudio\Sena\PROYECTO FORMATIVO\BackEnd\Conexion-EcoRisaralda\vendor\laravel\framework\src\Illuminate\Database\Eloquent\Model.php:1401
C:\Users\USUARIO\Documents\Documentos Christian\Archivos Estudio\Sena\PROYECTO FORMATIVO\BackEnd\Conexion-EcoRisaralda\vendor\laravel\framework\src\Illuminate\Database\Eloquent\Model.php:1240
C:\Users\USUARIO\Documents\Documentos Christian\Archivos Estudio\Sena\PROYECTO FORMATIVO\BackEnd\Conexion-EcoRisaralda\vendor\laravel\framework\src\Illuminate\Database\Eloquent\Factories\Factory.php:370
C:\Users\USUARIO\Documents\Documentos Christian\Archivos Estudio\Sena\PROYECTO FORMATIVO\BackEnd\Conexion-EcoRisaralda\vendor\laravel\framework\src\Illuminate\Collections\Traits\EnumeratesValues.php:275
C:\Users\USUARIO\Documents\Documentos Christian\Archivos Estudio\Sena\PROYECTO FORMATIVO\BackEnd\Conexion-EcoRisaralda\vendor\laravel\framework\src\Illuminate\Database\Eloquent\Factories\Factory.php:365
C:\Users\USUARIO\Documents\Documentos Christian\Archivos Estudio\Sena\PROYECTO FORMATIVO\BackEnd\Conexion-EcoRisaralda\vendor\laravel\framework\src\Illuminate\Database\Eloquent\Factories\Factory.php:321
C:\Users\USUARIO\Documents\Documentos Christian\Archivos Estudio\Sena\PROYECTO FORMATIVO\BackEnd\Conexion-EcoRisaralda\vendor\laravel\framework\src\Illuminate\Database\Eloquent\Factories\Factory.php:315
C:\Users\USUARIO\Documents\Documentos Christian\Archivos Estudio\Sena\PROYECTO FORMATIVO\BackEnd\Conexion-EcoRisaralda\tests\Feature\Auth\PasswordResetTest.php:53</error>
        </testcase>
      </testsuite>
      <testsuite name="Tests\Feature\Auth\RegistrationTest" file="C:\Users\USUARIO\Documents\Documentos Christian\Archivos Estudio\Sena\PROYECTO FORMATIVO\BackEnd\Conexion-EcoRisaralda\tests\Feature\Auth\RegistrationTest.php" tests="5" assertions="8" errors="1" failures="2" skipped="0" time="0.358967">
        <testcase name="test_user_can_register_via_api" file="C:\Users\USUARIO\Documents\Documentos Christian\Archivos Estudio\Sena\PROYECTO FORMATIVO\BackEnd\Conexion-EcoRisaralda\tests\Feature\Auth\RegistrationTest.php" line="13" class="Tests\Feature\Auth\RegistrationTest" classname="Tests.Feature.Auth.RegistrationTest" assertions="1" time="0.106606">
          <failure type="PHPUnit\Framework\ExpectationFailedException">Tests\Feature\Auth\RegistrationTest::test_user_can_register_via_api&#13;
Expected response status code [200] but received 500.
Failed asserting that 500 is identical to 200.&#13;
&#13;
The following exception occurred during the last request:

PDOException: SQLSTATE[23000]: Integrity constraint violation: 19 NOT NULL constraint failed: users.country_id in C:\Users\USUARIO\Documents\Documentos Christian\Archivos Estudio\Sena\PROYECTO FORMATIVO\BackEnd\Conexion-EcoRisaralda\vendor\laravel\framework\src\Illuminate\Database\Connection.php:584
Stack trace:
#0 C:\Users\USUARIO\Documents\Documentos Christian\Archivos Estudio\Sena\PROYECTO FORMATIVO\BackEnd\Conexion-EcoRisaralda\vendor\laravel\framework\src\Illuminate\Database\Connection.php(584): PDOStatement-&gt;execute()
#1 C:\Users\USUARIO\Documents\Documentos Christian\Archivos Estudio\Sena\PROYECTO FORMATIVO\BackEnd\Conexion-EcoRisaralda\vendor\laravel\framework\src\Illuminate\Database\Connection.php(827): Illuminate\Database\Connection-&gt;Illuminate\Database\{closure}('insert into "us...', Array)
#2 C:\Users\USUARIO\Documents\Documentos Christian\Archivos Estudio\Sena\PROYECTO FORMATIVO\BackEnd\Conexion-EcoRisaralda\vendor\laravel\framework\src\Illuminate\Database\Connection.php(794): Illuminate\Database\Connection-&gt;runQueryCallback('insert into "us...', Array, Object(Closure))
#3 C:\Users\USUARIO\Documents\Documentos Christian\Archivos Estudio\Sena\PROYECTO FORMATIVO\BackEnd\Conexion-EcoRisaralda\vendor\laravel\framework\src\Illuminate\Database\Connection.php(573): Illuminate\Database\Connection-&gt;run('insert into "us...', Array, Object(Closure))
#4 C:\Users\USUARIO\Documents\Documentos Christian\Archivos Estudio\Sena\PROYECTO FORMATIVO\BackEnd\Conexion-EcoRisaralda\vendor\laravel\framework\src\Illuminate\Database\Connection.php(537): Illuminate\Database\Connection-&gt;statement('insert into "us...', Array)
#5 C:\Users\USUARIO\Documents\Documentos Christian\Archivos Estudio\Sena\PROYECTO FORMATIVO\BackEnd\Conexion-EcoRisaralda\vendor\laravel\framework\src\Illuminate\Database\Query\Processors\Processor.php(32): Illuminate\Database\Connection-&gt;insert('insert into "us...', Array)
#6 C:\Users\USUARIO\Documents\Documentos Christian\Archivos Estudio\Sena\PROYECTO FORMATIVO\BackEnd\Conexion-EcoRisaralda\vendor\laravel\framework\src\Illuminate\Database\Query\Builder.php(4054): Illuminate\Database\Query\Processors\Processor-&gt;processInsertGetId(Object(Illuminate\Database\Query\Builder), 'insert into "us...', Array, 'id')
#7 C:\Users\USUARIO\Documents\Documentos Christian\Archivos Estudio\Sena\PROYECTO FORMATIVO\BackEnd\Conexion-EcoRisaralda\vendor\laravel\framework\src\Illuminate\Database\Eloquent\Builder.php(2235): Illuminate\Database\Query\Builder-&gt;insertGetId(Array, 'id')
#8 C:\Users\USUARIO\Documents\Documentos Christian\Archivos Estudio\Sena\PROYECTO FORMATIVO\BackEnd\Conexion-EcoRisaralda\vendor\laravel\framework\src\Illuminate\Database\Eloquent\Model.php(1436): Illuminate\Database\Eloquent\Builder-&gt;__call('insertGetId', Array)
#9 C:\Users\USUARIO\Documents\Documentos Christian\Archivos Estudio\Sena\PROYECTO FORMATIVO\BackEnd\Conexion-EcoRisaralda\vendor\laravel\framework\src\Illuminate\Database\Eloquent\Model.php(1401): Illuminate\Database\Eloquent\Model-&gt;insertAndSetId(Object(Illuminate\Database\Eloquent\Builder), Array)
#10 C:\Users\USUARIO\Documents\Documentos Christian\Archivos Estudio\Sena\PROYECTO FORMATIVO\BackEnd\Conexion-EcoRisaralda\vendor\laravel\framework\src\Illuminate\Database\Eloquent\Model.php(1240): Illuminate\Database\Eloquent\Model-&gt;performInsert(Object(Illuminate\Database\Eloquent\Builder))
#11 C:\Users\USUARIO\Documents\Documentos Christian\Archivos Estudio\Sena\PROYECTO FORMATIVO\BackEnd\Conexion-EcoRisaralda\vendor\laravel\framework\src\Illuminate\Database\Eloquent\Builder.php(1219): Illuminate\Database\Eloquent\Model-&gt;save()
#12 C:\Users\USUARIO\Documents\Documentos Christian\Archivos Estudio\Sena\PROYECTO FORMATIVO\BackEnd\Conexion-EcoRisaralda\vendor\laravel\framework\src\Illuminate\Support\helpers.php(388): Illuminate\Database\Eloquent\Builder-&gt;Illuminate\Database\Eloquent\{closure}(Object(App\Models\User))
#13 C:\Users\USUARIO\Documents\Documentos Christian\Archivos Estudio\Sena\PROYECTO FORMATIVO\BackEnd\Conexion-EcoRisaralda\vendor\laravel\framework\src\Illuminate\Database\Eloquent\Builder.php(1218): tap(Object(App\Models\User), Object(Closure))
#14 C:\Users\USUARIO\Documents\Documentos Christian\Archivos Estudio\Sena\PROYECTO FORMATIVO\BackEnd\Conexion-EcoRisaralda\vendor\laravel\framework\src\Illuminate\Support\Traits\ForwardsCalls.php(23): Illuminate\Database\Eloquent\Builder-&gt;create(Array)
#15 C:\Users\USUARIO\Documents\Documentos Christian\Archivos Estudio\Sena\PROYECTO FORMATIVO\BackEnd\Conexion-EcoRisaralda\vendor\laravel\framework\src\Illuminate\Database\Eloquent\Model.php(2540): Illuminate\Database\Eloquent\Model-&gt;forwardCallTo(Object(Illuminate\Database\Eloquent\Builder), 'create', Array)
#16 C:\Users\USUARIO\Documents\Documentos Christian\Archivos Estudio\Sena\PROYECTO FORMATIVO\BackEnd\Conexion-EcoRisaralda\vendor\laravel\framework\src\Illuminate\Database\Eloquent\Model.php(2556): Illuminate\Database\Eloquent\Model-&gt;__call('create', Array)
#17 C:\Users\USUARIO\Documents\Documentos Christian\Archivos Estudio\Sena\PROYECTO FORMATIVO\BackEnd\Conexion-EcoRisaralda\routes\api.php(207): Illuminate\Database\Eloquent\Model::__callStatic('create', Array)
#18 C:\Users\USUARIO\Documents\Documentos Christian\Archivos Estudio\Sena\PROYECTO FORMATIVO\BackEnd\Conexion-EcoRisaralda\vendor\laravel\framework\src\Illuminate\Routing\CallableDispatcher.php(39): Illuminate\Routing\RouteFileRegistrar-&gt;{closure}(Object(Illuminate\Http\Request))
#19 C:\Users\USUARIO\Documents\Documentos Christian\Archivos Estudio\Sena\PROYECTO FORMATIVO\BackEnd\Conexion-EcoRisaralda\vendor\laravel\framework\src\Illuminate\Routing\Route.php(243): Illuminate\Routing\CallableDispatcher-&gt;dispatch(Object(Illuminate\Routing\Route), Object(Closure))
#20 C:\Users\USUARIO\Documents\Documentos Christian\Archivos Estudio\Sena\PROYECTO FORMATIVO\BackEnd\Conexion-EcoRisaralda\vendor\laravel\framework\src\Illuminate\Routing\Route.php(214): Illuminate\Routing\Route-&gt;runCallable()
#21 C:\Users\USUARIO\Documents\Documentos Christian\Archivos Estudio\Sena\PROYECTO FORMATIVO\BackEnd\Conexion-EcoRisaralda\vendor\laravel\framework\src\Illuminate\Routing\Router.php(822): Illuminate\Routing\Route-&gt;run()
#22 C:\Users\USUARIO\Documents\Documentos Christian\Archivos Estudio\Sena\PROYECTO FORMATIVO\BackEnd\Conexion-EcoRisaralda\vendor\laravel\framework\src\Illuminate\Pipeline\Pipeline.php(180): Illuminate\Routing\Router-&gt;Illuminate\Routing\{closure}(Object(Illuminate\Http\Request))
#23 C:\Users\USUARIO\Documents\Documentos Christian\Archivos Estudio\Sena\PROYECTO FORMATIVO\BackEnd\Conexion-EcoRisaralda\vendor\laravel\framework\src\Illuminate\Foundation\Http\Middleware\VerifyCsrfToken.php(87): Illuminate\Pipeline\Pipeline-&gt;Illuminate\Pipeline\{closure}(Object(Illuminate\Http\Request))
#24 C:\Users\USUARIO\Documents\Documentos Christian\Archivos Estudio\Sena\PROYECTO FORMATIVO\BackEnd\Conexion-EcoRisaralda\vendor\laravel\framework\src\Illuminate\Pipeline\Pipeline.php(219): Illuminate\Foundation\Http\Middleware\VerifyCsrfToken-&gt;handle(Object(Illuminate\Http\Request), Object(Closure))
#25 C:\Users\USUARIO\Documents\Documentos Christian\Archivos Estudio\Sena\PROYECTO FORMATIVO\BackEnd\Conexion-EcoRisaralda\vendor\laravel\framework\src\Illuminate\Routing\Middleware\SubstituteBindings.php(50): Illuminate\Pipeline\Pipeline-&gt;Illuminate\Pipeline\{closure}(Object(Illuminate\Http\Request))
#26 C:\Users\USUARIO\Documents\Documentos Christian\Archivos Estudio\Sena\PROYECTO FORMATIVO\BackEnd\Conexion-EcoRisaralda\vendor\laravel\framework\src\Illuminate\Pipeline\Pipeline.php(219): Illuminate\Routing\Middleware\SubstituteBindings-&gt;handle(Object(Illuminate\Http\Request), Object(Closure))
#27 C:\Users\USUARIO\Documents\Documentos Christian\Archivos Estudio\Sena\PROYECTO FORMATIVO\BackEnd\Conexion-EcoRisaralda\vendor\laravel\framework\src\Illuminate\View\Middleware\ShareErrorsFromSession.php(48): Illuminate\Pipeline\Pipeline-&gt;Illuminate\Pipeline\{closure}(Object(Illuminate\Http\Request))
#28 C:\Users\USUARIO\Documents\Documentos Christian\Archivos Estudio\Sena\PROYECTO FORMATIVO\BackEnd\Conexion-EcoRisaralda\vendor\laravel\framework\src\Illuminate\Pipeline\Pipeline.php(219): Illuminate\View\Middleware\ShareErrorsFromSession-&gt;handle(Object(Illuminate\Http\Request), Object(Closure))
#29 C:\Users\USUARIO\Documents\Documentos Christian\Archivos Estudio\Sena\PROYECTO FORMATIVO\BackEnd\Conexion-EcoRisaralda\vendor\laravel\framework\src\Illuminate\Session\Middleware\StartSession.php(120): Illuminate\Pipeline\Pipeline-&gt;Illuminate\Pipeline\{closure}(Object(Illuminate\Http\Request))
#30 C:\Users\USUARIO\Documents\Documentos Christian\Archivos Estudio\Sena\PROYECTO FORMATIVO\BackEnd\Conexion-EcoRisaralda\vendor\laravel\framework\src\Illuminate\Session\Middleware\StartSession.php(63): Illuminate\Session\Middleware\StartSession-&gt;handleStatefulRequest(Object(Illuminate\Http\Request), Object(Illuminate\Session\Store), Object(Closure))
#31 C:\Users\USUARIO\Documents\Documentos Christian\Archivos Estudio\Sena\PROYECTO FORMATIVO\BackEnd\Conexion-EcoRisaralda\vendor\laravel\framework\src\Illuminate\Pipeline\Pipeline.php(219): Illuminate\Session\Middleware\StartSession-&gt;handle(Object(Illuminate\Http\Request), Object(Closure))
#32 C:\Users\USUARIO\Documents\Documentos Christian\Archivos Estudio\Sena\PROYECTO FORMATIVO\BackEnd\Conexion-EcoRisaralda\vendor\laravel\framework\src\Illuminate\Cookie\Middleware\AddQueuedCookiesToResponse.php(36): Illuminate\Pipeline\Pipeline-&gt;Illuminate\Pipeline\{closure}(Object(Illuminate\Http\Request))
#33 C:\Users\USUARIO\Documents\Documentos Christian\Archivos Estudio\Sena\PROYECTO FORMATIVO\BackEnd\Conexion-EcoRisaralda\vendor\laravel\framework\src\Illuminate\Pipeline\Pipeline.php(219): Illuminate\Cookie\Middleware\AddQueuedCookiesToResponse-&gt;handle(Object(Illuminate\Http\Request), Object(Closure))
#34 C:\Users\USUARIO\Documents\Documentos Christian\Archivos Estudio\Sena\PROYECTO FORMATIVO\BackEnd\Conexion-EcoRisaralda\vendor\laravel\framework\src\Illuminate\Cookie\Middleware\EncryptCookies.php(74): Illuminate\Pipeline\Pipeline-&gt;Illuminate\Pipeline\{closure}(Object(Illuminate\Http\Request))
#35 C:\Users\USUARIO\Documents\Documentos Christian\Archivos Estudio\Sena\PROYECTO FORMATIVO\BackEnd\Conexion-EcoRisaralda\vendor\laravel\framework\src\Illuminate\Pipeline\Pipeline.php(219): Illuminate\Cookie\Middleware\EncryptCookies-&gt;handle(Object(Illuminate\Http\Request), Object(Closure))
#36 C:\Users\USUARIO\Documents\Documentos Christian\Archivos Estudio\Sena\PROYECTO FORMATIVO\BackEnd\Conexion-EcoRisaralda\vendor\laravel\framework\src\Illuminate\Pipeline\Pipeline.php(137): Illuminate\Pipeline\Pipeline-&gt;Illuminate\Pipeline\{closure}(Object(Illuminate\Http\Request))
#37 C:\Users\USUARIO\Documents\Documentos Christian\Archivos Estudio\Sena\PROYECTO FORMATIVO\BackEnd\Conexion-EcoRisaralda\vendor\laravel\framework\src\Illuminate\Routing\Router.php(821): Illuminate\Pipeline\Pipeline-&gt;then(Object(Closure))
#38 C:\Users\USUARIO\Documents\Documentos Christian\Archivos Estudio\Sena\PROYECTO FORMATIVO\BackEnd\Conexion-EcoRisaralda\vendor\laravel\framework\src\Illuminate\Routing\Router.php(800): Illuminate\Routing\Router-&gt;runRouteWithinStack(Object(Illuminate\Routing\Route), Object(Illuminate\Http\Request))
#39 C:\Users\USUARIO\Documents\Documentos Christian\Archivos Estudio\Sena\PROYECTO FORMATIVO\BackEnd\Conexion-EcoRisaralda\vendor\laravel\framework\src\Illuminate\Routing\Router.php(764): Illuminate\Routing\Router-&gt;runRoute(Object(Illuminate\Http\Request), Object(Illuminate\Routing\Route))
#40 C:\Users\USUARIO\Documents\Documentos Christian\Archivos Estudio\Sena\PROYECTO FORMATIVO\BackEnd\Conexion-EcoRisaralda\vendor\laravel\framework\src\Illuminate\Routing\Router.php(753): Illuminate\Routing\Router-&gt;dispatchToRoute(Object(Illuminate\Http\Request))
#41 C:\Users\USUARIO\Documents\Documentos Christian\Archivos Estudio\Sena\PROYECTO FORMATIVO\BackEnd\Conexion-EcoRisaralda\vendor\laravel\framework\src\Illuminate\Foundation\Http\Kernel.php(200): Illuminate\Routing\Router-&gt;dispatch(Object(Illuminate\Http\Request))
#42 C:\Users\USUARIO\Documents\Documentos Christian\Archivos Estudio\Sena\PROYECTO FORMATIVO\BackEnd\Conexion-EcoRisaralda\vendor\laravel\framework\src\Illuminate\Pipeline\Pipeline.php(180): Illuminate\Foundation\Http\Kernel-&gt;Illuminate\Foundation\Http\{closure}(Object(Illuminate\Http\Request))
#43 C:\Users\USUARIO\Documents\Documentos Christian\Archivos Estudio\Sena\PROYECTO FORMATIVO\BackEnd\Conexion-EcoRisaralda\vendor\laravel\framework\src\Illuminate\Foundation\Http\Middleware\TransformsRequest.php(21): Illuminate\Pipeline\Pipeline-&gt;Illuminate\Pipeline\{closure}(Object(Illuminate\Http\Request))
#44 C:\Users\USUARIO\Documents\Documentos Christian\Archivos Estudio\Sena\PROYECTO FORMATIVO\BackEnd\Conexion-EcoRisaralda\vendor\laravel\framework\src\Illuminate\Foundation\Http\Middleware\ConvertEmptyStringsToNull.php(31): Illuminate\Foundation\Http\Middleware\TransformsRequest-&gt;handle(Object(Illuminate\Http\Request), Object(Closure))
#45 C:\Users\USUARIO\Documents\Documentos Christian\Archivos Estudio\Sena\PROYECTO FORMATIVO\BackEnd\Conexion-EcoRisaralda\vendor\laravel\framework\src\Illuminate\Pipeline\Pipeline.php(219): Illuminate\Foundation\Http\Middleware\ConvertEmptyStringsToNull-&gt;handle(Object(Illuminate\Http\Request), Object(Closure))
#46 C:\Users\USUARIO\Documents\Documentos Christian\Archivos Estudio\Sena\PROYECTO FORMATIVO\BackEnd\Conexion-EcoRisaralda\vendor\laravel\framework\src\Illuminate\Foundation\Http\Middleware\TransformsRequest.php(21): Illuminate\Pipeline\Pipeline-&gt;Illuminate\Pipeline\{closure}(Object(Illuminate\Http\Request))
#47 C:\Users\USUARIO\Documents\Documentos Christian\Archivos Estudio\Sena\PROYECTO FORMATIVO\BackEnd\Conexion-EcoRisaralda\vendor\laravel\framework\src\Illuminate\Foundation\Http\Middleware\TrimStrings.php(51): Illuminate\Foundation\Http\Middleware\TransformsRequest-&gt;handle(Object(Illuminate\Http\Request), Object(Closure))
#48 C:\Users\USUARIO\Documents\Documentos Christian\Archivos Estudio\Sena\PROYECTO FORMATIVO\BackEnd\Conexion-EcoRisaralda\vendor\laravel\framework\src\Illuminate\Pipeline\Pipeline.php(219): Illuminate\Foundation\Http\Middleware\TrimStrings-&gt;handle(Object(Illuminate\Http\Request), Object(Closure))
#49 C:\Users\USUARIO\Documents\Documentos Christian\Archivos Estudio\Sena\PROYECTO FORMATIVO\BackEnd\Conexion-EcoRisaralda\vendor\laravel\framework\src\Illuminate\Http\Middleware\ValidatePostSize.php(27): Illuminate\Pipeline\Pipeline-&gt;Illuminate\Pipeline\{closure}(Object(Illuminate\Http\Request))
#50 C:\Users\USUARIO\Documents\Documentos Christian\Archivos Estudio\Sena\PROYECTO FORMATIVO\BackEnd\Conexion-EcoRisaralda\vendor\laravel\framework\src\Illuminate\Pipeline\Pipeline.php(219): Illuminate\Http\Middleware\ValidatePostSize-&gt;handle(Object(Illuminate\Http\Request), Object(Closure))
#51 C:\Users\USUARIO\Documents\Documentos Christian\Archivos Estudio\Sena\PROYECTO FORMATIVO\BackEnd\Conexion-EcoRisaralda\vendor\laravel\framework\src\Illuminate\Foundation\Http\Middleware\PreventRequestsDuringMaintenance.php(109): Illuminate\Pipeline\Pipeline-&gt;Illuminate\Pipeline\{closure}(Object(Illuminate\Http\Request))
#52 C:\Users\USUARIO\Documents\Documentos Christian\Archivos Estudio\Sena\PROYECTO FORMATIVO\BackEnd\Conexion-EcoRisaralda\vendor\laravel\framework\src\Illuminate\Pipeline\Pipeline.php(219): Illuminate\Foundation\Http\Middleware\PreventRequestsDuringMaintenance-&gt;handle(Object(Illuminate\Http\Request), Object(Closure))
#53 C:\Users\USUARIO\Documents\Documentos Christian\Archivos Estudio\Sena\PROYECTO FORMATIVO\BackEnd\Conexion-EcoRisaralda\vendor\laravel\framework\src\Illuminate\Http\Middleware\HandleCors.php(74): Illuminate\Pipeline\Pipeline-&gt;Illuminate\Pipeline\{closure}(Object(Illuminate\Http\Request))
#54 C:\Users\USUARIO\Documents\Documentos Christian\Archivos Estudio\Sena\PROYECTO FORMATIVO\BackEnd\Conexion-EcoRisaralda\vendor\laravel\framework\src\Illuminate\Pipeline\Pipeline.php(219): Illuminate\Http\Middleware\HandleCors-&gt;handle(Object(Illuminate\Http\Request), Object(Closure))
#55 C:\Users\USUARIO\Documents\Documentos Christian\Archivos Estudio\Sena\PROYECTO FORMATIVO\BackEnd\Conexion-EcoRisaralda\vendor\laravel\framework\src\Illuminate\Http\Middleware\TrustProxies.php(58): Illuminate\Pipeline\Pipeline-&gt;Illuminate\Pipeline\{closure}(Object(Illuminate\Http\Request))
#56 C:\Users\USUARIO\Documents\Documentos Christian\Archivos Estudio\Sena\PROYECTO FORMATIVO\BackEnd\Conexion-EcoRisaralda\vendor\laravel\framework\src\Illuminate\Pipeline\Pipeline.php(219): Illuminate\Http\Middleware\TrustProxies-&gt;handle(Object(Illuminate\Http\Request), Object(Closure))
#57 C:\Users\USUARIO\Documents\Documentos Christian\Archivos Estudio\Sena\PROYECTO FORMATIVO\BackEnd\Conexion-EcoRisaralda\vendor\laravel\framework\src\Illuminate\Foundation\Http\Middleware\InvokeDeferredCallbacks.php(22): Illuminate\Pipeline\Pipeline-&gt;Illuminate\Pipeline\{closure}(Object(Illuminate\Http\Request))
#58 C:\Users\USUARIO\Documents\Documentos Christian\Archivos Estudio\Sena\PROYECTO FORMATIVO\BackEnd\Conexion-EcoRisaralda\vendor\laravel\framework\src\Illuminate\Pipeline\Pipeline.php(219): Illuminate\Foundation\Http\Middleware\InvokeDeferredCallbacks-&gt;handle(Object(Illuminate\Http\Request), Object(Closure))
#59 C:\Users\USUARIO\Documents\Documentos Christian\Archivos Estudio\Sena\PROYECTO FORMATIVO\BackEnd\Conexion-EcoRisaralda\vendor\laravel\framework\src\Illuminate\Http\Middleware\ValidatePathEncoding.php(26): Illuminate\Pipeline\Pipeline-&gt;Illuminate\Pipeline\{closure}(Object(Illuminate\Http\Request))
#60 C:\Users\USUARIO\Documents\Documentos Christian\Archivos Estudio\Sena\PROYECTO FORMATIVO\BackEnd\Conexion-EcoRisaralda\vendor\laravel\framework\src\Illuminate\Pipeline\Pipeline.php(219): Illuminate\Http\Middleware\ValidatePathEncoding-&gt;handle(Object(Illuminate\Http\Request), Object(Closure))
#61 C:\Users\USUARIO\Documents\Documentos Christian\Archivos Estudio\Sena\PROYECTO FORMATIVO\BackEnd\Conexion-EcoRisaralda\vendor\laravel\framework\src\Illuminate\Pipeline\Pipeline.php(137): Illuminate\Pipeline\Pipeline-&gt;Illuminate\Pipeline\{closure}(Object(Illuminate\Http\Request))
#62 C:\Users\USUARIO\Documents\Documentos Christian\Archivos Estudio\Sena\PROYECTO FORMATIVO\BackEnd\Conexion-EcoRisaralda\vendor\laravel\framework\src\Illuminate\Foundation\Http\Kernel.php(175): Illuminate\Pipeline\Pipeline-&gt;then(Object(Closure))
#63 C:\Users\USUARIO\Documents\Documentos Christian\Archivos Estudio\Sena\PROYECTO FORMATIVO\BackEnd\Conexion-EcoRisaralda\vendor\laravel\framework\src\Illuminate\Foundation\Http\Kernel.php(144): Illuminate\Foundation\Http\Kernel-&gt;sendRequestThroughRouter(Object(Illuminate\Http\Request))
#64 C:\Users\USUARIO\Documents\Documentos Christian\Archivos Estudio\Sena\PROYECTO FORMATIVO\BackEnd\Conexion-EcoRisaralda\vendor\laravel\framework\src\Illuminate\Foundation\Testing\Concerns\MakesHttpRequests.php(607): Illuminate\Foundation\Http\Kernel-&gt;handle(Object(Illuminate\Http\Request))
#65 C:\Users\USUARIO\Documents\Documentos Christian\Archivos Estudio\Sena\PROYECTO FORMATIVO\BackEnd\Conexion-EcoRisaralda\vendor\laravel\framework\src\Illuminate\Foundation\Testing\Concerns\MakesHttpRequests.php(573): Illuminate\Foundation\Testing\TestCase-&gt;call('POST', '/api/register', Array, Array, Array, Array, '{"name":"Juan",...')
#66 C:\Users\USUARIO\Documents\Documentos Christian\Archivos Estudio\Sena\PROYECTO FORMATIVO\BackEnd\Conexion-EcoRisaralda\vendor\laravel\framework\src\Illuminate\Foundation\Testing\Concerns\MakesHttpRequests.php(411): Illuminate\Foundation\Testing\TestCase-&gt;json('POST', '/api/register', Array, Array, 0)
#67 C:\Users\USUARIO\Documents\Documentos Christian\Archivos Estudio\Sena\PROYECTO FORMATIVO\BackEnd\Conexion-EcoRisaralda\tests\Feature\Auth\RegistrationTest.php(15): Illuminate\Foundation\Testing\TestCase-&gt;postJson('/api/register', Array)
#68 C:\Users\USUARIO\Documents\Documentos Christian\Archivos Estudio\Sena\PROYECTO FORMATIVO\BackEnd\Conexion-EcoRisaralda\vendor\phpunit\phpunit\src\Framework\TestCase.php(1667): Tests\Feature\Auth\RegistrationTest-&gt;test_user_can_register_via_api()
#69 C:\Users\USUARIO\Documents\Documentos Christian\Archivos Estudio\Sena\PROYECTO FORMATIVO\BackEnd\Conexion-EcoRisaralda\vendor\phpunit\phpunit\src\Framework\TestCase.php(519): PHPUnit\Framework\TestCase-&gt;runTest()
#70 C:\Users\USUARIO\Documents\Documentos Christian\Archivos Estudio\Sena\PROYECTO FORMATIVO\BackEnd\Conexion-EcoRisaralda\vendor\phpunit\phpunit\src\Framework\TestRunner\TestRunner.php(87): PHPUnit\Framework\TestCase-&gt;runBare()
#71 C:\Users\USUARIO\Documents\Documentos Christian\Archivos Estudio\Sena\PROYECTO FORMATIVO\BackEnd\Conexion-EcoRisaralda\vendor\phpunit\phpunit\src\Framework\TestCase.php(365): PHPUnit\Framework\TestRunner-&gt;run(Object(Tests\Feature\Auth\RegistrationTest))
#72 C:\Users\USUARIO\Documents\Documentos Christian\Archivos Estudio\Sena\PROYECTO FORMATIVO\BackEnd\Conexion-EcoRisaralda\vendor\phpunit\phpunit\src\Framework\TestSuite.php(369): PHPUnit\Framework\TestCase-&gt;run()
#73 C:\Users\USUARIO\Documents\Documentos Christian\Archivos Estudio\Sena\PROYECTO FORMATIVO\BackEnd\Conexion-EcoRisaralda\vendor\phpunit\phpunit\src\Framework\TestSuite.php(369): PHPUnit\Framework\TestSuite-&gt;run()
#74 C:\Users\USUARIO\Documents\Documentos Christian\Archivos Estudio\Sena\PROYECTO FORMATIVO\BackEnd\Conexion-EcoRisaralda\vendor\phpunit\phpunit\src\Framework\TestSuite.php(369): PHPUnit\Framework\TestSuite-&gt;run()
#75 C:\Users\USUARIO\Documents\Documentos Christian\Archivos Estudio\Sena\PROYECTO FORMATIVO\BackEnd\Conexion-EcoRisaralda\vendor\phpunit\phpunit\src\TextUI\TestRunner.php(64): PHPUnit\Framework\TestSuite-&gt;run()
#76 C:\Users\USUARIO\Documents\Documentos Christian\Archivos Estudio\Sena\PROYECTO FORMATIVO\BackEnd\Conexion-EcoRisaralda\vendor\phpunit\phpunit\src\TextUI\Application.php(211): PHPUnit\TextUI\TestRunner-&gt;run(Object(PHPUnit\TextUI\Configuration\Configuration), Object(PHPUnit\Runner\ResultCache\DefaultResultCache), Object(PHPUnit\Framework\TestSuite))
[...]
C:\Users\USUARIO\Documents\Documentos Christian\Archivos Estudio\Sena\PROYECTO FORMATIVO\BackEnd\Conexion-EcoRisaralda\tests\Feature\ReviewsApiTest.php:71</error>
        </testcase>
        <testcase name="test_user_can_delete_own_review" file="C:\Users\USUARIO\Documents\Documentos Christian\Archivos Estudio\Sena\PROYECTO FORMATIVO\BackEnd\Conexion-EcoRisaralda\tests\Feature\ReviewsApiTest.php" line="83" class="Tests\Feature\ReviewsApiTest" classname="Tests.Feature.ReviewsApiTest" assertions="0" time="0.060263">
          <error type="Illuminate\Database\QueryException">Tests\Feature\ReviewsApiTest::test_user_can_delete_own_review&#13;
Illuminate\Database\QueryException: SQLSTATE[23000]: Integrity constraint violation: 19 NOT NULL constraint failed: users.country_id (Connection: sqlite, Database: :memory:, SQL: insert into "users" ("name", "last_name", "email", "email_verified_at", "password", "remember_token", "role", "status", "updated_at", "created_at") values (Mohammad, Bosco, buck.wehner@example.net, 2026-03-25 04:18:54, $2y$04$EaN17TeHgkHuWBeOfDlUxeQfGzwFqvgMplS7NDDjTlYAICj0FxiGG, IGbw5TWsv0, user, active, 2026-03-25 04:18:54, 2026-03-25 04:18:54))
&#13;
C:\Users\USUARIO\Documents\Documentos Christian\Archivos Estudio\Sena\PROYECTO FORMATIVO\BackEnd\Conexion-EcoRisaralda\vendor\laravel\framework\src\Illuminate\Database\Connection.php:838
C:\Users\USUARIO\Documents\Documentos Christian\Archivos Estudio\Sena\PROYECTO FORMATIVO\BackEnd\Conexion-EcoRisaralda\vendor\laravel\framework\src\Illuminate\Database\Connection.php:794
C:\Users\USUARIO\Documents\Documentos Christian\Archivos Estudio\Sena\PROYECTO FORMATIVO\BackEnd\Conexion-EcoRisaralda\vendor\laravel\framework\src\Illuminate\Database\Connection.php:573
C:\Users\USUARIO\Documents\Documentos Christian\Archivos Estudio\Sena\PROYECTO FORMATIVO\BackEnd\Conexion-EcoRisaralda\vendor\laravel\framework\src\Illuminate\Database\Connection.php:537
C:\Users\USUARIO\Documents\Documentos Christian\Archivos Estudio\Sena\PROYECTO FORMATIVO\BackEnd\Conexion-EcoRisaralda\vendor\laravel\framework\src\Illuminate\Database\Query\Processors\Processor.php:32
C:\Users\USUARIO\Documents\Documentos Christian\Archivos Estudio\Sena\PROYECTO FORMATIVO\BackEnd\Conexion-EcoRisaralda\vendor\laravel\framework\src\Illuminate\Database\Query\Builder.php:4054
C:\Users\USUARIO\Documents\Documentos Christian\Archivos Estudio\Sena\PROYECTO FORMATIVO\BackEnd\Conexion-EcoRisaralda\vendor\laravel\framework\src\Illuminate\Database\Eloquent\Builder.php:2235
C:\Users\USUARIO\Documents\Documentos Christian\Archivos Estudio\Sena\PROYECTO FORMATIVO\BackEnd\Conexion-EcoRisaralda\vendor\laravel\framework\src\Illuminate\Database\Eloquent\Model.php:1436
C:\Users\USUARIO\Documents\Documentos Christian\Archivos Estudio\Sena\PROYECTO FORMATIVO\BackEnd\Conexion-EcoRisaralda\vendor\laravel\framework\src\Illuminate\Database\Eloquent\Model.php:1401
C:\Users\USUARIO\Documents\Documentos Christian\Archivos Estudio\Sena\PROYECTO FORMATIVO\BackEnd\Conexion-EcoRisaralda\vendor\laravel\framework\src\Illuminate\Database\Eloquent\Model.php:1240
C:\Users\USUARIO\Documents\Documentos Christian\Archivos Estudio\Sena\PROYECTO FORMATIVO\BackEnd\Conexion-EcoRisaralda\vendor\laravel\framework\src\Illuminate\Database\Eloquent\Factories\Factory.php:370
C:\Users\USUARIO\Documents\Documentos Christian\Archivos Estudio\Sena\PROYECTO FORMATIVO\BackEnd\Conexion-EcoRisaralda\vendor\laravel\framework\src\Illuminate\Collections\Traits\EnumeratesValues.php:275
C:\Users\USUARIO\Documents\Documentos Christian\Archivos Estudio\Sena\PROYECTO FORMATIVO\BackEnd\Conexion-EcoRisaralda\vendor\laravel\framework\src\Illuminate\Database\Eloquent\Factories\Factory.php:365
C:\Users\USUARIO\Documents\Documentos Christian\Archivos Estudio\Sena\PROYECTO FORMATIVO\BackEnd\Conexion-EcoRisaralda\vendor\laravel\framework\src\Illuminate\Database\Eloquent\Factories\Factory.php:321
C:\Users\USUARIO\Documents\Documentos Christian\Archivos Estudio\Sena\PROYECTO FORMATIVO\BackEnd\Conexion-EcoRisaralda\tests\Feature\ReviewsApiTest.php:85</error>
        </testcase>
        <testcase name="test_user_cannot_delete_others_review" file="C:\Users\USUARIO\Documents\Documentos Christian\Archivos Estudio\Sena\PROYECTO FORMATIVO\BackEnd\Conexion-EcoRisaralda\tests\Feature\ReviewsApiTest.php" line="102" class="Tests\Feature\ReviewsApiTest" classname="Tests.Feature.ReviewsApiTest" assertions="0" time="0.058521">
          <error type="Illuminate\Database\QueryException">Tests\Feature\ReviewsApiTest::test_user_cannot_delete_others_review&#13;
Illuminate\Database\QueryException: SQLSTATE[23000]: Integrity constraint violation: 19 NOT NULL constraint failed: users.country_id (Connection: sqlite, Database: :memory:, SQL: insert into "users" ("name", "last_name", "email", "email_verified_at", "password", "remember_token", "role", "status", "updated_at", "created_at") values (Enos, Heaney, awisoky@example.com, 2026-03-25 04:18:54, $2y$04$EaN17TeHgkHuWBeOfDlUxeQfGzwFqvgMplS7NDDjTlYAICj0FxiGG, iWfMPBWd6Q, user, active, 2026-03-25 04:18:54, 2026-03-25 04:18:54))
&#13;
C:\Users\USUARIO\Documents\Documentos Christian\Archivos Estudio\Sena\PROYECTO FORMATIVO\BackEnd\Conexion-EcoRisaralda\vendor\laravel\framework\src\Illuminate\Database\Connection.php:838
C:\Users\USUARIO\Documents\Documentos Christian\Archivos Estudio\Sena\PROYECTO FORMATIVO\BackEnd\Conexion-EcoRisaralda\vendor\laravel\framework\src\Illuminate\Database\Connection.php:794
C:\Users\USUARIO\Documents\Documentos Christian\Archivos Estudio\Sena\PROYECTO FORMATIVO\BackEnd\Conexion-EcoRisaralda\vendor\laravel\framework\src\Illuminate\Database\Connection.php:573
C:\Users\USUARIO\Documents\Documentos Christian\Archivos Estudio\Sena\PROYECTO FORMATIVO\BackEnd\Conexion-EcoRisaralda\vendor\laravel\framework\src\Illuminate\Database\Connection.php:537
C:\Users\USUARIO\Documents\Documentos Christian\Archivos Estudio\Sena\PROYECTO FORMATIVO\BackEnd\Conexion-EcoRisaralda\vendor\laravel\framework\src\Illuminate\Database\Query\Processors\Processor.php:32
C:\Users\USUARIO\Documents\Documentos Christian\Archivos Estudio\Sena\PROYECTO FORMATIVO\BackEnd\Conexion-EcoRisaralda\vendor\laravel\framework\src\Illuminate\Database\Query\Builder.php:4054
C:\Users\USUARIO\Documents\Documentos Christian\Archivos Estudio\Sena\PROYECTO FORMATIVO\BackEnd\Conexion-EcoRisaralda\vendor\laravel\framework\src\Illuminate\Database\Eloquent\Builder.php:2235
C:\Users\USUARIO\Documents\Documentos Christian\Archivos Estudio\Sena\PROYECTO FORMATIVO\BackEnd\Conexion-EcoRisaralda\vendor\laravel\framework\src\Illuminate\Database\Eloquent\Model.php:1436
C:\Users\USUARIO\Documents\Documentos Christian\Archivos Estudio\Sena\PROYECTO FORMATIVO\BackEnd\Conexion-EcoRisaralda\vendor\laravel\framework\src\Illuminate\Database\Eloquent\Model.php:1401
C:\Users\USUARIO\Documents\Documentos Christian\Archivos Estudio\Sena\PROYECTO FORMATIVO\BackEnd\Conexion-EcoRisaralda\vendor\laravel\framework\src\Illuminate\Database\Eloquent\Model.php:1240
C:\Users\USUARIO\Documents\Documentos Christian\Archivos Estudio\Sena\PROYECTO FORMATIVO\BackEnd\Conexion-EcoRisaralda\vendor\laravel\framework\src\Illuminate\Database\Eloquent\Factories\Factory.php:370
C:\Users\USUARIO\Documents\Documentos Christian\Archivos Estudio\Sena\PROYECTO FORMATIVO\BackEnd\Conexion-EcoRisaralda\vendor\laravel\framework\src\Illuminate\Collections\Traits\EnumeratesValues.php:275
C:\Users\USUARIO\Documents\Documentos Christian\Archivos Estudio\Sena\PROYECTO FORMATIVO\BackEnd\Conexion-EcoRisaralda\vendor\laravel\framework\src\Illuminate\Database\Eloquent\Factories\Factory.php:365
C:\Users\USUARIO\Documents\Documentos Christian\Archivos Estudio\Sena\PROYECTO FORMATIVO\BackEnd\Conexion-EcoRisaralda\vendor\laravel\framework\src\Illuminate\Database\Eloquent\Factories\Factory.php:321
C:\Users\USUARIO\Documents\Documentos Christian\Archivos Estudio\Sena\PROYECTO FORMATIVO\BackEnd\Conexion-EcoRisaralda\tests\Feature\ReviewsApiTest.php:104</error>
        </testcase>
        <testcase name="test_user_can_react_to_review" file="C:\Users\USUARIO\Documents\Documentos Christian\Archivos Estudio\Sena\PROYECTO FORMATIVO\BackEnd\Conexion-EcoRisaralda\tests\Feature\ReviewsApiTest.php" line="120" class="Tests\Feature\ReviewsApiTest" classname="Tests.Feature.ReviewsApiTest" assertions="0" time="0.053975">
          <error type="Illuminate\Database\QueryException">Tests\Feature\ReviewsApiTest::test_user_can_react_to_review&#13;
Illuminate\Database\QueryException: SQLSTATE[23000]: Integrity constraint violation: 19 NOT NULL constraint failed: users.country_id (Connection: sqlite, Database: :memory:, SQL: insert into "users" ("name", "last_name", "email", "email_verified_at", "password", "remember_token", "role", "status", "updated_at", "created_at") values (Rosalia, Ferry, shanahan.ludie@example.com, 2026-03-25 04:18:54, $2y$04$EaN17TeHgkHuWBeOfDlUxeQfGzwFqvgMplS7NDDjTlYAICj0FxiGG, j8VrRoLLm8, user, active, 2026-03-25 04:18:54, 2026-03-25 04:18:54))
&#13;
C:\Users\USUARIO\Documents\Documentos Christian\Archivos Estudio\Sena\PROYECTO FORMATIVO\BackEnd\Conexion-EcoRisaralda\vendor\laravel\framework\src\Illuminate\Database\Connection.php:838
C:\Users\USUARIO\Documents\Documentos Christian\Archivos Estudio\Sena\PROYECTO FORMATIVO\BackEnd\Conexion-EcoRisaralda\vendor\laravel\framework\src\Illuminate\Database\Connection.php:794
C:\Users\USUARIO\Documents\Documentos Christian\Archivos Estudio\Sena\PROYECTO FORMATIVO\BackEnd\Conexion-EcoRisaralda\vendor\laravel\framework\src\Illuminate\Database\Connection.php:573
C:\Users\USUARIO\Documents\Documentos Christian\Archivos Estudio\Sena\PROYECTO FORMATIVO\BackEnd\Conexion-EcoRisaralda\vendor\laravel\framework\src\Illuminate\Database\Connection.php:537
C:\Users\USUARIO\Documents\Documentos Christian\Archivos Estudio\Sena\PROYECTO FORMATIVO\BackEnd\Conexion-EcoRisaralda\vendor\laravel\framework\src\Illuminate\Database\Query\Processors\Processor.php:32
C:\Users\USUARIO\Documents\Documentos Christian\Archivos Estudio\Sena\PROYECTO FORMATIVO\BackEnd\Conexion-EcoRisaralda\vendor\laravel\framework\src\Illuminate\Database\Query\Builder.php:4054
C:\Users\USUARIO\Documents\Documentos Christian\Archivos Estudio\Sena\PROYECTO FORMATIVO\BackEnd\Conexion-EcoRisaralda\vendor\laravel\framework\src\Illuminate\Database\Eloquent\Builder.php:2235
C:\Users\USUARIO\Documents\Documentos Christian\Archivos Estudio\Sena\PROYECTO FORMATIVO\BackEnd\Conexion-EcoRisaralda\vendor\laravel\framework\src\Illuminate\Database\Eloquent\Model.php:1436
C:\Users\USUARIO\Documents\Documentos Christian\Archivos Estudio\Sena\PROYECTO FORMATIVO\BackEnd\Conexion-EcoRisaralda\vendor\laravel\framework\src\Illuminate\Database\Eloquent\Model.php:1401
C:\Users\USUARIO\Documents\Documentos Christian\Archivos Estudio\Sena\PROYECTO FORMATIVO\BackEnd\Conexion-EcoRisaralda\vendor\laravel\framework\src\Illuminate\Database\Eloquent\Model.php:1240
C:\Users\USUARIO\Documents\Documentos Christian\Archivos Estudio\Sena\PROYECTO FORMATIVO\BackEnd\Conexion-EcoRisaralda\vendor\laravel\framework\src\Illuminate\Database\Eloquent\Factories\Factory.php:370
C:\Users\USUARIO\Documents\Documentos Christian\Archivos Estudio\Sena\PROYECTO FORMATIVO\BackEnd\Conexion-EcoRisaralda\vendor\laravel\framework\src\Illuminate\Collections\Traits\EnumeratesValues.php:275
C:\Users\USUARIO\Documents\Documentos Christian\Archivos Estudio\Sena\PROYECTO FORMATIVO\BackEnd\Conexion-EcoRisaralda\vendor\laravel\framework\src\Illuminate\Database\Eloquent\Factories\Factory.php:365
C:\Users\USUARIO\Documents\Documentos Christian\Archivos Estudio\Sena\PROYECTO FORMATIVO\BackEnd\Conexion-EcoRisaralda\vendor\laravel\framework\src\Illuminate\Database\Eloquent\Factories\Factory.php:321
C:\Users\USUARIO\Documents\Documentos Christian\Archivos Estudio\Sena\PROYECTO FORMATIVO\BackEnd\Conexion-EcoRisaralda\tests\Feature\ReviewsApiTest.php:122</error>
        </testcase>
        <testcase name="test_unauthenticated_user_cannot_create_review" file="C:\Users\USUARIO\Documents\Documentos Christian\Archivos Estudio\Sena\PROYECTO FORMATIVO\BackEnd\Conexion-EcoRisaralda\tests\Feature\ReviewsApiTest.php" line="141" class="Tests\Feature\ReviewsApiTest" classname="Tests.Feature.ReviewsApiTest" assertions="0" time="0.052719">
          <error type="Illuminate\Database\QueryException">Tests\Feature\ReviewsApiTest::test_unauthenticated_user_cannot_create_review&#13;
Illuminate\Database\QueryException: SQLSTATE[23000]: Integrity constraint violation: 19 NOT NULL constraint failed: users.country_id (Connection: sqlite, Database: :memory:, SQL: insert into "users" ("name", "last_name", "email", "email_verified_at", "password", "remember_token", "role", "status", "updated_at", "created_at") values (Johnnie, Wiegand, augustine62@example.org, 2026-03-25 04:18:54, $2y$04$EaN17TeHgkHuWBeOfDlUxeQfGzwFqvgMplS7NDDjTlYAICj0FxiGG, sp6Rb36k27, operator, active, 2026-03-25 04:18:54, 2026-03-25 04:18:54))
&#13;
C:\Users\USUARIO\Documents\Documentos Christian\Archivos Estudio\Sena\PROYECTO FORMATIVO\BackEnd\Conexion-EcoRisaralda\vendor\laravel\framework\src\Illuminate\Database\Connection.php:838
C:\Users\USUARIO\Documents\Documentos Christian\Archivos Estudio\Sena\PROYECTO FORMATIVO\BackEnd\Conexion-EcoRisaralda\vendor\laravel\framework\src\Illuminate\Database\Connection.php:794
C:\Users\USUARIO\Documents\Documentos Christian\Archivos Estudio\Sena\PROYECTO FORMATIVO\BackEnd\Conexion-EcoRisaralda\vendor\laravel\framework\src\Illuminate\Database\Connection.php:573
C:\Users\USUARIO\Documents\Documentos Christian\Archivos Estudio\Sena\PROYECTO FORMATIVO\BackEnd\Conexion-EcoRisaralda\vendor\laravel\framework\src\Illuminate\Database\Connection.php:537
C:\Users\USUARIO\Documents\Documentos Christian\Archivos Estudio\Sena\PROYECTO FORMATIVO\BackEnd\Conexion-EcoRisaralda\vendor\laravel\framework\src\Illuminate\Database\Query\Processors\Processor.php:32
C:\Users\USUARIO\Documents\Documentos Christian\Archivos Estudio\Sena\PROYECTO FORMATIVO\BackEnd\Conexion-EcoRisaralda\vendor\laravel\framework\src\Illuminate\Database\Query\Builder.php:4054
C:\Users\USUARIO\Documents\Documentos Christian\Archivos Estudio\Sena\PROYECTO FORMATIVO\BackEnd\Conexion-EcoRisaralda\vendor\laravel\framework\src\Illuminate\Database\Eloquent\Builder.php:2235
C:\Users\USUARIO\Documents\Documentos Christian\Archivos Estudio\Sena\PROYECTO FORMATIVO\BackEnd\Conexion-EcoRisaralda\vendor\laravel\framework\src\Illuminate\Database\Eloquent\Model.php:1436
C:\Users\USUARIO\Documents\Documentos Christian\Archivos Estudio\Sena\PROYECTO FORMATIVO\BackEnd\Conexion-EcoRisaralda\vendor\laravel\framework\src\Illuminate\Database\Eloquent\Model.php:1401
C:\Users\USUARIO\Documents\Documentos Christian\Archivos Estudio\Sena\PROYECTO FORMATIVO\BackEnd\Conexion-EcoRisaralda\vendor\laravel\framework\src\Illuminate\Database\Eloquent\Model.php:1240
C:\Users\USUARIO\Documents\Documentos Christian\Archivos Estudio\Sena\PROYECTO FORMATIVO\BackEnd\Conexion-EcoRisaralda\vendor\laravel\framework\src\Illuminate\Database\Eloquent\Factories\Factory.php:370
C:\Users\USUARIO\Documents\Documentos Christian\Archivos Estudio\Sena\PROYECTO FORMATIVO\BackEnd\Conexion-EcoRisaralda\vendor\laravel\framework\src\Illuminate\Collections\Traits\EnumeratesValues.php:275
C:\Users\USUARIO\Documents\Documentos Christian\Archivos Estudio\Sena\PROYECTO FORMATIVO\BackEnd\Conexion-EcoRisaralda\vendor\laravel\framework\src\Illuminate\Database\Eloquent\Factories\Factory.php:365
C:\Users\USUARIO\Documents\Documentos Christian\Archivos Estudio\Sena\PROYECTO FORMATIVO\BackEnd\Conexion-EcoRisaralda\vendor\laravel\framework\src\Illuminate\Database\Eloquent\Factories\Factory.php:321
C:\Users\USUARIO\Documents\Documentos Christian\Archivos Estudio\Sena\PROYECTO FORMATIVO\BackEnd\Conexion-EcoRisaralda\tests\Feature\ReviewsApiTest.php:143</error>
        </testcase>
        <testcase name="test_review_rejects_profanity" file="C:\Users\USUARIO\Documents\Documentos Christian\Archivos Estudio\Sena\PROYECTO FORMATIVO\BackEnd\Conexion-EcoRisaralda\tests\Feature\ReviewsApiTest.php" line="154" class="Tests\Feature\ReviewsApiTest" classname="Tests.Feature.ReviewsApiTest" assertions="0" time="0.054714">
          <error type="Illuminate\Database\QueryException">Tests\Feature\ReviewsApiTest::test_review_rejects_profanity&#13;
Illuminate\Database\QueryException: SQLSTATE[23000]: Integrity constraint violation: 19 NOT NULL constraint failed: users.country_id (Connection: sqlite, Database: :memory:, SQL: insert into "users" ("name", "last_name", "email", "email_verified_at", "password", "remember_token", "role", "status", "updated_at", "created_at") values (Lindsay, Spinka, hilpert.bella@example.com, 2026-03-25 04:18:54, $2y$04$EaN17TeHgkHuWBeOfDlUxeQfGzwFqvgMplS7NDDjTlYAICj0FxiGG, x1rI5CvXhF, user, active, 2026-03-25 04:18:54, 2026-03-25 04:18:54))
&#13;
C:\Users\USUARIO\Documents\Documentos Christian\Archivos Estudio\Sena\PROYECTO FORMATIVO\BackEnd\Conexion-EcoRisaralda\vendor\laravel\framework\src\Illuminate\Database\Connection.php:838
C:\Users\USUARIO\Documents\Documentos Christian\Archivos Estudio\Sena\PROYECTO FORMATIVO\BackEnd\Conexion-EcoRisaralda\vendor\laravel\framework\src\Illuminate\Database\Connection.php:794
C:\Users\USUARIO\Documents\Documentos Christian\Archivos Estudio\Sena\PROYECTO FORMATIVO\BackEnd\Conexion-EcoRisaralda\vendor\laravel\framework\src\Illuminate\Database\Connection.php:573
C:\Users\USUARIO\Documents\Documentos Christian\Archivos Estudio\Sena\PROYECTO FORMATIVO\BackEnd\Conexion-EcoRisaralda\vendor\laravel\framework\src\Illuminate\Database\Connection.php:537
C:\Users\USUARIO\Documents\Documentos Christian\Archivos Estudio\Sena\PROYECTO FORMATIVO\BackEnd\Conexion-EcoRisaralda\vendor\laravel\framework\src\Illuminate\Database\Query\Processors\Processor.php:32
C:\Users\USUARIO\Documents\Documentos Christian\Archivos Estudio\Sena\PROYECTO FORMATIVO\BackEnd\Conexion-EcoRisaralda\vendor\laravel\framework\src\Illuminate\Database\Query\Builder.php:4054
C:\Users\USUARIO\Documents\Documentos Christian\Archivos Estudio\Sena\PROYECTO FORMATIVO\BackEnd\Conexion-EcoRisaralda\vendor\laravel\framework\src\Illuminate\Database\Eloquent\Builder.php:2235
C:\Users\USUARIO\Documents\Documentos Christian\Archivos Estudio\Sena\PROYECTO FORMATIVO\BackEnd\Conexion-EcoRisaralda\vendor\laravel\framework\src\Illuminate\Database\Eloquent\Model.php:1436
C:\Users\USUARIO\Documents\Documentos Christian\Archivos Estudio\Sena\PROYECTO FORMATIVO\BackEnd\Conexion-EcoRisaralda\vendor\laravel\framework\src\Illuminate\Database\Eloquent\Model.php:1401
C:\Users\USUARIO\Documents\Documentos Christian\Archivos Estudio\Sena\PROYECTO FORMATIVO\BackEnd\Conexion-EcoRisaralda\vendor\laravel\framework\src\Illuminate\Database\Eloquent\Model.php:1240
C:\Users\USUARIO\Documents\Documentos Christian\Archivos Estudio\Sena\PROYECTO FORMATIVO\BackEnd\Conexion-EcoRisaralda\vendor\laravel\framework\src\Illuminate\Database\Eloquent\Factories\Factory.php:370
C:\Users\USUARIO\Documents\Documentos Christian\Archivos Estudio\Sena\PROYECTO FORMATIVO\BackEnd\Conexion-EcoRisaralda\vendor\laravel\framework\src\Illuminate\Collections\Traits\EnumeratesValues.php:275
C:\Users\USUARIO\Documents\Documentos Christian\Archivos Estudio\Sena\PROYECTO FORMATIVO\BackEnd\Conexion-EcoRisaralda\vendor\laravel\framework\src\Illuminate\Database\Eloquent\Factories\Factory.php:365
C:\Users\USUARIO\Documents\Documentos Christian\Archivos Estudio\Sena\PROYECTO FORMATIVO\BackEnd\Conexion-EcoRisaralda\vendor\laravel\framework\src\Illuminate\Database\Eloquent\Factories\Factory.php:321
C:\Users\USUARIO\Documents\Documentos Christian\Archivos Estudio\Sena\PROYECTO FORMATIVO\BackEnd\Conexion-EcoRisaralda\tests\Feature\ReviewsApiTest.php:156</error>
        </testcase>
      </testsuite>
    </testsuite>
  </testsuite>
</testsuites>
