<?xml version="1.0" encoding="UTF-8"?>
<testsuites>
  <testsuite name="C:\Users\USUARIO\Documents\Documentos Christian\Archivos Estudio\Sena\PROYECTO FORMATIVO\BackEnd\Conexion-EcoRisaralda\phpunit.xml" tests="66" assertions="124" errors="0" failures="0" skipped="0" time="6.370109">
    <testsuite name="Unit" tests="6" assertions="17" errors="0" failures="0" skipped="0" time="0.834197">
      <testsuite name="Tests\Unit\TuristicPlaceModelTest" file="C:\Users\USUARIO\Documents\Documentos Christian\Archivos Estudio\Sena\PROYECTO FORMATIVO\BackEnd\Conexion-EcoRisaralda\tests\Unit\TuristicPlaceModelTest.php" tests="6" assertions="17" errors="0" failures="0" skipped="0" time="0.834197">
        <testcase name="test_place_has_fillable_attributes" file="C:\Users\USUARIO\Documents\Documentos Christian\Archivos Estudio\Sena\PROYECTO FORMATIVO\BackEnd\Conexion-EcoRisaralda\tests\Unit\TuristicPlaceModelTest.php" line="14" class="Tests\Unit\TuristicPlaceModelTest" classname="Tests.Unit.TuristicPlaceModelTest" assertions="7" time="0.538370">
          <system-out>

</system-out>
        </testcase>
        <testcase name="test_place_casts_open_days_to_array" file="C:\Users\USUARIO\Documents\Documentos Christian\Archivos Estudio\Sena\PROYECTO FORMATIVO\BackEnd\Conexion-EcoRisaralda\tests\Unit\TuristicPlaceModelTest.php" line="27" class="Tests\Unit\TuristicPlaceModelTest" classname="Tests.Unit.TuristicPlaceModelTest" assertions="2" time="0.045187"/>
        <testcase name="test_place_belongs_to_user" file="C:\Users\USUARIO\Documents\Documentos Christian\Archivos Estudio\Sena\PROYECTO FORMATIVO\BackEnd\Conexion-EcoRisaralda\tests\Unit\TuristicPlaceModelTest.php" line="36" class="Tests\Unit\TuristicPlaceModelTest" classname="Tests.Unit.TuristicPlaceModelTest" assertions="2" time="0.084724"/>
        <testcase name="test_place_has_events_relationship" file="C:\Users\USUARIO\Documents\Documentos Christian\Archivos Estudio\Sena\PROYECTO FORMATIVO\BackEnd\Conexion-EcoRisaralda\tests\Unit\TuristicPlaceModelTest.php" line="45" class="Tests\Unit\TuristicPlaceModelTest" classname="Tests.Unit.TuristicPlaceModelTest" assertions="1" time="0.057906"/>
        <testcase name="test_place_has_label_relationship" file="C:\Users\USUARIO\Documents\Documentos Christian\Archivos Estudio\Sena\PROYECTO FORMATIVO\BackEnd\Conexion-EcoRisaralda\tests\Unit\TuristicPlaceModelTest.php" line="53" class="Tests\Unit\TuristicPlaceModelTest" classname="Tests.Unit.TuristicPlaceModelTest" assertions="1" time="0.056063"/>
        <testcase name="test_place_factory_creates_valid_place" file="C:\Users\USUARIO\Documents\Documentos Christian\Archivos Estudio\Sena\PROYECTO FORMATIVO\BackEnd\Conexion-EcoRisaralda\tests\Unit\TuristicPlaceModelTest.php" line="61" class="Tests\Unit\TuristicPlaceModelTest" classname="Tests.Unit.TuristicPlaceModelTest" assertions="4" time="0.051947"/>
      </testsuite>
    </testsuite>
    <testsuite name="Feature" tests="60" assertions="107" errors="0" failures="0" skipped="0" time="5.535912">
      <testsuite name="Tests\Feature\Auth\AuthenticationTest" file="C:\Users\USUARIO\Documents\Documentos Christian\Archivos Estudio\Sena\PROYECTO FORMATIVO\BackEnd\Conexion-EcoRisaralda\tests\Feature\Auth\AuthenticationTest.php" tests="5" assertions="14" errors="0" failures="0" skipped="0" time="0.648530">
        <testcase name="test_user_can_login_via_api" file="C:\Users\USUARIO\Documents\Documentos Christian\Archivos Estudio\Sena\PROYECTO FORMATIVO\BackEnd\Conexion-EcoRisaralda\tests\Feature\Auth\AuthenticationTest.php" line="13" class="Tests\Feature\Auth\AuthenticationTest" classname="Tests.Feature.Auth.AuthenticationTest" assertions="4" time="0.182321"/>
        <testcase name="test_user_cannot_login_with_invalid_password" file="C:\Users\USUARIO\Documents\Documentos Christian\Archivos Estudio\Sena\PROYECTO FORMATIVO\BackEnd\Conexion-EcoRisaralda\tests\Feature\Auth\AuthenticationTest.php" line="28" class="Tests\Feature\Auth\AuthenticationTest" classname="Tests.Feature.Auth.AuthenticationTest" assertions="2" time="0.295331"/>
        <testcase name="test_unverified_user_cannot_login" file="C:\Users\USUARIO\Documents\Documentos Christian\Archivos Estudio\Sena\PROYECTO FORMATIVO\BackEnd\Conexion-EcoRisaralda\tests\Feature\Auth\AuthenticationTest.php" line="43" class="Tests\Feature\Auth\AuthenticationTest" classname="Tests.Feature.Auth.AuthenticationTest" assertions="1" time="0.056855"/>
        <testcase name="test_authenticated_user_can_logout" file="C:\Users\USUARIO\Documents\Documentos Christian\Archivos Estudio\Sena\PROYECTO FORMATIVO\BackEnd\Conexion-EcoRisaralda\tests\Feature\Auth\AuthenticationTest.php" line="57" class="Tests\Feature\Auth\AuthenticationTest" classname="Tests.Feature.Auth.AuthenticationTest" assertions="3" time="0.059666"/>
        <testcase name="test_login_requires_email_and_password" file="C:\Users\USUARIO\Documents\Documentos Christian\Archivos Estudio\Sena\PROYECTO FORMATIVO\BackEnd\Conexion-EcoRisaralda\tests\Feature\Auth\AuthenticationTest.php" line="73" class="Tests\Feature\Auth\AuthenticationTest" classname="Tests.Feature.Auth.AuthenticationTest" assertions="4" time="0.054357"/>
      </testsuite>
      <testsuite name="Tests\Feature\Auth\EmailVerificationTest" file="C:\Users\USUARIO\Documents\Documentos Christian\Archivos Estudio\Sena\PROYECTO FORMATIVO\BackEnd\Conexion-EcoRisaralda\tests\Feature\Auth\EmailVerificationTest.php" tests="3" assertions="6" errors="0" failures="0" skipped="0" time="0.392393">
        <testcase name="test_verification_email_can_be_resent" file="C:\Users\USUARIO\Documents\Documentos Christian\Archivos Estudio\Sena\PROYECTO FORMATIVO\BackEnd\Conexion-EcoRisaralda\tests\Feature\Auth\EmailVerificationTest.php" line="13" class="Tests\Feature\Auth\EmailVerificationTest" classname="Tests.Feature.Auth.EmailVerificationTest" assertions="2" time="0.262647"/>
        <testcase name="test_verified_user_gets_already_verified_message" file="C:\Users\USUARIO\Documents\Documentos Christian\Archivos Estudio\Sena\PROYECTO FORMATIVO\BackEnd\Conexion-EcoRisaralda\tests\Feature\Auth\EmailVerificationTest.php" line="27" class="Tests\Feature\Auth\EmailVerificationTest" classname="Tests.Feature.Auth.EmailVerificationTest" assertions="2" time="0.071176"/>
        <testcase name="test_nonexistent_email_returns_generic_success" file="C:\Users\USUARIO\Documents\Documentos Christian\Archivos Estudio\Sena\PROYECTO FORMATIVO\BackEnd\Conexion-EcoRisaralda\tests\Feature\Auth\EmailVerificationTest.php" line="41" class="Tests\Feature\Auth\EmailVerificationTest" classname="Tests.Feature.Auth.EmailVerificationTest" assertions="2" time="0.058570"/>
      </testsuite>
      <testsuite name="Tests\Feature\Auth\PasswordResetTest" file="C:\Users\USUARIO\Documents\Documentos Christian\Archivos Estudio\Sena\PROYECTO FORMATIVO\BackEnd\Conexion-EcoRisaralda\tests\Feature\Auth\PasswordResetTest.php" tests="4" assertions="6" errors="0" failures="0" skipped="0" time="0.897600">
        <testcase name="test_password_reset_link_can_be_requested" file="C:\Users\USUARIO\Documents\Documentos Christian\Archivos Estudio\Sena\PROYECTO FORMATIVO\BackEnd\Conexion-EcoRisaralda\tests\Feature\Auth\PasswordResetTest.php" line="14" class="Tests\Feature\Auth\PasswordResetTest" classname="Tests.Feature.Auth.PasswordResetTest" assertions="2" time="0.270915"/>
        <testcase name="test_password_reset_fails_for_nonexistent_email" file="C:\Users\USUARIO\Documents\Documentos Christian\Archivos Estudio\Sena\PROYECTO FORMATIVO\BackEnd\Conexion-EcoRisaralda\tests\Feature\Auth\PasswordResetTest.php" line="26" class="Tests\Feature\Auth\PasswordResetTest" classname="Tests.Feature.Auth.PasswordResetTest" assertions="1" time="0.266582"/>
        <testcase name="test_password_can_be_reset_with_valid_token" file="C:\Users\USUARIO\Documents\Documentos Christian\Archivos Estudio\Sena\PROYECTO FORMATIVO\BackEnd\Conexion-EcoRisaralda\tests\Feature\Auth\PasswordResetTest.php" line="35" class="Tests\Feature\Auth\PasswordResetTest" classname="Tests.Feature.Auth.PasswordResetTest" assertions="2" time="0.083717"/>
        <testcase name="test_password_reset_fails_with_invalid_token" file="C:\Users\USUARIO\Documents\Documentos Christian\Archivos Estudio\Sena\PROYECTO FORMATIVO\BackEnd\Conexion-EcoRisaralda\tests\Feature\Auth\PasswordResetTest.php" line="51" class="Tests\Feature\Auth\PasswordResetTest" classname="Tests.Feature.Auth.PasswordResetTest" assertions="1" time="0.276386"/>
      </testsuite>
      <testsuite name="Tests\Feature\Auth\RegistrationTest" file="C:\Users\USUARIO\Documents\Documentos Christian\Archivos Estudio\Sena\PROYECTO FORMATIVO\BackEnd\Conexion-EcoRisaralda\tests\Feature\Auth\RegistrationTest.php" tests="5" assertions="14" errors="0" failures="0" skipped="0" time="0.440961">
        <testcase name="test_user_can_register_via_api" file="C:\Users\USUARIO\Documents\Documentos Christian\Archivos Estudio\Sena\PROYECTO FORMATIVO\BackEnd\Conexion-EcoRisaralda\tests\Feature\Auth\RegistrationTest.php" line="13" class="Tests\Feature\Auth\RegistrationTest" classname="Tests.Feature.Auth.RegistrationTest" assertions="3" time="0.125691"/>
        <testcase name="test_operator_can_register_via_api" file="C:\Users\USUARIO\Documents\Documentos Christian\Archivos Estudio\Sena\PROYECTO FORMATIVO\BackEnd\Conexion-EcoRisaralda\tests\Feature\Auth\RegistrationTest.php" line="36" class="Tests\Feature\Auth\RegistrationTest" classname="Tests.Feature.Auth.RegistrationTest" assertions="2" time="0.115266"/>
        <testcase name="test_registration_fails_with_duplicate_email" file="C:\Users\USUARIO\Documents\Documentos Christian\Archivos Estudio\Sena\PROYECTO FORMATIVO\BackEnd\Conexion-EcoRisaralda\tests\Feature\Auth\RegistrationTest.php" line="58" class="Tests\Feature\Auth\RegistrationTest" classname="Tests.Feature.Auth.RegistrationTest" assertions="3" time="0.065020"/>
        <testcase name="test_registration_fails_with_weak_password" file="C:\Users\USUARIO\Documents\Documentos Christian\Archivos Estudio\Sena\PROYECTO FORMATIVO\BackEnd\Conexion-EcoRisaralda\tests\Feature\Auth\RegistrationTest.php" line="74" class="Tests\Feature\Auth\RegistrationTest" classname="Tests.Feature.Auth.RegistrationTest" assertions="3" time="0.074563"/>
        <testcase name="test_registration_requires_last_name" file="C:\Users\USUARIO\Documents\Documentos Christian\Archivos Estudio\Sena\PROYECTO FORMATIVO\BackEnd\Conexion-EcoRisaralda\tests\Feature\Auth\RegistrationTest.php" line="88" class="Tests\Feature\Auth\RegistrationTest" classname="Tests.Feature.Auth.RegistrationTest" assertions="3" time="0.060421"/>
      </testsuite>
      <testsuite name="Tests\Feature\EventsApiTest" file="C:\Users\USUARIO\Documents\Documentos Christian\Archivos Estudio\Sena\PROYECTO FORMATIVO\BackEnd\Conexion-EcoRisaralda\tests\Feature\EventsApiTest.php" tests="7" assertions="10" errors="0" failures="0" skipped="0" time="0.577338">
        <testcase name="test_can_list_upcoming_events" file="C:\Users\USUARIO\Documents\Documentos Christian\Archivos Estudio\Sena\PROYECTO FORMATIVO\BackEnd\Conexion-EcoRisaralda\tests\Feature\EventsApiTest.php" line="21" class="Tests\Feature\EventsApiTest" classname="Tests.Feature.EventsApiTest" assertions="2" time="0.077196"/>
        <testcase name="test_can_get_next_event" file="C:\Users\USUARIO\Documents\Documentos Christian\Archivos Estudio\Sena\PROYECTO FORMATIVO\BackEnd\Conexion-EcoRisaralda\tests\Feature\EventsApiTest.php" line="33" class="Tests\Feature\EventsApiTest" classname="Tests.Feature.EventsApiTest" assertions="2" time="0.075923"/>
        <testcase name="test_can_get_event_by_id" file="C:\Users\USUARIO\Documents\Documentos Christian\Archivos Estudio\Sena\PROYECTO FORMATIVO\BackEnd\Conexion-EcoRisaralda\tests\Feature\EventsApiTest.php" line="46" class="Tests\Feature\EventsApiTest" classname="Tests.Feature.EventsApiTest" assertions="1" time="0.078999"/>
        <testcase name="test_returns_404_for_nonexistent_event" file="C:\Users\USUARIO\Documents\Documentos Christian\Archivos Estudio\Sena\PROYECTO FORMATIVO\BackEnd\Conexion-EcoRisaralda\tests\Feature\EventsApiTest.php" line="58" class="Tests\Feature\EventsApiTest" classname="Tests.Feature.EventsApiTest" assertions="1" time="0.068900"/>
        <testcase name="test_operator_can_create_event" file="C:\Users\USUARIO\Documents\Documentos Christian\Archivos Estudio\Sena\PROYECTO FORMATIVO\BackEnd\Conexion-EcoRisaralda\tests\Feature\EventsApiTest.php" line="67" class="Tests\Feature\EventsApiTest" classname="Tests.Feature.EventsApiTest" assertions="1" time="0.145674"/>
        <testcase name="test_regular_user_cannot_create_event" file="C:\Users\USUARIO\Documents\Documentos Christian\Archivos Estudio\Sena\PROYECTO FORMATIVO\BackEnd\Conexion-EcoRisaralda\tests\Feature\EventsApiTest.php" line="82" class="Tests\Feature\EventsApiTest" classname="Tests.Feature.EventsApiTest" assertions="1" time="0.065052"/>
        <testcase name="test_operator_can_delete_own_event" file="C:\Users\USUARIO\Documents\Documentos Christian\Archivos Estudio\Sena\PROYECTO FORMATIVO\BackEnd\Conexion-EcoRisaralda\tests\Feature\EventsApiTest.php" line="97" class="Tests\Feature\EventsApiTest" classname="Tests.Feature.EventsApiTest" assertions="2" time="0.065596"/>
      </testsuite>
      <testsuite name="Tests\Feature\ExampleTest" file="C:\Users\USUARIO\Documents\Documentos Christian\Archivos Estudio\Sena\PROYECTO FORMATIVO\BackEnd\Conexion-EcoRisaralda\tests\Feature\ExampleTest.php" tests="1" assertions="1" errors="0" failures="0" skipped="0" time="0.062536">
        <testcase name="test_the_api_returns_a_successful_response" file="C:\Users\USUARIO\Documents\Documentos Christian\Archivos Estudio\Sena\PROYECTO FORMATIVO\BackEnd\Conexion-EcoRisaralda\tests\Feature\ExampleTest.php" line="15" class="Tests\Feature\ExampleTest" classname="Tests.Feature.ExampleTest" assertions="1" time="0.062536"/>
      </testsuite>
      <testsuite name="Tests\Feature\FavoritesApiTest" file="C:\Users\USUARIO\Documents\Documentos Christian\Archivos Estudio\Sena\PROYECTO FORMATIVO\BackEnd\Conexion-EcoRisaralda\tests\Feature\FavoritesApiTest.php" tests="4" assertions="6" errors="0" failures="0" skipped="0" time="0.259818">
        <testcase name="test_user_can_list_favorites" file="C:\Users\USUARIO\Documents\Documentos Christian\Archivos Estudio\Sena\PROYECTO FORMATIVO\BackEnd\Conexion-EcoRisaralda\tests\Feature\FavoritesApiTest.php" line="20" class="Tests\Feature\FavoritesApiTest" classname="Tests.Feature.FavoritesApiTest" assertions="1" time="0.063614"/>
        <testcase name="test_user_can_add_to_favorites" file="C:\Users\USUARIO\Documents\Documentos Christian\Archivos Estudio\Sena\PROYECTO FORMATIVO\BackEnd\Conexion-EcoRisaralda\tests\Feature\FavoritesApiTest.php" line="29" class="Tests\Feature\FavoritesApiTest" classname="Tests.Feature.FavoritesApiTest" assertions="2" time="0.067467"/>
        <testcase name="test_user_can_remove_from_favorites" file="C:\Users\USUARIO\Documents\Documentos Christian\Archivos Estudio\Sena\PROYECTO FORMATIVO\BackEnd\Conexion-EcoRisaralda\tests\Feature\FavoritesApiTest.php" line="41" class="Tests\Feature\FavoritesApiTest" classname="Tests.Feature.FavoritesApiTest" assertions="2" time="0.067185"/>
        <testcase name="test_unauthenticated_user_cannot_manage_favorites" file="C:\Users\USUARIO\Documents\Documentos Christian\Archivos Estudio\Sena\PROYECTO FORMATIVO\BackEnd\Conexion-EcoRisaralda\tests\Feature\FavoritesApiTest.php" line="56" class="Tests\Feature\FavoritesApiTest" classname="Tests.Feature.FavoritesApiTest" assertions="1" time="0.061552"/>
      </testsuite>
      <testsuite name="Tests\Feature\HealthTest" file="C:\Users\USUARIO\Documents\Documentos Christian\Archivos Estudio\Sena\PROYECTO FORMATIVO\BackEnd\Conexion-EcoRisaralda\tests\Feature\HealthTest.php" tests="1" assertions="2" errors="0" failures="0" skipped="0" time="0.054156">
        <testcase name="test_health_endpoint_returns_ok" file="C:\Users\USUARIO\Documents\Documentos Christian\Archivos Estudio\Sena\PROYECTO FORMATIVO\BackEnd\Conexion-EcoRisaralda\tests\Feature\HealthTest.php" line="9" class="Tests\Feature\HealthTest" classname="Tests.Feature.HealthTest" assertions="2" time="0.054156"/>
      </testsuite>
      <testsuite name="Tests\Feature\HistoryApiTest" file="C:\Users\USUARIO\Documents\Documentos Christian\Archivos Estudio\Sena\PROYECTO FORMATIVO\BackEnd\Conexion-EcoRisaralda\tests\Feature\HistoryApiTest.php" tests="4" assertions="6" errors="0" failures="0" skipped="0" time="0.257509">
        <testcase name="test_user_can_register_place_visit" file="C:\Users\USUARIO\Documents\Documentos Christian\Archivos Estudio\Sena\PROYECTO FORMATIVO\BackEnd\Conexion-EcoRisaralda\tests\Feature\HistoryApiTest.php" line="21" class="Tests\Feature\HistoryApiTest" classname="Tests.Feature.HistoryApiTest" assertions="3" time="0.071158"/>
        <testcase name="test_user_can_get_history" file="C:\Users\USUARIO\Documents\Documentos Christian\Archivos Estudio\Sena\PROYECTO FORMATIVO\BackEnd\Conexion-EcoRisaralda\tests\Feature\HistoryApiTest.php" line="38" class="Tests\Feature\HistoryApiTest" classname="Tests.Feature.HistoryApiTest" assertions="1" time="0.066276"/>
        <testcase name="test_user_can_get_their_reviews" file="C:\Users\USUARIO\Documents\Documentos Christian\Archivos Estudio\Sena\PROYECTO FORMATIVO\BackEnd\Conexion-EcoRisaralda\tests\Feature\HistoryApiTest.php" line="58" class="Tests\Feature\HistoryApiTest" classname="Tests.Feature.HistoryApiTest" assertions="1" time="0.063035"/>
        <testcase name="test_unauthenticated_user_cannot_access_history" file="C:\Users\USUARIO\Documents\Documentos Christian\Archivos Estudio\Sena\PROYECTO FORMATIVO\BackEnd\Conexion-EcoRisaralda\tests\Feature\HistoryApiTest.php" line="67" class="Tests\Feature\HistoryApiTest" classname="Tests.Feature.HistoryApiTest" assertions="1" time="0.057040"/>
      </testsuite>
      <testsuite name="Tests\Feature\NotificationsApiTest" file="C:\Users\USUARIO\Documents\Documentos Christian\Archivos Estudio\Sena\PROYECTO FORMATIVO\BackEnd\Conexion-EcoRisaralda\tests\Feature\NotificationsApiTest.php" tests="5" assertions="8" errors="0" failures="0" skipped="0" time="0.330729">
        <testcase name="test_user_can_list_notifications" file="C:\Users\USUARIO\Documents\Documentos Christian\Archivos Estudio\Sena\PROYECTO FORMATIVO\BackEnd\Conexion-EcoRisaralda\tests\Feature\NotificationsApiTest.php" line="17" class="Tests\Feature\NotificationsApiTest" classname="Tests.Feature.NotificationsApiTest" assertions="1" time="0.071019"/>
        <testcase name="test_user_can_mark_notification_as_read" file="C:\Users\USUARIO\Documents\Documentos Christian\Archivos Estudio\Sena\PROYECTO FORMATIVO\BackEnd\Conexion-EcoRisaralda\tests\Feature\NotificationsApiTest.php" line="32" class="Tests\Feature\NotificationsApiTest" classname="Tests.Feature.NotificationsApiTest" assertions="2" time="0.072498"/>
        <testcase name="test_user_can_archive_notification" file="C:\Users\USUARIO\Documents\Documentos Christian\Archivos Estudio\Sena\PROYECTO FORMATIVO\BackEnd\Conexion-EcoRisaralda\tests\Feature\NotificationsApiTest.php" line="50" class="Tests\Feature\NotificationsApiTest" classname="Tests.Feature.NotificationsApiTest" assertions="2" time="0.064751"/>
        <testcase name="test_user_can_archive_all_notifications" file="C:\Users\USUARIO\Documents\Documentos Christian\Archivos Estudio\Sena\PROYECTO FORMATIVO\BackEnd\Conexion-EcoRisaralda\tests\Feature\NotificationsApiTest.php" line="68" class="Tests\Feature\NotificationsApiTest" classname="Tests.Feature.NotificationsApiTest" assertions="2" time="0.069873"/>
        <testcase name="test_unauthenticated_user_cannot_access_notifications" file="C:\Users\USUARIO\Documents\Documentos Christian\Archivos Estudio\Sena\PROYECTO FORMATIVO\BackEnd\Conexion-EcoRisaralda\tests\Feature\NotificationsApiTest.php" line="90" class="Tests\Feature\NotificationsApiTest" classname="Tests.Feature.NotificationsApiTest" assertions="1" time="0.052587"/>
      </testsuite>
      <testsuite name="Tests\Feature\PlacesApiTest" file="C:\Users\USUARIO\Documents\Documentos Christian\Archivos Estudio\Sena\PROYECTO FORMATIVO\BackEnd\Conexion-EcoRisaralda\tests\Feature\PlacesApiTest.php" tests="6" assertions="6" errors="0" failures="0" skipped="0" time="0.421037">
        <testcase name="test_can_list_places" file="C:\Users\USUARIO\Documents\Documentos Christian\Archivos Estudio\Sena\PROYECTO FORMATIVO\BackEnd\Conexion-EcoRisaralda\tests\Feature\PlacesApiTest.php" line="20" class="Tests\Feature\PlacesApiTest" classname="Tests.Feature.PlacesApiTest" assertions="1" time="0.081724"/>
        <testcase name="test_can_get_single_place" file="C:\Users\USUARIO\Documents\Documentos Christian\Archivos Estudio\Sena\PROYECTO FORMATIVO\BackEnd\Conexion-EcoRisaralda\tests\Feature\PlacesApiTest.php" line="30" class="Tests\Feature\PlacesApiTest" classname="Tests.Feature.PlacesApiTest" assertions="1" time="0.066360"/>
        <testcase name="test_returns_404_for_nonexistent_place" file="C:\Users\USUARIO\Documents\Documentos Christian\Archivos Estudio\Sena\PROYECTO FORMATIVO\BackEnd\Conexion-EcoRisaralda\tests\Feature\PlacesApiTest.php" line="40" class="Tests\Feature\PlacesApiTest" classname="Tests.Feature.PlacesApiTest" assertions="1" time="0.055042"/>
        <testcase name="test_operator_can_get_their_places" file="C:\Users\USUARIO\Documents\Documentos Christian\Archivos Estudio\Sena\PROYECTO FORMATIVO\BackEnd\Conexion-EcoRisaralda\tests\Feature\PlacesApiTest.php" line="47" class="Tests\Feature\PlacesApiTest" classname="Tests.Feature.PlacesApiTest" assertions="1" time="0.087029"/>
        <testcase name="test_operator_can_delete_own_place" file="C:\Users\USUARIO\Documents\Documentos Christian\Archivos Estudio\Sena\PROYECTO FORMATIVO\BackEnd\Conexion-EcoRisaralda\tests\Feature\PlacesApiTest.php" line="57" class="Tests\Feature\PlacesApiTest" classname="Tests.Feature.PlacesApiTest" assertions="1" time="0.069693"/>
        <testcase name="test_unauthenticated_user_cannot_delete_place" file="C:\Users\USUARIO\Documents\Documentos Christian\Archivos Estudio\Sena\PROYECTO FORMATIVO\BackEnd\Conexion-EcoRisaralda\tests\Feature\PlacesApiTest.php" line="67" class="Tests\Feature\PlacesApiTest" classname="Tests.Feature.PlacesApiTest" assertions="1" time="0.061189"/>
      </testsuite>
      <testsuite name="Tests\Feature\PreferencesApiTest" file="C:\Users\USUARIO\Documents\Documentos Christian\Archivos Estudio\Sena\PROYECTO FORMATIVO\BackEnd\Conexion-EcoRisaralda\tests\Feature\PreferencesApiTest.php" tests="6" assertions="9" errors="0" failures="0" skipped="0" time="0.409611">
        <testcase name="test_can_list_preferences_without_auth" file="C:\Users\USUARIO\Documents\Documentos Christian\Archivos Estudio\Sena\PROYECTO FORMATIVO\BackEnd\Conexion-EcoRisaralda\tests\Feature\PreferencesApiTest.php" line="19" class="Tests\Feature\PreferencesApiTest" classname="Tests.Feature.PreferencesApiTest" assertions="1" time="0.069555"/>
        <testcase name="test_preferences_are_seeded_if_empty" file="C:\Users\USUARIO\Documents\Documentos Christian\Archivos Estudio\Sena\PROYECTO FORMATIVO\BackEnd\Conexion-EcoRisaralda\tests\Feature\PreferencesApiTest.php" line="26" class="Tests\Feature\PreferencesApiTest" classname="Tests.Feature.PreferencesApiTest" assertions="2" time="0.062105"/>
        <testcase name="test_user_can_get_their_preferences" file="C:\Users\USUARIO\Documents\Documentos Christian\Archivos Estudio\Sena\PROYECTO FORMATIVO\BackEnd\Conexion-EcoRisaralda\tests\Feature\PreferencesApiTest.php" line="34" class="Tests\Feature\PreferencesApiTest" classname="Tests.Feature.PreferencesApiTest" assertions="1" time="0.066345"/>
        <testcase name="test_user_can_update_preferences" file="C:\Users\USUARIO\Documents\Documentos Christian\Archivos Estudio\Sena\PROYECTO FORMATIVO\BackEnd\Conexion-EcoRisaralda\tests\Feature\PreferencesApiTest.php" line="43" class="Tests\Feature\PreferencesApiTest" classname="Tests.Feature.PreferencesApiTest" assertions="2" time="0.086843"/>
        <testcase name="test_first_time_preferences_flag" file="C:\Users\USUARIO\Documents\Documentos Christian\Archivos Estudio\Sena\PROYECTO FORMATIVO\BackEnd\Conexion-EcoRisaralda\tests\Feature\PreferencesApiTest.php" line="61" class="Tests\Feature\PreferencesApiTest" classname="Tests.Feature.PreferencesApiTest" assertions="2" time="0.071016"/>
        <testcase name="test_unauthenticated_user_cannot_update_preferences" file="C:\Users\USUARIO\Documents\Documentos Christian\Archivos Estudio\Sena\PROYECTO FORMATIVO\BackEnd\Conexion-EcoRisaralda\tests\Feature\PreferencesApiTest.php" line="71" class="Tests\Feature\PreferencesApiTest" classname="Tests.Feature.PreferencesApiTest" assertions="1" time="0.053748"/>
      </testsuite>
      <testsuite name="Tests\Feature\ReviewsApiTest" file="C:\Users\USUARIO\Documents\Documentos Christian\Archivos Estudio\Sena\PROYECTO FORMATIVO\BackEnd\Conexion-EcoRisaralda\tests\Feature\ReviewsApiTest.php" tests="9" assertions="19" errors="0" failures="0" skipped="0" time="0.783694">
        <testcase name="test_user_can_create_review" file="C:\Users\USUARIO\Documents\Documentos Christian\Archivos Estudio\Sena\PROYECTO FORMATIVO\BackEnd\Conexion-EcoRisaralda\tests\Feature\ReviewsApiTest.php" line="21" class="Tests\Feature\ReviewsApiTest" classname="Tests.Feature.ReviewsApiTest" assertions="3" time="0.088533"/>
        <testcase name="test_operator_cannot_review_own_place" file="C:\Users\USUARIO\Documents\Documentos Christian\Archivos Estudio\Sena\PROYECTO FORMATIVO\BackEnd\Conexion-EcoRisaralda\tests\Feature\ReviewsApiTest.php" line="42" class="Tests\Feature\ReviewsApiTest" classname="Tests.Feature.ReviewsApiTest" assertions="1" time="0.068813"/>
        <testcase name="test_review_requires_rating" file="C:\Users\USUARIO\Documents\Documentos Christian\Archivos Estudio\Sena\PROYECTO FORMATIVO\BackEnd\Conexion-EcoRisaralda\tests\Feature\ReviewsApiTest.php" line="55" class="Tests\Feature\ReviewsApiTest" classname="Tests.Feature.ReviewsApiTest" assertions="3" time="0.080233"/>
        <testcase name="test_review_rating_must_be_between_1_and_5" file="C:\Users\USUARIO\Documents\Documentos Christian\Archivos Estudio\Sena\PROYECTO FORMATIVO\BackEnd\Conexion-EcoRisaralda\tests\Feature\ReviewsApiTest.php" line="69" class="Tests\Feature\ReviewsApiTest" classname="Tests.Feature.ReviewsApiTest" assertions="3" time="0.074390"/>
        <testcase name="test_user_can_delete_own_review" file="C:\Users\USUARIO\Documents\Documentos Christian\Archivos Estudio\Sena\PROYECTO FORMATIVO\BackEnd\Conexion-EcoRisaralda\tests\Feature\ReviewsApiTest.php" line="83" class="Tests\Feature\ReviewsApiTest" classname="Tests.Feature.ReviewsApiTest" assertions="2" time="0.073426"/>
        <testcase name="test_user_cannot_delete_others_review" file="C:\Users\USUARIO\Documents\Documentos Christian\Archivos Estudio\Sena\PROYECTO FORMATIVO\BackEnd\Conexion-EcoRisaralda\tests\Feature\ReviewsApiTest.php" line="102" class="Tests\Feature\ReviewsApiTest" classname="Tests.Feature.ReviewsApiTest" assertions="1" time="0.122738"/>
        <testcase name="test_user_can_react_to_review" file="C:\Users\USUARIO\Documents\Documentos Christian\Archivos Estudio\Sena\PROYECTO FORMATIVO\BackEnd\Conexion-EcoRisaralda\tests\Feature\ReviewsApiTest.php" line="120" class="Tests\Feature\ReviewsApiTest" classname="Tests.Feature.ReviewsApiTest" assertions="2" time="0.117220"/>
        <testcase name="test_unauthenticated_user_cannot_create_review" file="C:\Users\USUARIO\Documents\Documentos Christian\Archivos Estudio\Sena\PROYECTO FORMATIVO\BackEnd\Conexion-EcoRisaralda\tests\Feature\ReviewsApiTest.php" line="141" class="Tests\Feature\ReviewsApiTest" classname="Tests.Feature.ReviewsApiTest" assertions="1" time="0.082240"/>
        <testcase name="test_review_rejects_profanity" file="C:\Users\USUARIO\Documents\Documentos Christian\Archivos Estudio\Sena\PROYECTO FORMATIVO\BackEnd\Conexion-EcoRisaralda\tests\Feature\ReviewsApiTest.php" line="154" class="Tests\Feature\ReviewsApiTest" classname="Tests.Feature.ReviewsApiTest" assertions="3" time="0.076102"/>
      </testsuite>
    </testsuite>
  </testsuite>
</testsuites>
