<?xml version="1.0" encoding="UTF-8"?>
<testsuites>
  <testsuite name="C:\Users\USUARIO\Documents\Documentos Christian\Archivos Estudio\Sena\PROYECTO FORMATIVO\BackEnd\Conexion-EcoRisaralda\phpunit.xml" tests="66" assertions="115" errors="0" failures="9" skipped="0" time="8.277095">
    <testsuite name="Unit" tests="6" assertions="17" errors="0" failures="0" skipped="0" time="0.831289">
      <testsuite name="Tests\Unit\TuristicPlaceModelTest" file="C:\Users\USUARIO\Documents\Documentos Christian\Archivos Estudio\Sena\PROYECTO FORMATIVO\BackEnd\Conexion-EcoRisaralda\tests\Unit\TuristicPlaceModelTest.php" tests="6" assertions="17" errors="0" failures="0" skipped="0" time="0.831289">
        <testcase name="test_place_has_fillable_attributes" file="C:\Users\USUARIO\Documents\Documentos Christian\Archivos Estudio\Sena\PROYECTO FORMATIVO\BackEnd\Conexion-EcoRisaralda\tests\Unit\TuristicPlaceModelTest.php" line="14" class="Tests\Unit\TuristicPlaceModelTest" classname="Tests.Unit.TuristicPlaceModelTest" assertions="7" time="0.530870">
          <system-out>

</system-out>
        </testcase>
        <testcase name="test_place_casts_open_days_to_array" file="C:\Users\USUARIO\Documents\Documentos Christian\Archivos Estudio\Sena\PROYECTO FORMATIVO\BackEnd\Conexion-EcoRisaralda\tests\Unit\TuristicPlaceModelTest.php" line="27" class="Tests\Unit\TuristicPlaceModelTest" classname="Tests.Unit.TuristicPlaceModelTest" assertions="2" time="0.046494"/>
        <testcase name="test_place_belongs_to_user" file="C:\Users\USUARIO\Documents\Documentos Christian\Archivos Estudio\Sena\PROYECTO FORMATIVO\BackEnd\Conexion-EcoRisaralda\tests\Unit\TuristicPlaceModelTest.php" line="36" class="Tests\Unit\TuristicPlaceModelTest" classname="Tests.Unit.TuristicPlaceModelTest" assertions="2" time="0.086953"/>
        <testcase name="test_place_has_events_relationship" file="C:\Users\USUARIO\Documents\Documentos Christian\Archivos Estudio\Sena\PROYECTO FORMATIVO\BackEnd\Conexion-EcoRisaralda\tests\Unit\TuristicPlaceModelTest.php" line="45" class="Tests\Unit\TuristicPlaceModelTest" classname="Tests.Unit.TuristicPlaceModelTest" assertions="1" time="0.057891"/>
        <testcase name="test_place_has_label_relationship" file="C:\Users\USUARIO\Documents\Documentos Christian\Archivos Estudio\Sena\PROYECTO FORMATIVO\BackEnd\Conexion-EcoRisaralda\tests\Unit\TuristicPlaceModelTest.php" line="53" class="Tests\Unit\TuristicPlaceModelTest" classname="Tests.Unit.TuristicPlaceModelTest" assertions="1" time="0.056182"/>
        <testcase name="test_place_factory_creates_valid_place" file="C:\Users\USUARIO\Documents\Documentos Christian\Archivos Estudio\Sena\PROYECTO FORMATIVO\BackEnd\Conexion-EcoRisaralda\tests\Unit\TuristicPlaceModelTest.php" line="61" class="Tests\Unit\TuristicPlaceModelTest" classname="Tests.Unit.TuristicPlaceModelTest" assertions="4" time="0.052900"/>
      </testsuite>
    </testsuite>
    <testsuite name="Feature" tests="60" assertions="98" errors="0" failures="9" skipped="0" time="7.445806">
      <testsuite name="Tests\Feature\Auth\AuthenticationTest" file="C:\Users\USUARIO\Documents\Documentos Christian\Archivos Estudio\Sena\PROYECTO FORMATIVO\BackEnd\Conexion-EcoRisaralda\tests\Feature\Auth\AuthenticationTest.php" tests="5" assertions="11" errors="0" failures="2" skipped="0" time="1.060858">
        <testcase name="test_user_can_login_via_api" file="C:\Users\USUARIO\Documents\Documentos Christian\Archivos Estudio\Sena\PROYECTO FORMATIVO\BackEnd\Conexion-EcoRisaralda\tests\Feature\Auth\AuthenticationTest.php" line="13" class="Tests\Feature\Auth\AuthenticationTest" classname="Tests.Feature.Auth.AuthenticationTest" assertions="1" time="0.385489">
          <failure type="PHPUnit\Framework\ExpectationFailedException">Tests\Feature\Auth\AuthenticationTest::test_user_can_login_via_api&#13;
Expected response status code [200] but received 401.
Failed asserting that 401 is identical to 200.
&#13;
C:\Users\USUARIO\Documents\Documentos Christian\Archivos Estudio\Sena\PROYECTO FORMATIVO\BackEnd\Conexion-EcoRisaralda\vendor\laravel\framework\src\Illuminate\Testing\TestResponseAssert.php:45
C:\Users\USUARIO\Documents\Documentos Christian\Archivos Estudio\Sena\PROYECTO FORMATIVO\BackEnd\Conexion-EcoRisaralda\vendor\laravel\framework\src\Illuminate\Testing\TestResponse.php:174
C:\Users\USUARIO\Documents\Documentos Christian\Archivos Estudio\Sena\PROYECTO FORMATIVO\BackEnd\Conexion-EcoRisaralda\tests\Feature\Auth\AuthenticationTest.php:24</failure>
        </testcase>
        <testcase name="test_user_cannot_login_with_invalid_password" file="C:\Users\USUARIO\Documents\Documentos Christian\Archivos Estudio\Sena\PROYECTO FORMATIVO\BackEnd\Conexion-EcoRisaralda\tests\Feature\Auth\AuthenticationTest.php" line="28" class="Tests\Feature\Auth\AuthenticationTest" classname="Tests.Feature.Auth.AuthenticationTest" assertions="2" time="0.270222"/>
        <testcase name="test_unverified_user_cannot_login" file="C:\Users\USUARIO\Documents\Documentos Christian\Archivos Estudio\Sena\PROYECTO FORMATIVO\BackEnd\Conexion-EcoRisaralda\tests\Feature\Auth\AuthenticationTest.php" line="43" class="Tests\Feature\Auth\AuthenticationTest" classname="Tests.Feature.Auth.AuthenticationTest" assertions="1" time="0.270773">
          <failure type="PHPUnit\Framework\ExpectationFailedException">Tests\Feature\Auth\AuthenticationTest::test_unverified_user_cannot_login&#13;
Expected response status code [403] but received 401.
Failed asserting that 401 is identical to 403.
&#13;
C:\Users\USUARIO\Documents\Documentos Christian\Archivos Estudio\Sena\PROYECTO FORMATIVO\BackEnd\Conexion-EcoRisaralda\vendor\laravel\framework\src\Illuminate\Testing\TestResponseAssert.php:45
C:\Users\USUARIO\Documents\Documentos Christian\Archivos Estudio\Sena\PROYECTO FORMATIVO\BackEnd\Conexion-EcoRisaralda\vendor\laravel\framework\src\Illuminate\Testing\TestResponse.php:174
C:\Users\USUARIO\Documents\Documentos Christian\Archivos Estudio\Sena\PROYECTO FORMATIVO\BackEnd\Conexion-EcoRisaralda\tests\Feature\Auth\AuthenticationTest.php:54</failure>
        </testcase>
        <testcase name="test_authenticated_user_can_logout" file="C:\Users\USUARIO\Documents\Documentos Christian\Archivos Estudio\Sena\PROYECTO FORMATIVO\BackEnd\Conexion-EcoRisaralda\tests\Feature\Auth\AuthenticationTest.php" line="57" class="Tests\Feature\Auth\AuthenticationTest" classname="Tests.Feature.Auth.AuthenticationTest" assertions="3" time="0.073641"/>
        <testcase name="test_login_requires_email_and_password" file="C:\Users\USUARIO\Documents\Documentos Christian\Archivos Estudio\Sena\PROYECTO FORMATIVO\BackEnd\Conexion-EcoRisaralda\tests\Feature\Auth\AuthenticationTest.php" line="73" class="Tests\Feature\Auth\AuthenticationTest" classname="Tests.Feature.Auth.AuthenticationTest" assertions="4" time="0.060733"/>
      </testsuite>
      <testsuite name="Tests\Feature\Auth\EmailVerificationTest" file="C:\Users\USUARIO\Documents\Documentos Christian\Archivos Estudio\Sena\PROYECTO FORMATIVO\BackEnd\Conexion-EcoRisaralda\tests\Feature\Auth\EmailVerificationTest.php" tests="3" assertions="6" errors="0" failures="0" skipped="0" time="1.696422">
        <testcase name="test_verification_email_can_be_resent" file="C:\Users\USUARIO\Documents\Documentos Christian\Archivos Estudio\Sena\PROYECTO FORMATIVO\BackEnd\Conexion-EcoRisaralda\tests\Feature\Auth\EmailVerificationTest.php" line="13" class="Tests\Feature\Auth\EmailVerificationTest" classname="Tests.Feature.Auth.EmailVerificationTest" assertions="2" time="1.591095"/>
        <testcase name="test_verified_user_gets_already_verified_message" file="C:\Users\USUARIO\Documents\Documentos Christian\Archivos Estudio\Sena\PROYECTO FORMATIVO\BackEnd\Conexion-EcoRisaralda\tests\Feature\Auth\EmailVerificationTest.php" line="27" class="Tests\Feature\Auth\EmailVerificationTest" classname="Tests.Feature.Auth.EmailVerificationTest" assertions="2" time="0.054929"/>
        <testcase name="test_nonexistent_email_returns_generic_success" file="C:\Users\USUARIO\Documents\Documentos Christian\Archivos Estudio\Sena\PROYECTO FORMATIVO\BackEnd\Conexion-EcoRisaralda\tests\Feature\Auth\EmailVerificationTest.php" line="41" class="Tests\Feature\Auth\EmailVerificationTest" classname="Tests.Feature.Auth.EmailVerificationTest" assertions="2" time="0.050398"/>
      </testsuite>
      <testsuite name="Tests\Feature\Auth\PasswordResetTest" file="C:\Users\USUARIO\Documents\Documentos Christian\Archivos Estudio\Sena\PROYECTO FORMATIVO\BackEnd\Conexion-EcoRisaralda\tests\Feature\Auth\PasswordResetTest.php" tests="4" assertions="6" errors="0" failures="0" skipped="0" time="0.877089">
        <testcase name="test_password_reset_link_can_be_requested" file="C:\Users\USUARIO\Documents\Documentos Christian\Archivos Estudio\Sena\PROYECTO FORMATIVO\BackEnd\Conexion-EcoRisaralda\tests\Feature\Auth\PasswordResetTest.php" line="14" class="Tests\Feature\Auth\PasswordResetTest" classname="Tests.Feature.Auth.PasswordResetTest" assertions="2" time="0.282982"/>
        <testcase name="test_password_reset_fails_for_nonexistent_email" file="C:\Users\USUARIO\Documents\Documentos Christian\Archivos Estudio\Sena\PROYECTO FORMATIVO\BackEnd\Conexion-EcoRisaralda\tests\Feature\Auth\PasswordResetTest.php" line="26" class="Tests\Feature\Auth\PasswordResetTest" classname="Tests.Feature.Auth.PasswordResetTest" assertions="1" time="0.251382"/>
        <testcase name="test_password_can_be_reset_with_valid_token" file="C:\Users\USUARIO\Documents\Documentos Christian\Archivos Estudio\Sena\PROYECTO FORMATIVO\BackEnd\Conexion-EcoRisaralda\tests\Feature\Auth\PasswordResetTest.php" line="35" class="Tests\Feature\Auth\PasswordResetTest" classname="Tests.Feature.Auth.PasswordResetTest" assertions="2" time="0.070070"/>
        <testcase name="test_password_reset_fails_with_invalid_token" file="C:\Users\USUARIO\Documents\Documentos Christian\Archivos Estudio\Sena\PROYECTO FORMATIVO\BackEnd\Conexion-EcoRisaralda\tests\Feature\Auth\PasswordResetTest.php" line="51" class="Tests\Feature\Auth\PasswordResetTest" classname="Tests.Feature.Auth.PasswordResetTest" assertions="1" time="0.272656"/>
      </testsuite>
      <testsuite name="Tests\Feature\Auth\RegistrationTest" file="C:\Users\USUARIO\Documents\Documentos Christian\Archivos Estudio\Sena\PROYECTO FORMATIVO\BackEnd\Conexion-EcoRisaralda\tests\Feature\Auth\RegistrationTest.php" tests="5" assertions="11" errors="0" failures="2" skipped="0" time="0.382163">
        <testcase name="test_user_can_register_via_api" file="C:\Users\USUARIO\Documents\Documentos Christian\Archivos Estudio\Sena\PROYECTO FORMATIVO\BackEnd\Conexion-EcoRisaralda\tests\Feature\Auth\RegistrationTest.php" line="13" class="Tests\Feature\Auth\RegistrationTest" classname="Tests.Feature.Auth.RegistrationTest" assertions="1" time="0.071769">
          <failure type="PHPUnit\Framework\ExpectationFailedException">Tests\Feature\Auth\RegistrationTest::test_user_can_register_via_api&#13;
Expected response status code [200] but received 422.
Failed asserting that 422 is identical to 200.&#13;
&#13;
The following errors occurred during the last request:

{
    "message": "El campo role es obligatorio.",
    "errors": {
        "role": [
            "El campo role es obligatorio."
        ]
    }
}
&#13;
C:\Users\USUARIO\Documents\Documentos Christian\Archivos Estudio\Sena\PROYECTO FORMATIVO\BackEnd\Conexion-EcoRisaralda\vendor\laravel\framework\src\Illuminate\Testing\TestResponseAssert.php:45
C:\Users\USUARIO\Documents\Documentos Christian\Archivos Estudio\Sena\PROYECTO FORMATIVO\BackEnd\Conexion-EcoRisaralda\vendor\laravel\framework\src\Illuminate\Testing\TestResponse.php:174
C:\Users\USUARIO\Documents\Documentos Christian\Archivos Estudio\Sena\PROYECTO FORMATIVO\BackEnd\Conexion-EcoRisaralda\tests\Feature\Auth\RegistrationTest.php:26</failure>
        </testcase>
        <testcase name="test_operator_can_register_via_api" file="C:\Users\USUARIO\Documents\Documentos Christian\Archivos Estudio\Sena\PROYECTO FORMATIVO\BackEnd\Conexion-EcoRisaralda\tests\Feature\Auth\RegistrationTest.php" line="35" class="Tests\Feature\Auth\RegistrationTest" classname="Tests.Feature.Auth.RegistrationTest" assertions="1" time="0.102395">
          <failure type="PHPUnit\Framework\ExpectationFailedException">Tests\Feature\Auth\RegistrationTest::test_operator_can_register_via_api&#13;
Expected response status code [200] but received 500.
Failed asserting that 500 is identical to 200.&#13;
&#13;
The following exception occurred during the last request:

PDOException: SQLSTATE[23000]: Integrity constraint violation: 19 NOT NULL constraint failed: users.country_id in C:\Users\USUARIO\Documents\Documentos Christian\Archivos Estudio\Sena\PROYECTO FORMATIVO\BackEnd\Conexion-EcoRisaralda\vendor\laravel\framework\src\Illuminate\Database\Connection.php:584
Stack trace:
#0 C:\Users\USUARIO\Documents\Documentos Christian\Archivos Estudio\Sena\PROYECTO FORMATIVO\BackEnd\Conexion-EcoRisaralda\vendor\laravel\framework\src\Illuminate\Database\Connection.php(584): PDOStatement-&gt;execute()
#1 C:\Users\USUARIO\Documents\Documentos Christian\Archivos Estudio\Sena\PROYECTO FORMATIVO\BackEnd\Conexion-EcoRisaralda\vendor\laravel\framework\src\Illuminate\Database\Connection.php(827): Illuminate\Database\Connection-&gt;Illuminate\Database\{closure}('insert into "us...', Array)
#2 C:\Users\USUARIO\Documents\Documentos Christian\Archivos Estudio\Sena\PROYECTO FORMATIVO\BackEnd\Conexion-EcoRisaralda\vendor\laravel\framework\src\Illuminate\Database\Connection.php(794): Illuminate\Database\Connection-&gt;runQueryCallback('insert into "us...', Array, Object(Closure))
#3 C:\Users\USUARIO\Documents\Documentos Christian\Archivos Estudio\Sena\PROYECTO FORMATIVO\BackEnd\Conexion-EcoRisaralda\vendor\laravel\framework\src\Illuminate\Database\Connection.php(573): Illuminate\Database\Connection-&gt;run('insert into "us...', Array, Object(Closure))
#4 C:\Users\USUARIO\Documents\Documentos Christian\Archivos Estudio\Sena\PROYECTO FORMATIVO\BackEnd\Conexion-EcoRisaralda\vendor\laravel\framework\src\Illuminate\Database\Connection.php(537): Illuminate\Database\Connection-&gt;statement('insert into "us...', Array)
#5 C:\Users\USUARIO\Documents\Documentos Christian\Archivos Estudio\Sena\PROYECTO FORMATIVO\BackEnd\Conexion-EcoRisaralda\vendor\laravel\framework\src\Illuminate\Database\Query\Processors\Processor.php(32): Illuminate\Database\Connection-&gt;insert('insert into "us...', Array)
#6 C:\Users\USUARIO\Documents\Documentos Christian\Archivos Estudio\Sena\PROYECTO FORMATIVO\BackEnd\Conexion-EcoRisaralda\vendor\laravel\framework\src\Illuminate\Database\Query\Builder.php(4054): Illuminate\Database\Query\Processors\Processor-&gt;processInsertGetId(Object(Illuminate\Database\Query\Builder), 'insert into "us...', Array, 'id')
#7 C:\Users\USUARIO\Documents\Documentos Christian\Archivos Estudio\Sena\PROYECTO FORMATIVO\BackEnd\Conexion-EcoRisaralda\vendor\laravel\framework\src\Illuminate\Database\Eloquent\Builder.php(2235): Illuminate\Database\Query\Builder-&gt;insertGetId(Array, 'id')
#8 C:\Users\USUARIO\Documents\Documentos Christian\Archivos Estudio\Sena\PROYECTO FORMATIVO\BackEnd\Conexion-EcoRisaralda\vendor\laravel\framework\src\Illuminate\Database\Eloquent\Model.php(1436): Illuminate\Database\Eloquent\Builder-&gt;__call('insertGetId', Array)
#9 C:\Users\USUARIO\Documents\Documentos Christian\Archivos Estudio\Sena\PROYECTO FORMATIVO\BackEnd\Conexion-EcoRisaralda\vendor\laravel\framework\src\Illuminate\Database\Eloquent\Model.php(1401): Illuminate\Database\Eloquent\Model-&gt;insertAndSetId(Object(Illuminate\Database\Eloquent\Builder), Array)
#10 C:\Users\USUARIO\Documents\Documentos Christian\Archivos Estudio\Sena\PROYECTO FORMATIVO\BackEnd\Conexion-EcoRisaralda\vendor\laravel\framework\src\Illuminate\Database\Eloquent\Model.php(1240): Illuminate\Database\Eloquent\Model-&gt;performInsert(Object(Illuminate\Database\Eloquent\Builder))
#11 C:\Users\USUARIO\Documents\Documentos Christian\Archivos Estudio\Sena\PROYECTO FORMATIVO\BackEnd\Conexion-EcoRisaralda\vendor\laravel\framework\src\Illuminate\Database\Eloquent\Builder.php(1219): Illuminate\Database\Eloquent\Model-&gt;save()
#12 C:\Users\USUARIO\Documents\Documentos Christian\Archivos Estudio\Sena\PROYECTO FORMATIVO\BackEnd\Conexion-EcoRisaralda\vendor\laravel\framework\src\Illuminate\Support\helpers.php(388): Illuminate\Database\Eloquent\Builder-&gt;Illuminate\Database\Eloquent\{closure}(Object(App\Models\User))
#13 C:\Users\USUARIO\Documents\Documentos Christian\Archivos Estudio\Sena\PROYECTO FORMATIVO\BackEnd\Conexion-EcoRisaralda\vendor\laravel\framework\src\Illuminate\Database\Eloquent\Builder.php(1218): tap(Object(App\Models\User), Object(Closure))
#14 C:\Users\USUARIO\Documents\Documentos Christian\Archivos Estudio\Sena\PROYECTO FORMATIVO\BackEnd\Conexion-EcoRisaralda\vendor\laravel\framework\src\Illuminate\Support\Traits\ForwardsCalls.php(23): Illuminate\Database\Eloquent\Builder-&gt;create(Array)
#15 C:\Users\USUARIO\Documents\Documentos Christian\Archivos Estudio\Sena\PROYECTO FORMATIVO\BackEnd\Conexion-EcoRisaralda\vendor\laravel\framework\src\Illuminate\Database\Eloquent\Model.php(2540): Illuminate\Database\Eloquent\Model-&gt;forwardCallTo(Object(Illuminate\Database\Eloquent\Builder), 'create', Array)
#16 C:\Users\USUARIO\Documents\Documentos Christian\Archivos Estudio\Sena\PROYECTO FORMATIVO\BackEnd\Conexion-EcoRisaralda\vendor\laravel\framework\src\Illuminate\Database\Eloquent\Model.php(2556): Illuminate\Database\Eloquent\Model-&gt;__call('create', Array)
#17 C:\Users\USUARIO\Documents\Documentos Christian\Archivos Estudio\Sena\PROYECTO FORMATIVO\BackEnd\Conexion-EcoRisaralda\routes\api.php(207): Illuminate\Database\Eloquent\Model::__callStatic('create', Array)
#18 C:\Users\USUARIO\Documents\Documentos Christian\Archivos Estudio\Sena\PROYECTO FORMATIVO\BackEnd\Conexion-EcoRisaralda\vendor\laravel\framework\src\Illuminate\Routing\CallableDispatcher.php(39): Illuminate\Routing\RouteFileRegistrar-&gt;{closure}(Object(Illuminate\Http\Request))
#19 C:\Users\USUARIO\Documents\Documentos Christian\Archivos Estudio\Sena\PROYECTO FORMATIVO\BackEnd\Conexion-EcoRisaralda\vendor\laravel\framework\src\Illuminate\Routing\Route.php(243): Illuminate\Routing\CallableDispatcher-&gt;dispatch(Object(Illuminate\Routing\Route), Object(Closure))
#20 C:\Users\USUARIO\Documents\Documentos Christian\Archivos Estudio\Sena\PROYECTO FORMATIVO\BackEnd\Conexion-EcoRisaralda\vendor\laravel\framework\src\Illuminate\Routing\Route.php(214): Illuminate\Routing\Route-&gt;runCallable()
#21 C:\Users\USUARIO\Documents\Documentos Christian\Archivos Estudio\Sena\PROYECTO FORMATIVO\BackEnd\Conexion-EcoRisaralda\vendor\laravel\framework\src\Illuminate\Routing\Router.php(822): Illuminate\Routing\Route-&gt;run()
#22 C:\Users\USUARIO\Documents\Documentos Christian\Archivos Estudio\Sena\PROYECTO FORMATIVO\BackEnd\Conexion-EcoRisaralda\vendor\laravel\framework\src\Illuminate\Pipeline\Pipeline.php(180): Illuminate\Routing\Router-&gt;Illuminate\Routing\{closure}(Object(Illuminate\Http\Request))
#23 C:\Users\USUARIO\Documents\Documentos Christian\Archivos Estudio\Sena\PROYECTO FORMATIVO\BackEnd\Conexion-EcoRisaralda\vendor\laravel\framework\src\Illuminate\Foundation\Http\Middleware\VerifyCsrfToken.php(87): Illuminate\Pipeline\Pipeline-&gt;Illuminate\Pipeline\{closure}(Object(Illuminate\Http\Request))
#24 C:\Users\USUARIO\Documents\Documentos Christian\Archivos Estudio\Sena\PROYECTO FORMATIVO\BackEnd\Conexion-EcoRisaralda\vendor\laravel\framework\src\Illuminate\Pipeline\Pipeline.php(219): Illuminate\Foundation\Http\Middleware\VerifyCsrfToken-&gt;handle(Object(Illuminate\Http\Request), Object(Closure))
#25 C:\Users\USUARIO\Documents\Documentos Christian\Archivos Estudio\Sena\PROYECTO FORMATIVO\BackEnd\Conexion-EcoRisaralda\vendor\laravel\framework\src\Illuminate\Routing\Middleware\SubstituteBindings.php(50): Illuminate\Pipeline\Pipeline-&gt;Illuminate\Pipeline\{closure}(Object(Illuminate\Http\Request))
#26 C:\Users\USUARIO\Documents\Documentos Christian\Archivos Estudio\Sena\PROYECTO FORMATIVO\BackEnd\Conexion-EcoRisaralda\vendor\laravel\framework\src\Illuminate\Pipeline\Pipeline.php(219): Illuminate\Routing\Middleware\SubstituteBindings-&gt;handle(Object(Illuminate\Http\Request), Object(Closure))
#27 C:\Users\USUARIO\Documents\Documentos Christian\Archivos Estudio\Sena\PROYECTO FORMATIVO\BackEnd\Conexion-EcoRisaralda\vendor\laravel\framework\src\Illuminate\View\Middleware\ShareErrorsFromSession.php(48): Illuminate\Pipeline\Pipeline-&gt;Illuminate\Pipeline\{closure}(Object(Illuminate\Http\Request))
#28 C:\Users\USUARIO\Documents\Documentos Christian\Archivos Estudio\Sena\PROYECTO FORMATIVO\BackEnd\Conexion-EcoRisaralda\vendor\laravel\framework\src\Illuminate\Pipeline\Pipeline.php(219): Illuminate\View\Middleware\ShareErrorsFromSession-&gt;handle(Object(Illuminate\Http\Request), Object(Closure))
#29 C:\Users\USUARIO\Documents\Documentos Christian\Archivos Estudio\Sena\PROYECTO FORMATIVO\BackEnd\Conexion-EcoRisaralda\vendor\laravel\framework\src\Illuminate\Session\Middleware\StartSession.php(120): Illuminate\Pipeline\Pipeline-&gt;Illuminate\Pipeline\{closure}(Object(Illuminate\Http\Request))
#30 C:\Users\USUARIO\Documents\Documentos Christian\Archivos Estudio\Sena\PROYECTO FORMATIVO\BackEnd\Conexion-EcoRisaralda\vendor\laravel\framework\src\Illuminate\Session\Middleware\StartSession.php(63): Illuminate\Session\Middleware\StartSession-&gt;handleStatefulRequest(Object(Illuminate\Http\Request), Object(Illuminate\Session\Store), Object(Closure))
#31 C:\Users\USUARIO\Documents\Documentos Christian\Archivos Estudio\Sena\PROYECTO FORMATIVO\BackEnd\Conexion-EcoRisaralda\vendor\laravel\framework\src\Illuminate\Pipeline\Pipeline.php(219): Illuminate\Session\Middleware\StartSession-&gt;handle(Object(Illuminate\Http\Request), Object(Closure))
#32 C:\Users\USUARIO\Documents\Documentos Christian\Archivos Estudio\Sena\PROYECTO FORMATIVO\BackEnd\Conexion-EcoRisaralda\vendor\laravel\framework\src\Illuminate\Cookie\Middleware\AddQueuedCookiesToResponse.php(36): Illuminate\Pipeline\Pipeline-&gt;Illuminate\Pipeline\{closure}(Object(Illuminate\Http\Request))
#33 C:\Users\USUARIO\Documents\Documentos Christian\Archivos Estudio\Sena\PROYECTO FORMATIVO\BackEnd\Conexion-EcoRisaralda\vendor\laravel\framework\src\Illuminate\Pipeline\Pipeline.php(219): Illuminate\Cookie\Middleware\AddQueuedCookiesToResponse-&gt;handle(Object(Illuminate\Http\Request), Object(Closure))
#34 C:\Users\USUARIO\Documents\Documentos Christian\Archivos Estudio\Sena\PROYECTO FORMATIVO\BackEnd\Conexion-EcoRisaralda\vendor\laravel\framework\src\Illuminate\Cookie\Middleware\EncryptCookies.php(74): Illuminate\Pipeline\Pipeline-&gt;Illuminate\Pipeline\{closure}(Object(Illuminate\Http\Request))
#35 C:\Users\USUARIO\Documents\Documentos Christian\Archivos Estudio\Sena\PROYECTO FORMATIVO\BackEnd\Conexion-EcoRisaralda\vendor\laravel\framework\src\Illuminate\Pipeline\Pipeline.php(219): Illuminate\Cookie\Middleware\EncryptCookies-&gt;handle(Object(Illuminate\Http\Request), Object(Closure))
#36 C:\Users\USUARIO\Documents\Documentos Christian\Archivos Estudio\Sena\PROYECTO FORMATIVO\BackEnd\Conexion-EcoRisaralda\vendor\laravel\framework\src\Illuminate\Pipeline\Pipeline.php(137): Illuminate\Pipeline\Pipeline-&gt;Illuminate\Pipeline\{closure}(Object(Illuminate\Http\Request))
#37 C:\Users\USUARIO\Documents\Documentos Christian\Archivos Estudio\Sena\PROYECTO FORMATIVO\BackEnd\Conexion-EcoRisaralda\vendor\laravel\framework\src\Illuminate\Routing\Router.php(821): Illuminate\Pipeline\Pipeline-&gt;then(Object(Closure))
#38 C:\Users\USUARIO\Documents\Documentos Christian\Archivos Estudio\Sena\PROYECTO FORMATIVO\BackEnd\Conexion-EcoRisaralda\vendor\laravel\framework\src\Illuminate\Routing\Router.php(800): Illuminate\Routing\Router-&gt;runRouteWithinStack(Object(Illuminate\Routing\Route), Object(Illuminate\Http\Request))
#39 C:\Users\USUARIO\Documents\Documentos Christian\Archivos Estudio\Sena\PROYECTO FORMATIVO\BackEnd\Conexion-EcoRisaralda\vendor\laravel\framework\src\Illuminate\Routing\Router.php(764): Illuminate\Routing\Router-&gt;runRoute(Object(Illuminate\Http\Request), Object(Illuminate\Routing\Route))
#40 C:\Users\USUARIO\Documents\Documentos Christian\Archivos Estudio\Sena\PROYECTO FORMATIVO\BackEnd\Conexion-EcoRisaralda\vendor\laravel\framework\src\Illuminate\Routing\Router.php(753): Illuminate\Routing\Router-&gt;dispatchToRoute(Object(Illuminate\Http\Request))
#41 C:\Users\USUARIO\Documents\Documentos Christian\Archivos Estudio\Sena\PROYECTO FORMATIVO\BackEnd\Conexion-EcoRisaralda\vendor\laravel\framework\src\Illuminate\Foundation\Http\Kernel.php(200): Illuminate\Routing\Router-&gt;dispatch(Object(Illuminate\Http\Request))
#42 C:\Users\USUARIO\Documents\Documentos Christian\Archivos Estudio\Sena\PROYECTO FORMATIVO\BackEnd\Conexion-EcoRisaralda\vendor\laravel\framework\src\Illuminate\Pipeline\Pipeline.php(180): Illuminate\Foundation\Http\Kernel-&gt;Illuminate\Foundation\Http\{closure}(Object(Illuminate\Http\Request))
#43 C:\Users\USUARIO\Documents\Documentos Christian\Archivos Estudio\Sena\PROYECTO FORMATIVO\BackEnd\Conexion-EcoRisaralda\vendor\laravel\framework\src\Illuminate\Foundation\Http\Middleware\TransformsRequest.php(21): Illuminate\Pipeline\Pipeline-&gt;Illuminate\Pipeline\{closure}(Object(Illuminate\Http\Request))
#44 C:\Users\USUARIO\Documents\Documentos Christian\Archivos Estudio\Sena\PROYECTO FORMATIVO\BackEnd\Conexion-EcoRisaralda\vendor\laravel\framework\src\Illuminate\Foundation\Http\Middleware\ConvertEmptyStringsToNull.php(31): Illuminate\Foundation\Http\Middleware\TransformsRequest-&gt;handle(Object(Illuminate\Http\Request), Object(Closure))
#45 C:\Users\USUARIO\Documents\Documentos Christian\Archivos Estudio\Sena\PROYECTO FORMATIVO\BackEnd\Conexion-EcoRisaralda\vendor\laravel\framework\src\Illuminate\Pipeline\Pipeline.php(219): Illuminate\Foundation\Http\Middleware\ConvertEmptyStringsToNull-&gt;handle(Object(Illuminate\Http\Request), Object(Closure))
#46 C:\Users\USUARIO\Documents\Documentos Christian\Archivos Estudio\Sena\PROYECTO FORMATIVO\BackEnd\Conexion-EcoRisaralda\vendor\laravel\framework\src\Illuminate\Foundation\Http\Middleware\TransformsRequest.php(21): Illuminate\Pipeline\Pipeline-&gt;Illuminate\Pipeline\{closure}(Object(Illuminate\Http\Request))
#47 C:\Users\USUARIO\Documents\Documentos Christian\Archivos Estudio\Sena\PROYECTO FORMATIVO\BackEnd\Conexion-EcoRisaralda\vendor\laravel\framework\src\Illuminate\Foundation\Http\Middleware\TrimStrings.php(51): Illuminate\Foundation\Http\Middleware\TransformsRequest-&gt;handle(Object(Illuminate\Http\Request), Object(Closure))
#48 C:\Users\USUARIO\Documents\Documentos Christian\Archivos Estudio\Sena\PROYECTO FORMATIVO\BackEnd\Conexion-EcoRisaralda\vendor\laravel\framework\src\Illuminate\Pipeline\Pipeline.php(219): Illuminate\Foundation\Http\Middleware\TrimStrings-&gt;handle(Object(Illuminate\Http\Request), Object(Closure))
#49 C:\Users\USUARIO\Documents\Documentos Christian\Archivos Estudio\Sena\PROYECTO FORMATIVO\BackEnd\Conexion-EcoRisaralda\vendor\laravel\framework\src\Illuminate\Http\Middleware\ValidatePostSize.php(27): Illuminate\Pipeline\Pipeline-&gt;Illuminate\Pipeline\{closure}(Object(Illuminate\Http\Request))
#50 C:\Users\USUARIO\Documents\Documentos Christian\Archivos Estudio\Sena\PROYECTO FORMATIVO\BackEnd\Conexion-EcoRisaralda\vendor\laravel\framework\src\Illuminate\Pipeline\Pipeline.php(219): Illuminate\Http\Middleware\ValidatePostSize-&gt;handle(Object(Illuminate\Http\Request), Object(Closure))
#51 C:\Users\USUARIO\Documents\Documentos Christian\Archivos Estudio\Sena\PROYECTO FORMATIVO\BackEnd\Conexion-EcoRisaralda\vendor\laravel\framework\src\Illuminate\Foundation\Http\Middleware\PreventRequestsDuringMaintenance.php(109): Illuminate\Pipeline\Pipeline-&gt;Illuminate\Pipeline\{closure}(Object(Illuminate\Http\Request))
#52 C:\Users\USUARIO\Documents\Documentos Christian\Archivos Estudio\Sena\PROYECTO FORMATIVO\BackEnd\Conexion-EcoRisaralda\vendor\laravel\framework\src\Illuminate\Pipeline\Pipeline.php(219): Illuminate\Foundation\Http\Middleware\PreventRequestsDuringMaintenance-&gt;handle(Object(Illuminate\Http\Request), Object(Closure))
#53 C:\Users\USUARIO\Documents\Documentos Christian\Archivos Estudio\Sena\PROYECTO FORMATIVO\BackEnd\Conexion-EcoRisaralda\vendor\laravel\framework\src\Illuminate\Http\Middleware\HandleCors.php(74): Illuminate\Pipeline\Pipeline-&gt;Illuminate\Pipeline\{closure}(Object(Illuminate\Http\Request))
#54 C:\Users\USUARIO\Documents\Documentos Christian\Archivos Estudio\Sena\PROYECTO FORMATIVO\BackEnd\Conexion-EcoRisaralda\vendor\laravel\framework\src\Illuminate\Pipeline\Pipeline.php(219): Illuminate\Http\Middleware\HandleCors-&gt;handle(Object(Illuminate\Http\Request), Object(Closure))
#55 C:\Users\USUARIO\Documents\Documentos Christian\Archivos Estudio\Sena\PROYECTO FORMATIVO\BackEnd\Conexion-EcoRisaralda\vendor\laravel\framework\src\Illuminate\Http\Middleware\TrustProxies.php(58): Illuminate\Pipeline\Pipeline-&gt;Illuminate\Pipeline\{closure}(Object(Illuminate\Http\Request))
#56 C:\Users\USUARIO\Documents\Documentos Christian\Archivos Estudio\Sena\PROYECTO FORMATIVO\BackEnd\Conexion-EcoRisaralda\vendor\laravel\framework\src\Illuminate\Pipeline\Pipeline.php(219): Illuminate\Http\Middleware\TrustProxies-&gt;handle(Object(Illuminate\Http\Request), Object(Closure))
#57 C:\Users\USUARIO\Documents\Documentos Christian\Archivos Estudio\Sena\PROYECTO FORMATIVO\BackEnd\Conexion-EcoRisaralda\vendor\laravel\framework\src\Illuminate\Foundation\Http\Middleware\InvokeDeferredCallbacks.php(22): Illuminate\Pipeline\Pipeline-&gt;Illuminate\Pipeline\{closure}(Object(Illuminate\Http\Request))
#58 C:\Users\USUARIO\Documents\Documentos Christian\Archivos Estudio\Sena\PROYECTO FORMATIVO\BackEnd\Conexion-EcoRisaralda\vendor\laravel\framework\src\Illuminate\Pipeline\Pipeline.php(219): Illuminate\Foundation\Http\Middleware\InvokeDeferredCallbacks-&gt;handle(Object(Illuminate\Http\Request), Object(Closure))
#59 C:\Users\USUARIO\Documents\Documentos Christian\Archivos Estudio\Sena\PROYECTO FORMATIVO\BackEnd\Conexion-EcoRisaralda\vendor\laravel\framework\src\Illuminate\Http\Middleware\ValidatePathEncoding.php(26): Illuminate\Pipeline\Pipeline-&gt;Illuminate\Pipeline\{closure}(Object(Illuminate\Http\Request))
#60 C:\Users\USUARIO\Documents\Documentos Christian\Archivos Estudio\Sena\PROYECTO FORMATIVO\BackEnd\Conexion-EcoRisaralda\vendor\laravel\framework\src\Illuminate\Pipeline\Pipeline.php(219): Illuminate\Http\Middleware\ValidatePathEncoding-&gt;handle(Object(Illuminate\Http\Request), Object(Closure))
#61 C:\Users\USUARIO\Documents\Documentos Christian\Archivos Estudio\Sena\PROYECTO FORMATIVO\BackEnd\Conexion-EcoRisaralda\vendor\laravel\framework\src\Illuminate\Pipeline\Pipeline.php(137): Illuminate\Pipeline\Pipeline-&gt;Illuminate\Pipeline\{closure}(Object(Illuminate\Http\Request))
#62 C:\Users\USUARIO\Documents\Documentos Christian\Archivos Estudio\Sena\PROYECTO FORMATIVO\BackEnd\Conexion-EcoRisaralda\vendor\laravel\framework\src\Illuminate\Foundation\Http\Kernel.php(175): Illuminate\Pipeline\Pipeline-&gt;then(Object(Closure))
#63 C:\Users\USUARIO\Documents\Documentos Christian\Archivos Estudio\Sena\PROYECTO FORMATIVO\BackEnd\Conexion-EcoRisaralda\vendor\laravel\framework\src\Illuminate\Foundation\Http\Kernel.php(144): Illuminate\Foundation\Http\Kernel-&gt;sendRequestThroughRouter(Object(Illuminate\Http\Request))
#64 C:\Users\USUARIO\Documents\Documentos Christian\Archivos Estudio\Sena\PROYECTO FORMATIVO\BackEnd\Conexion-EcoRisaralda\vendor\laravel\framework\src\Illuminate\Foundation\Testing\Concerns\MakesHttpRequests.php(607): Illuminate\Foundation\Http\Kernel-&gt;handle(Object(Illuminate\Http\Request))
#65 C:\Users\USUARIO\Documents\Documentos Christian\Archivos Estudio\Sena\PROYECTO FORMATIVO\BackEnd\Conexion-EcoRisaralda\vendor\laravel\framework\src\Illuminate\Foundation\Testing\Concerns\MakesHttpRequests.php(573): Illuminate\Foundation\Testing\TestCase-&gt;call('POST', '/api/register', Array, Array, Array, Array, '{"name":"Maria"...')
#66 C:\Users\USUARIO\Documents\Documentos Christian\Archivos Estudio\Sena\PROYECTO FORMATIVO\BackEnd\Conexion-EcoRisaralda\vendor\laravel\framework\src\Illuminate\Foundation\Testing\Concerns\MakesHttpRequests.php(411): Illuminate\Foundation\Testing\TestCase-&gt;json('POST', '/api/register', Array, Array, 0)
#67 C:\Users\USUARIO\Documents\Documentos Christian\Archivos Estudio\Sena\PROYECTO FORMATIVO\BackEnd\Conexion-EcoRisaralda\tests\Feature\Auth\RegistrationTest.php(38): Illuminate\Foundation\Testing\TestCase-&gt;postJson('/api/register', Array)
#68 C:\Users\USUARIO\Documents\Documentos Christian\Archivos Estudio\Sena\PROYECTO FORMATIVO\BackEnd\Conexion-EcoRisaralda\vendor\phpunit\phpunit\src\Framework\TestCase.php(1667): Tests\Feature\Auth\RegistrationTest-&gt;test_operator_can_register_via_api()
#69 C:\Users\USUARIO\Documents\Documentos Christian\Archivos Estudio\Sena\PROYECTO FORMATIVO\BackEnd\Conexion-EcoRisaralda\vendor\phpunit\phpunit\src\Framework\TestCase.php(519): PHPUnit\Framework\TestCase-&gt;runTest()
#70 C:\Users\USUARIO\Documents\Documentos Christian\Archivos Estudio\Sena\PROYECTO FORMATIVO\BackEnd\Conexion-EcoRisaralda\vendor\phpunit\phpunit\src\Framework\TestRunner\TestRunner.php(87): PHPUnit\Framework\TestCase-&gt;runBare()
#71 C:\Users\USUARIO\Documents\Documentos Christian\Archivos Estudio\Sena\PROYECTO FORMATIVO\BackEnd\Conexion-EcoRisaralda\vendor\phpunit\phpunit\src\Framework\TestCase.php(365): PHPUnit\Framework\TestRunner-&gt;run(Object(Tests\Feature\Auth\RegistrationTest))
#72 C:\Users\USUARIO\Documents\Documentos Christian\Archivos Estudio\Sena\PROYECTO FORMATIVO\BackEnd\Conexion-EcoRisaralda\vendor\phpunit\phpunit\src\Framework\TestSuite.php(369): PHPUnit\Framework\TestCase-&gt;run()
#73 C:\Users\USUARIO\Documents\Documentos Christian\Archivos Estudio\Sena\PROYECTO FORMATIVO\BackEnd\Conexion-EcoRisaralda\vendor\phpunit\phpunit\src\Framework\TestSuite.php(369): PHPUnit\Framework\TestSuite-&gt;run()
#74 C:\Users\USUARIO\Documents\Documentos Christian\Archivos Estudio\Sena\PROYECTO FORMATIVO\BackEnd\Conexion-EcoRisaralda\vendor\phpunit\phpunit\src\Framework\TestSuite.php(369): PHPUnit\Framework\TestSuite-&gt;run()
#75 C:\Users\USUARIO\Documents\Documentos Christian\Archivos Estudio\Sena\PROYECTO FORMATIVO\BackEnd\Conexion-EcoRisaralda\vendor\phpunit\phpunit\src\TextUI\TestRunner.php(64): PHPUnit\Framework\TestSuite-&gt;run()
#76 C:\Users\USUARIO\Documents\Documentos Christian\Archivos Estudio\Sena\PROYECTO FORMATIVO\BackEnd\Conexion-EcoRisaralda\vendor\phpunit\phpunit\src\TextUI\Application.php(211): PHPUnit\TextUI\TestRunner-&gt;run(Object(PHPUnit\TextUI\Configuration\Configuration), Object(PHPUnit\Runner\ResultCache\DefaultResultCache), Object(PHPUnit\Framework\TestSuite))
#77 C:\Users\USUARIO\Documents\Documentos Christian\Archivos Estudio\Sena\PROYECTO FORMATIVO\BackEnd\Conexion-EcoRisaralda\vendor\phpunit\phpunit\phpunit(104): PHPUnit\TextUI\Application-&gt;run(Array)
#78 {main}

Next Illuminate\Database\QueryException: SQLSTATE[23000]: Integrity constraint violation: 19 NOT NULL constraint failed: users.country_id (Connection: sqlite, Database: :memory:, SQL: insert into "users" ("name", "last_name", "email", "password", "role", "country_id", "date_of_birth", "updated_at", "created_at") values (Maria, Gomez, maria@example.com, $2y$04$zqwaqb12b3vJpFnzMQapEuJMokGa69drhD9RQNDi8Kdd9ai5/g8h2, operator, ?, ?, 2026-03-25 04:21:36, 2026-03-25 04:21:36)) in C:\Users\USUARIO\Documents\Documentos Christian\Archivos Estudio\Sena\PROYECTO FORMATIVO\BackEnd\Conexion-EcoRisaralda\vendor\laravel\framework\src\Illuminate\Database\Connection.php:838
Stack trace:
#0 C:\Users\USUARIO\Documents\Documentos Christian\Archivos Estudio\Sena\PROYECTO FORMATIVO\BackEnd\Conexion-EcoRisaralda\vendor\laravel\framework\src\Illuminate\Database\Connection.php(794): Illuminate\Database\Connection-&gt;runQueryCallback('insert into "us...', Array, Object(Closure))
#1 C:\Users\USUARIO\Documents\Documentos Christian\Archivos Estudio\Sena\PROYECTO FORMATIVO\BackEnd\Conexion-EcoRisaralda\vendor\laravel\framework\src\Illuminate\Database\Connection.php(573): Illuminate\Database\Connection-&gt;run('insert into "us...', Array, Object(Closure))
#2 C:\Users\USUARIO\Documents\Documentos Christian\Archivos Estudio\Sena\PROYECTO FORMATIVO\BackEnd\Conexion-EcoRisaralda\vendor\laravel\framework\src\Illuminate\Database\Connection.php(537): Illuminate\Database\Connection-&gt;statement('insert into "us...', Array)
#3 C:\Users\USUARIO\Documents\Documentos Christian\Archivos Estudio\Sena\PROYECTO FORMATIVO\BackEnd\Conexion-EcoRisaralda\vendor\laravel\framework\src\Illuminate\Database\Query\Processors\Processor.php(32): Illuminate\Database\Connection-&gt;insert('insert into "us...', Array)
#4 C:\Users\USUARIO\Documents\Documentos Christian\Archivos Estudio\Sena\PROYECTO FORMATIVO\BackEnd\Conexion-EcoRisaralda\vendor\laravel\framework\src\Illuminate\Database\Query\Builder.php(4054): Illuminate\Database\Query\Processors\Processor-&gt;processInsertGetId(Object(Illuminate\Database\Query\Builder), 'insert into "us...', Array, 'id')
#5 C:\Users\USUARIO\Documents\Documentos Christian\Archivos Estudio\Sena\PROYECTO FORMATIVO\BackEnd\Conexion-EcoRisaralda\vendor\laravel\framework\src\Illuminate\Database\Eloquent\Builder.php(2235): Illuminate\Database\Query\Builder-&gt;insertGetId(Array, 'id')
#6 C:\Users\USUARIO\Documents\Documentos Christian\Archivos Estudio\Sena\PROYECTO FORMATIVO\BackEnd\Conexion-EcoRisaralda\vendor\laravel\framework\src\Illuminate\Database\Eloquent\Model.php(1436): Illuminate\Database\Eloquent\Builder-&gt;__call('insertGetId', Array)
#7 C:\Users\USUARIO\Documents\Documentos Christian\Archivos Estudio\Sena\PROYECTO FORMATIVO\BackEnd\Conexion-EcoRisaralda\vendor\laravel\framework\src\Illuminate\Database\Eloquent\Model.php(1401): Illuminate\Database\Eloquent\Model-&gt;insertAndSetId(Object(Illuminate\Database\Eloquent\Builder), Array)
#8 C:\Users\USUARIO\Documents\Documentos Christian\Archivos Estudio\Sena\PROYECTO FORMATIVO\BackEnd\Conexion-EcoRisaralda\vendor\laravel\framework\src\Illuminate\Database\Eloquent\Model.php(1240): Illuminate\Database\Eloquent\Model-&gt;performInsert(Object(Illuminate\Database\Eloquent\Builder))
#9 C:\Users\USUARIO\Documents\Documentos Christian\Archivos Estudio\Sena\PROYECTO FORMATIVO\BackEnd\Conexion-EcoRisaralda\vendor\laravel\framework\src\Illuminate\Database\Eloquent\Builder.php(1219): Illuminate\Database\Eloquent\Model-&gt;save()
#10 C:\Users\USUARIO\Documents\Documentos Christian\Archivos Estudio\Sena\PROYECTO FORMATIVO\BackEnd\Conexion-EcoRisaralda\vendor\laravel\framework\src\Illuminate\Support\helpers.php(388): Illuminate\Database\Eloquent\Builder-&gt;Illuminate\Database\Eloquent\{closure}(Object(App\Models\User))
#11 C:\Users\USUARIO\Documents\Documentos Christian\Archivos Estudio\Sena\PROYECTO FORMATIVO\BackEnd\Conexion-EcoRisaralda\vendor\laravel\framework\src\Illuminate\Database\Eloquent\Builder.php(1218): tap(Object(App\Models\User), Object(Closure))
#12 C:\Users\USUARIO\Documents\Documentos Christian\Archivos Estudio\Sena\PROYECTO FORMATIVO\BackEnd\Conexion-EcoRisaralda\vendor\laravel\framework\src\Illuminate\Support\Traits\ForwardsCalls.php(23): Illuminate\Database\Eloquent\Builder-&gt;create(Array)
#13 C:\Users\USUARIO\Documents\Documentos Christian\Archivos Estudio\Sena\PROYECTO FORMATIVO\BackEnd\Conexion-EcoRisaralda\vendor\laravel\framework\src\Illuminate\Database\Eloquent\Model.php(2540): Illuminate\Database\Eloquent\Model-&gt;forwardCallTo(Object(Illuminate\Database\Eloquent\Builder), 'create', Array)
#14 C:\Users\USUARIO\Documents\Documentos Christian\Archivos Estudio\Sena\PROYECTO FORMATIVO\BackEnd\Conexion-EcoRisaralda\vendor\laravel\framework\src\Illuminate\Database\Eloquent\Model.php(2556): Illuminate\Database\Eloquent\Model-&gt;__call('create', Array)
#15 C:\Users\USUARIO\Documents\Documentos Christian\Archivos Estudio\Sena\PROYECTO FORMATIVO\BackEnd\Conexion-EcoRisaralda\routes\api.php(207): Illuminate\Database\Eloquent\Model::__callStatic('create', Array)
#16 C:\Users\USUARIO\Documents\Documentos Christian\Archivos Estudio\Sena\PROYECTO FORMATIVO\BackEnd\Conexion-EcoRisaralda\vendor\laravel\framework\src\Illuminate\Routing\CallableDispatcher.php(39): Illuminate\Routing\RouteFileRegistrar-&gt;{closure}(Object(Illuminate\Http\Request))
#17 C:\Users\USUARIO\Documents\Documentos Christian\Archivos Estudio\Sena\PROYECTO FORMATIVO\BackEnd\Conexion-EcoRisaralda\vendor\laravel\framework\src\Illuminate\Routing\Route.php(243): Illuminate\Routing\CallableDispatcher-&gt;dispatch(Object(Illuminate\Routing\Route), Object(Closure))
#18 C:\Users\USUARIO\Documents\Documentos Christian\Archivos Estudio\Sena\PROYECTO FORMATIVO\BackEnd\Conexion-EcoRisaralda\vendor\laravel\framework\src\Illuminate\Routing\Route.php(214): Illuminate\Routing\Route-&gt;runCallable()
#19 C:\Users\USUARIO\Documents\Documentos Christian\Archivos Estudio\Sena\PROYECTO FORMATIVO\BackEnd\Conexion-EcoRisaralda\vendor\laravel\framework\src\Illuminate\Routing\Router.php(822): Illuminate\Routing\Route-&gt;run()
#20 C:\Users\USUARIO\Documents\Documentos Christian\Archivos Estudio\Sena\PROYECTO FORMATIVO\BackEnd\Conexion-EcoRisaralda\vendor\laravel\framework\src\Illuminate\Pipeline\Pipeline.php(180): Illuminate\Routing\Router-&gt;Illuminate\Routing\{closure}(Object(Illuminate\Http\Request))
#21 C:\Users\USUARIO\Documents\Documentos Christian\Archivos Estudio\Sena\PROYECTO FORMATIVO\BackEnd\Conexion-EcoRisaralda\vendor\laravel\framework\src\Illuminate\Foundation\Http\Middleware\VerifyCsrfToken.php(87): Illuminate\Pipeline\Pipeline-&gt;Illuminate\Pipeline\{closure}(Object(Illuminate\Http\Request))
#22 C:\Users\USUARIO\Documents\Documentos Christian\Archivos Estudio\Sena\PROYECTO FORMATIVO\BackEnd\Conexion-EcoRisaralda\vendor\laravel\framework\src\Illuminate\Pipeline\Pipeline.php(219): Illuminate\Foundation\Http\Middleware\VerifyCsrfToken-&gt;handle(Object(Illuminate\Http\Request), Object(Closure))
#23 C:\Users\USUARIO\Documents\Documentos Christian\Archivos Estudio\Sena\PROYECTO FORMATIVO\BackEnd\Conexion-EcoRisaralda\vendor\laravel\framework\src\Illuminate\Routing\Middleware\SubstituteBindings.php(50): Illuminate\Pipeline\Pipeline-&gt;Illuminate\Pipeline\{closure}(Object(Illuminate\Http\Request))
#24 C:\Users\USUARIO\Documents\Documentos Christian\Archivos Estudio\Sena\PROYECTO FORMATIVO\BackEnd\Conexion-EcoRisaralda\vendor\laravel\framework\src\Illuminate\Pipeline\Pipeline.php(219): Illuminate\Routing\Middleware\SubstituteBindings-&gt;handle(Object(Illuminate\Http\Request), Object(Closure))
#25 C:\Users\USUARIO\Documents\Documentos Christian\Archivos Estudio\Sena\PROYECTO FORMATIVO\BackEnd\Conexion-EcoRisaralda\vendor\laravel\framework\src\Illuminate\View\Middleware\ShareErrorsFromSession.php(48): Illuminate\Pipeline\Pipeline-&gt;Illuminate\Pipeline\{closure}(Object(Illuminate\Http\Request))
#26 C:\Users\USUARIO\Documents\Documentos Christian\Archivos Estudio\Sena\PROYECTO FORMATIVO\BackEnd\Conexion-EcoRisaralda\vendor\laravel\framework\src\Illuminate\Pipeline\Pipeline.php(219): Illuminate\View\Middleware\ShareErrorsFromSession-&gt;handle(Object(Illuminate\Http\Request), Object(Closure))
#27 C:\Users\USUARIO\Documents\Documentos Christian\Archivos Estudio\Sena\PROYECTO FORMATIVO\BackEnd\Conexion-EcoRisaralda\vendor\laravel\framework\src\Illuminate\Session\Middleware\StartSession.php(120): Illuminate\Pipeline\Pipeline-&gt;Illuminate\Pipeline\{closure}(Object(Illuminate\Http\Request))
#28 C:\Users\USUARIO\Documents\Documentos Christian\Archivos Estudio\Sena\PROYECTO FORMATIVO\BackEnd\Conexion-EcoRisaralda\vendor\laravel\framework\src\Illuminate\Session\Middleware\StartSession.php(63): Illuminate\Session\Middleware\StartSession-&gt;handleStatefulRequest(Object(Illuminate\Http\Request), Object(Illuminate\Session\Store), Object(Closure))
#29 C:\Users\USUARIO\Documents\Documentos Christian\Archivos Estudio\Sena\PROYECTO FORMATIVO\BackEnd\Conexion-EcoRisaralda\vendor\laravel\framework\src\Illuminate\Pipeline\Pipeline.php(219): Illuminate\Session\Middleware\StartSession-&gt;handle(Object(Illuminate\Http\Request), Object(Closure))
#30 C:\Users\USUARIO\Documents\Documentos Christian\Archivos Estudio\Sena\PROYECTO FORMATIVO\BackEnd\Conexion-EcoRisaralda\vendor\laravel\framework\src\Illuminate\Cookie\Middleware\AddQueuedCookiesToResponse.php(36): Illuminate\Pipeline\Pipeline-&gt;Illuminate\Pipeline\{closure}(Object(Illuminate\Http\Request))
#31 C:\Users\USUARIO\Documents\Documentos Christian\Archivos Estudio\Sena\PROYECTO FORMATIVO\BackEnd\Conexion-EcoRisaralda\vendor\laravel\framework\src\Illuminate\Pipeline\Pipeline.php(219): Illuminate\Cookie\Middleware\AddQueuedCookiesToResponse-&gt;handle(Object(Illuminate\Http\Request), Object(Closure))
#32 C:\Users\USUARIO\Documents\Documentos Christian\Archivos Estudio\Sena\PROYECTO FORMATIVO\BackEnd\Conexion-EcoRisaralda\vendor\laravel\framework\src\Illuminate\Cookie\Middleware\EncryptCookies.php(74): Illuminate\Pipeline\Pipeline-&gt;Illuminate\Pipeline\{closure}(Object(Illuminate\Http\Request))
#33 C:\Users\USUARIO\Documents\Documentos Christian\Archivos Estudio\Sena\PROYECTO FORMATIVO\BackEnd\Conexion-EcoRisaralda\vendor\laravel\framework\src\Illuminate\Pipeline\Pipeline.php(219): Illuminate\Cookie\Middleware\EncryptCookies-&gt;handle(Object(Illuminate\Http\Request), Object(Closure))
#34 C:\Users\USUARIO\Documents\Documentos Christian\Archivos Estudio\Sena\PROYECTO FORMATIVO\BackEnd\Conexion-EcoRisaralda\vendor\laravel\framework\src\Illuminate\Pipeline\Pipeline.php(137): Illuminate\Pipeline\Pipeline-&gt;Illuminate\Pipeline\{closure}(Object(Illuminate\Http\Request))
#35 C:\Users\USUARIO\Documents\Documentos Christian\Archivos Estudio\Sena\PROYECTO FORMATIVO\BackEnd\Conexion-EcoRisaralda\vendor\laravel\framework\src\Illuminate\Routing\Router.php(821): Illuminate\Pipeline\Pipeline-&gt;then(Object(Closure))
#36 C:\Users\USUARIO\Documents\Documentos Christian\Archivos Estudio\Sena\PROYECTO FORMATIVO\BackEnd\Conexion-EcoRisaralda\vendor\laravel\framework\src\Illuminate\Routing\Router.php(800): Illuminate\Routing\Router-&gt;runRouteWithinStack(Object(Illuminate\Routing\Route), Object(Illuminate\Http\Request))
#37 C:\Users\USUARIO\Documents\Documentos Christian\Archivos Estudio\Sena\PROYECTO FORMATIVO\BackEnd\Conexion-EcoRisaralda\vendor\laravel\framework\src\Illuminate\Routing\Router.php(764): Illuminate\Routing\Router-&gt;runRoute(Object(Illuminate\Http\Request), Object(Illuminate\Routing\Route))
#38 C:\Users\USUARIO\Documents\Documentos Christian\Archivos Estudio\Sena\PROYECTO FORMATIVO\BackEnd\Conexion-EcoRisaralda\vendor\laravel\framework\src\Illuminate\Routing\Router.php(753): Illuminate\Routing\Router-&gt;dispatchToRoute(Object(Illuminate\Http\Request))
#39 C:\Users\USUARIO\Documents\Documentos Christian\Archivos Estudio\Sena\PROYECTO FORMATIVO\BackEnd\Conexion-EcoRisaralda\vendor\laravel\framework\src\Illuminate\Foundation\Http\Kernel.php(200): Illuminate\Routing\Router-&gt;dispatch(Object(Illuminate\Http\Request))
#40 C:\Users\USUARIO\Documents\Documentos Christian\Archivos Estudio\Sena\PROYECTO FORMATIVO\BackEnd\Conexion-EcoRisaralda\vendor\laravel\framework\src\Illuminate\Pipeline\Pipeline.php(180): Illuminate\Foundation\Http\Kernel-&gt;Illuminate\Foundation\Http\{closure}(Object(Illuminate\Http\Request))
#41 C:\Users\USUARIO\Documents\Documentos Christian\Archivos Estudio\Sena\PROYECTO FORMATIVO\BackEnd\Conexion-EcoRisaralda\vendor\laravel\framework\src\Illuminate\Foundation\Http\Middleware\TransformsRequest.php(21): Illuminate\Pipeline\Pipeline-&gt;Illuminate\Pipeline\{closure}(Object(Illuminate\Http\Request))
#42 C:\Users\USUARIO\Documents\Documentos Christian\Archivos Estudio\Sena\PROYECTO FORMATIVO\BackEnd\Conexion-EcoRisaralda\vendor\laravel\framework\src\Illuminate\Foundation\Http\Middleware\ConvertEmptyStringsToNull.php(31): Illuminate\Foundation\Http\Middleware\TransformsRequest-&gt;handle(Object(Illuminate\Http\Request), Object(Closure))
#43 C:\Users\USUARIO\Documents\Documentos Christian\Archivos Estudio\Sena\PROYECTO FORMATIVO\BackEnd\Conexion-EcoRisaralda\vendor\laravel\framework\src\Illuminate\Pipeline\Pipeline.php(219): Illuminate\Foundation\Http\Middleware\ConvertEmptyStringsToNull-&gt;handle(Object(Illuminate\Http\Request), Object(Closure))
#44 C:\Users\USUARIO\Documents\Documentos Christian\Archivos Estudio\Sena\PROYECTO FORMATIVO\BackEnd\Conexion-EcoRisaralda\vendor\laravel\framework\src\Illuminate\Foundation\Http\Middleware\TransformsRequest.php(21): Illuminate\Pipeline\Pipeline-&gt;Illuminate\Pipeline\{closure}(Object(Illuminate\Http\Request))
#45 C:\Users\USUARIO\Documents\Documentos Christian\Archivos Estudio\Sena\PROYECTO FORMATIVO\BackEnd\Conexion-EcoRisaralda\vendor\laravel\framework\src\Illuminate\Foundation\Http\Middleware\TrimStrings.php(51): Illuminate\Foundation\Http\Middleware\TransformsRequest-&gt;handle(Object(Illuminate\Http\Request), Object(Closure))
#46 C:\Users\USUARIO\Documents\Documentos Christian\Archivos Estudio\Sena\PROYECTO FORMATIVO\BackEnd\Conexion-EcoRisaralda\vendor\laravel\framework\src\Illuminate\Pipeline\Pipeline.php(219): Illuminate\Foundation\Http\Middleware\TrimStrings-&gt;handle(Object(Illuminate\Http\Request), Object(Closure))
#47 C:\Users\USUARIO\Documents\Documentos Christian\Archivos Estudio\Sena\PROYECTO FORMATIVO\BackEnd\Conexion-EcoRisaralda\vendor\laravel\framework\src\Illuminate\Http\Middleware\ValidatePostSize.php(27): Illuminate\Pipeline\Pipeline-&gt;Illuminate\Pipeline\{closure}(Object(Illuminate\Http\Request))
#48 C:\Users\USUARIO\Documents\Documentos Christian\Archivos Estudio\Sena\PROYECTO FORMATIVO\BackEnd\Conexion-EcoRisaralda\vendor\laravel\framework\src\Illuminate\Pipeline\Pipeline.php(219): Illuminate\Http\Middleware\ValidatePostSize-&gt;handle(Object(Illuminate\Http\Request), Object(Closure))
#49 C:\Users\USUARIO\Documents\Documentos Christian\Archivos Estudio\Sena\PROYECTO FORMATIVO\BackEnd\Conexion-EcoRisaralda\vendor\laravel\framework\src\Illuminate\Foundation\Http\Middleware\PreventRequestsDuringMaintenance.php(109): Illuminate\Pipeline\Pipeline-&gt;Illuminate\Pipeline\{closure}(Object(Illuminate\Http\Request))
#50 C:\Users\USUARIO\Documents\Documentos Christian\Archivos Estudio\Sena\PROYECTO FORMATIVO\BackEnd\Conexion-EcoRisaralda\vendor\laravel\framework\src\Illuminate\Pipeline\Pipeline.php(219): Illuminate\Foundation\Http\Middleware\PreventRequestsDuringMaintenance-&gt;handle(Object(Illuminate\Http\Request), Object(Closure))
#51 C:\Users\USUARIO\Documents\Documentos Christian\Archivos Estudio\Sena\PROYECTO FORMATIVO\BackEnd\Conexion-EcoRisaralda\vendor\laravel\framework\src\Illuminate\Http\Middleware\HandleCors.php(74): Illuminate\Pipeline\Pipeline-&gt;Illuminate\Pipeline\{closure}(Object(Illuminate\Http\Request))
#52 C:\Users\USUARIO\Documents\Documentos Christian\Archivos Estudio\Sena\PROYECTO FORMATIVO\BackEnd\Conexion-EcoRisaralda\vendor\laravel\framework\src\Illuminate\Pipeline\Pipeline.php(219): Illuminate\Http\Middleware\HandleCors-&gt;handle(Object(Illuminate\Http\Request), Object(Closure))
#53 C:\Users\USUARIO\Documents\Documentos Christian\Archivos Estudio\Sena\PROYECTO FORMATIVO\BackEnd\Conexion-EcoRisaralda\vendor\laravel\framework\src\Illuminate\Http\Middleware\TrustProxies.php(58): Illuminate\Pipeline\Pipeline-&gt;Illuminate\Pipeline\{closure}(Object(Illuminate\Http\Request))
#54 C:\Users\USUARIO\Documents\Documentos Christian\Archivos Estudio\Sena\PROYECTO FORMATIVO\BackEnd\Conexion-EcoRisaralda\vendor\laravel\framework\src\Illuminate\Pipeline\Pipeline.php(219): Illuminate\Http\Middleware\TrustProxies-&gt;handle(Object(Illuminate\Http\Request), Object(Closure))
#55 C:\Users\USUARIO\Documents\Documentos Christian\Archivos Estudio\Sena\PROYECTO FORMATIVO\BackEnd\Conexion-EcoRisaralda\vendor\laravel\framework\src\Illuminate\Foundation\Http\Middleware\InvokeDeferredCallbacks.php(22): Illuminate\Pipeline\Pipeline-&gt;Illuminate\Pipeline\{closure}(Object(Illuminate\Http\Request))
#56 C:\Users\USUARIO\Documents\Documentos Christian\Archivos Estudio\Sena\PROYECTO FORMATIVO\BackEnd\Conexion-EcoRisaralda\vendor\laravel\framework\src\Illuminate\Pipeline\Pipeline.php(219): Illuminate\Foundation\Http\Middleware\InvokeDeferredCallbacks-&gt;handle(Object(Illuminate\Http\Request), Object(Closure))
#57 C:\Users\USUARIO\Documents\Documentos Christian\Archivos Estudio\Sena\PROYECTO FORMATIVO\BackEnd\Conexion-EcoRisaralda\vendor\laravel\framework\src\Illuminate\Http\Middleware\ValidatePathEncoding.php(26): Illuminate\Pipeline\Pipeline-&gt;Illuminate\Pipeline\{closure}(Object(Illuminate\Http\Request))
#58 C:\Users\USUARIO\Documents\Documentos Christian\Archivos Estudio\Sena\PROYECTO FORMATIVO\BackEnd\Conexion-EcoRisaralda\vendor\laravel\framework\src\Illuminate\Pipeline\Pipeline.php(219): Illuminate\Http\Middleware\ValidatePathEncoding-&gt;handle(Object(Illuminate\Http\Request), Object(Closure))
#59 C:\Users\USUARIO\Documents\Documentos Christian\Archivos Estudio\Sena\PROYECTO FORMATIVO\BackEnd\Conexion-EcoRisaralda\vendor\laravel\framework\src\Illuminate\Pipeline\Pipeline.php(137): Illuminate\Pipeline\Pipeline-&gt;Illuminate\Pipeline\{closure}(Object(Illuminate\Http\Request))
#60 C:\Users\USUARIO\Documents\Documentos Christian\Archivos Estudio\Sena\PROYECTO FORMATIVO\BackEnd\Conexion-EcoRisaralda\vendor\laravel\framework\src\Illuminate\Foundation\Http\Kernel.php(175): Illuminate\Pipeline\Pipeline-&gt;then(Object(Closure))
#61 C:\Users\USUARIO\Documents\Documentos Christian\Archivos Estudio\Sena\PROYECTO FORMATIVO\BackEnd\Conexion-EcoRisaralda\vendor\laravel\framework\src\Illuminate\Foundation\Http\Kernel.php(144): Illuminate\Foundation\Http\Kernel-&gt;sendRequestThroughRouter(Object(Illuminate\Http\Request))
#62 C:\Users\USUARIO\Documents\Documentos Christian\Archivos Estudio\Sena\PROYECTO FORMATIVO\BackEnd\Conexion-EcoRisaralda\vendor\laravel\framework\src\Illuminate\Foundation\Testing\Concerns\MakesHttpRequests.php(607): Illuminate\Foundation\Http\Kernel-&gt;handle(Object(Illuminate\Http\Request))
#63 C:\Users\USUARIO\Documents\Documentos Christian\Archivos Estudio\Sena\PROYECTO FORMATIVO\BackEnd\Conexion-EcoRisaralda\vendor\laravel\framework\src\Illuminate\Foundation\Testing\Concerns\MakesHttpRequests.php(573): Illuminate\Foundation\Testing\TestCase-&gt;call('POST', '/api/register', Array, Array, Array, Array, '{"name":"Maria"...')
#64 C:\Users\USUARIO\Documents\Documentos Christian\Archivos Estudio\Sena\PROYECTO FORMATIVO\BackEnd\Conexion-EcoRisaralda\vendor\laravel\framework\src\Illuminate\Foundation\Testing\Concerns\MakesHttpRequests.php(411): Illuminate\Foundation\Testing\TestCase-&gt;json('POST', '/api/register', Array, Array, 0)
#65 C:\Users\USUARIO\Documents\Documentos Christian\Archivos Estudio\Sena\PROYECTO FORMATIVO\BackEnd\Conexion-EcoRisaralda\tests\Feature\Auth\RegistrationTest.php(38): Illuminate\Foundation\Testing\TestCase-&gt;postJson('/api/register', Array)
#66 C:\Users\USUARIO\Documents\Documentos Christian\Archivos Estudio\Sena\PROYECTO FORMATIVO\BackEnd\Conexion-EcoRisaralda\vendor\phpunit\phpunit\src\Framework\TestCase.php(1667): Tests\Feature\Auth\RegistrationTest-&gt;test_operator_can_register_via_api()
#67 C:\Users\USUARIO\Documents\Documentos Christian\Archivos Estudio\Sena\PROYECTO FORMATIVO\BackEnd\Conexion-EcoRisaralda\vendor\phpunit\phpunit\src\Framework\TestCase.php(519): PHPUnit\Framework\TestCase-&gt;runTest()
#68 C:\Users\USUARIO\Documents\Documentos Christian\Archivos Estudio\Sena\PROYECTO FORMATIVO\BackEnd\Conexion-EcoRisaralda\vendor\phpunit\phpunit\src\Framework\TestRunner\TestRunner.php(87): PHPUnit\Framework\TestCase-&gt;runBare()
#69 C:\Users\USUARIO\Documents\Documentos Christian\Archivos Estudio\Sena\PROYECTO FORMATIVO\BackEnd\Conexion-EcoRisaralda\vendor\phpunit\phpunit\src\Framework\TestCase.php(365): PHPUnit\Framework\TestRunner-&gt;run(Object(Tests\Feature\Auth\RegistrationTest))
#70 C:\Users\USUARIO\Documents\Documentos Christian\Archivos Estudio\Sena\PROYECTO FORMATIVO\BackEnd\Conexion-EcoRisaralda\vendor\phpunit\phpunit\src\Framework\TestSuite.php(369): PHPUnit\Framework\TestCase-&gt;run()
#71 C:\Users\USUARIO\Documents\Documentos Christian\Archivos Estudio\Sena\PROYECTO FORMATIVO\BackEnd\Conexion-EcoRisaralda\vendor\phpunit\phpunit\src\Framework\TestSuite.php(369): PHPUnit\Framework\TestSuite-&gt;run()
#72 C:\Users\USUARIO\Documents\Documentos Christian\Archivos Estudio\Sena\PROYECTO FORMATIVO\BackEnd\Conexion-EcoRisaralda\vendor\phpunit\phpunit\src\Framework\TestSuite.php(369): PHPUnit\Framework\TestSuite-&gt;run()
#73 C:\Users\USUARIO\Documents\Documentos Christian\Archivos Estudio\Sena\PROYECTO FORMATIVO\BackEnd\Conexion-EcoRisaralda\vendor\phpunit\phpunit\src\TextUI\TestRunner.php(64): PHPUnit\Framework\TestSuite-&gt;run()
#74 C:\Users\USUARIO\Documents\Documentos Christian\Archivos Estudio\Sena\PROYECTO FORMATIVO\BackEnd\Conexion-EcoRisaralda\vendor\phpunit\phpunit\src\TextUI\Application.php(211): PHPUnit\TextUI\TestRunner-&gt;run(Object(PHPUnit\TextUI\Configuration\Configuration), Object(PHPUnit\Runner\ResultCache\DefaultResultCache), Object(PHPUnit\Framework\TestSuite))
#75 C:\Users\USUARIO\Documents\Documentos Christian\Archivos Estudio\Sena\PROYECTO FORMATIVO\BackEnd\Conexion-EcoRisaralda\vendor\phpunit\phpunit\phpunit(104): PHPUnit\TextUI\Application-&gt;run(Array)
#76 {main}

----------------------------------------------------------------------------------

SQLSTATE[23000]: Integrity constraint violation: 19 NOT NULL constraint failed: users.country_id (Connection: sqlite, Database: :memory:, SQL: insert into "users" ("name", "last_name", "email", "password", "role", "country_id", "date_of_birth", "updated_at", "created_at") values (Maria, Gomez, maria@example.com, $2y$04$zqwaqb12b3vJpFnzMQapEuJMokGa69drhD9RQNDi8Kdd9ai5/g8h2, operator, ?, ?, 2026-03-25 04:21:36, 2026-03-25 04:21:36))
&#13;
C:\Users\USUARIO\Documents\Documentos Christian\Archivos Estudio\Sena\PROYECTO FORMATIVO\BackEnd\Conexion-EcoRisaralda\vendor\laravel\framework\src\Illuminate\Testing\TestResponseAssert.php:45
C:\Users\USUARIO\Documents\Documentos Christian\Archivos Estudio\Sena\PROYECTO FORMATIVO\BackEnd\Conexion-EcoRisaralda\vendor\laravel\framework\src\Illuminate\Testing\TestResponse.php:174
C:\Users\USUARIO\Documents\Documentos Christian\Archivos Estudio\Sena\PROYECTO FORMATIVO\BackEnd\Conexion-EcoRisaralda\tests\Feature\Auth\RegistrationTest.php:49</failure>
        </testcase>
        <testcase name="test_registration_fails_with_duplicate_email" file="C:\Users\USUARIO\Documents\Documentos Christian\Archivos Estudio\Sena\PROYECTO FORMATIVO\BackEnd\Conexion-EcoRisaralda\tests\Feature\Auth\RegistrationTest.php" line="57" class="Tests\Feature\Auth\RegistrationTest" classname="Tests.Feature.Auth.RegistrationTest" assertions="3" time="0.070045"/>
        <testcase name="test_registration_fails_with_weak_password" file="C:\Users\USUARIO\Documents\Documentos Christian\Archivos Estudio\Sena\PROYECTO FORMATIVO\BackEnd\Conexion-EcoRisaralda\tests\Feature\Auth\RegistrationTest.php" line="73" class="Tests\Feature\Auth\RegistrationTest" classname="Tests.Feature.Auth.RegistrationTest" assertions="3" time="0.064782"/>
        <testcase name="test_registration_requires_last_name" file="C:\Users\USUARIO\Documents\Documentos Christian\Archivos Estudio\Sena\PROYECTO FORMATIVO\BackEnd\Conexion-EcoRisaralda\tests\Feature\Auth\RegistrationTest.php" line="87" class="Tests\Feature\Auth\RegistrationTest" classname="Tests.Feature.Auth.RegistrationTest" assertions="3" time="0.073173"/>
      </testsuite>
      <testsuite name="Tests\Feature\EventsApiTest" file="C:\Users\USUARIO\Documents\Documentos Christian\Archivos Estudio\Sena\PROYECTO FORMATIVO\BackEnd\Conexion-EcoRisaralda\tests\Feature\EventsApiTest.php" tests="7" assertions="10" errors="0" failures="1" skipped="0" time="0.497011">
        <testcase name="test_can_list_upcoming_events" file="C:\Users\USUARIO\Documents\Documentos Christian\Archivos Estudio\Sena\PROYECTO FORMATIVO\BackEnd\Conexion-EcoRisaralda\tests\Feature\EventsApiTest.php" line="21" class="Tests\Feature\EventsApiTest" classname="Tests.Feature.EventsApiTest" assertions="2" time="0.078186"/>
        <testcase name="test_can_get_next_event" file="C:\Users\USUARIO\Documents\Documentos Christian\Archivos Estudio\Sena\PROYECTO FORMATIVO\BackEnd\Conexion-EcoRisaralda\tests\Feature\EventsApiTest.php" line="33" class="Tests\Feature\EventsApiTest" classname="Tests.Feature.EventsApiTest" assertions="2" time="0.075235"/>
        <testcase name="test_can_get_event_by_id" file="C:\Users\USUARIO\Documents\Documentos Christian\Archivos Estudio\Sena\PROYECTO FORMATIVO\BackEnd\Conexion-EcoRisaralda\tests\Feature\EventsApiTest.php" line="46" class="Tests\Feature\EventsApiTest" classname="Tests.Feature.EventsApiTest" assertions="1" time="0.078364"/>
        <testcase name="test_returns_404_for_nonexistent_event" file="C:\Users\USUARIO\Documents\Documentos Christian\Archivos Estudio\Sena\PROYECTO FORMATIVO\BackEnd\Conexion-EcoRisaralda\tests\Feature\EventsApiTest.php" line="58" class="Tests\Feature\EventsApiTest" classname="Tests.Feature.EventsApiTest" assertions="1" time="0.061704"/>
        <testcase name="test_operator_can_create_event" file="C:\Users\USUARIO\Documents\Documentos Christian\Archivos Estudio\Sena\PROYECTO FORMATIVO\BackEnd\Conexion-EcoRisaralda\tests\Feature\EventsApiTest.php" line="67" class="Tests\Feature\EventsApiTest" classname="Tests.Feature.EventsApiTest" assertions="1" time="0.069013">
          <failure type="PHPUnit\Framework\ExpectationFailedException">Tests\Feature\EventsApiTest::test_operator_can_create_event&#13;
Expected response status code [201] but received 422.
Failed asserting that 422 is identical to 201.&#13;
&#13;
The following errors occurred during the last request:

{
    "message": "El campo image es obligatorio.",
    "errors": {
        "image": [
            "El campo image es obligatorio."
        ]
    }
}
&#13;
C:\Users\USUARIO\Documents\Documentos Christian\Archivos Estudio\Sena\PROYECTO FORMATIVO\BackEnd\Conexion-EcoRisaralda\vendor\laravel\framework\src\Illuminate\Testing\TestResponseAssert.php:45
C:\Users\USUARIO\Documents\Documentos Christian\Archivos Estudio\Sena\PROYECTO FORMATIVO\BackEnd\Conexion-EcoRisaralda\vendor\laravel\framework\src\Illuminate\Testing\TestResponse.php:174
C:\Users\USUARIO\Documents\Documentos Christian\Archivos Estudio\Sena\PROYECTO FORMATIVO\BackEnd\Conexion-EcoRisaralda\tests\Feature\EventsApiTest.php:78</failure>
        </testcase>
        <testcase name="test_regular_user_cannot_create_event" file="C:\Users\USUARIO\Documents\Documentos Christian\Archivos Estudio\Sena\PROYECTO FORMATIVO\BackEnd\Conexion-EcoRisaralda\tests\Feature\EventsApiTest.php" line="81" class="Tests\Feature\EventsApiTest" classname="Tests.Feature.EventsApiTest" assertions="1" time="0.067438"/>
        <testcase name="test_operator_can_delete_own_event" file="C:\Users\USUARIO\Documents\Documentos Christian\Archivos Estudio\Sena\PROYECTO FORMATIVO\BackEnd\Conexion-EcoRisaralda\tests\Feature\EventsApiTest.php" line="96" class="Tests\Feature\EventsApiTest" classname="Tests.Feature.EventsApiTest" assertions="2" time="0.067071"/>
      </testsuite>
      <testsuite name="Tests\Feature\ExampleTest" file="C:\Users\USUARIO\Documents\Documentos Christian\Archivos Estudio\Sena\PROYECTO FORMATIVO\BackEnd\Conexion-EcoRisaralda\tests\Feature\ExampleTest.php" tests="1" assertions="1" errors="0" failures="0" skipped="0" time="0.057612">
        <testcase name="test_the_api_returns_a_successful_response" file="C:\Users\USUARIO\Documents\Documentos Christian\Archivos Estudio\Sena\PROYECTO FORMATIVO\BackEnd\Conexion-EcoRisaralda\tests\Feature\ExampleTest.php" line="15" class="Tests\Feature\ExampleTest" classname="Tests.Feature.ExampleTest" assertions="1" time="0.057612"/>
      </testsuite>
      <testsuite name="Tests\Feature\FavoritesApiTest" file="C:\Users\USUARIO\Documents\Documentos Christian\Archivos Estudio\Sena\PROYECTO FORMATIVO\BackEnd\Conexion-EcoRisaralda\tests\Feature\FavoritesApiTest.php" tests="4" assertions="6" errors="0" failures="0" skipped="0" time="0.485700">
        <testcase name="test_user_can_list_favorites" file="C:\Users\USUARIO\Documents\Documentos Christian\Archivos Estudio\Sena\PROYECTO FORMATIVO\BackEnd\Conexion-EcoRisaralda\tests\Feature\FavoritesApiTest.php" line="20" class="Tests\Feature\FavoritesApiTest" classname="Tests.Feature.FavoritesApiTest" assertions="1" time="0.070524"/>
        <testcase name="test_user_can_add_to_favorites" file="C:\Users\USUARIO\Documents\Documentos Christian\Archivos Estudio\Sena\PROYECTO FORMATIVO\BackEnd\Conexion-EcoRisaralda\tests\Feature\FavoritesApiTest.php" line="29" class="Tests\Feature\FavoritesApiTest" classname="Tests.Feature.FavoritesApiTest" assertions="2" time="0.068463"/>
        <testcase name="test_user_can_remove_from_favorites" file="C:\Users\USUARIO\Documents\Documentos Christian\Archivos Estudio\Sena\PROYECTO FORMATIVO\BackEnd\Conexion-EcoRisaralda\tests\Feature\FavoritesApiTest.php" line="41" class="Tests\Feature\FavoritesApiTest" classname="Tests.Feature.FavoritesApiTest" assertions="2" time="0.173638"/>
        <testcase name="test_unauthenticated_user_cannot_manage_favorites" file="C:\Users\USUARIO\Documents\Documentos Christian\Archivos Estudio\Sena\PROYECTO FORMATIVO\BackEnd\Conexion-EcoRisaralda\tests\Feature\FavoritesApiTest.php" line="56" class="Tests\Feature\FavoritesApiTest" classname="Tests.Feature.FavoritesApiTest" assertions="1" time="0.173075"/>
      </testsuite>
      <testsuite name="Tests\Feature\HealthTest" file="C:\Users\USUARIO\Documents\Documentos Christian\Archivos Estudio\Sena\PROYECTO FORMATIVO\BackEnd\Conexion-EcoRisaralda\tests\Feature\HealthTest.php" tests="1" assertions="2" errors="0" failures="0" skipped="0" time="0.078464">
        <testcase name="test_health_endpoint_returns_ok" file="C:\Users\USUARIO\Documents\Documentos Christian\Archivos Estudio\Sena\PROYECTO FORMATIVO\BackEnd\Conexion-EcoRisaralda\tests\Feature\HealthTest.php" line="9" class="Tests\Feature\HealthTest" classname="Tests.Feature.HealthTest" assertions="2" time="0.078464"/>
      </testsuite>
      <testsuite name="Tests\Feature\HistoryApiTest" file="C:\Users\USUARIO\Documents\Documentos Christian\Archivos Estudio\Sena\PROYECTO FORMATIVO\BackEnd\Conexion-EcoRisaralda\tests\Feature\HistoryApiTest.php" tests="4" assertions="6" errors="0" failures="0" skipped="0" time="0.384416">
        <testcase name="test_user_can_register_place_visit" file="C:\Users\USUARIO\Documents\Documentos Christian\Archivos Estudio\Sena\PROYECTO FORMATIVO\BackEnd\Conexion-EcoRisaralda\tests\Feature\HistoryApiTest.php" line="21" class="Tests\Feature\HistoryApiTest" classname="Tests.Feature.HistoryApiTest" assertions="3" time="0.097877"/>
        <testcase name="test_user_can_get_history" file="C:\Users\USUARIO\Documents\Documentos Christian\Archivos Estudio\Sena\PROYECTO FORMATIVO\BackEnd\Conexion-EcoRisaralda\tests\Feature\HistoryApiTest.php" line="38" class="Tests\Feature\HistoryApiTest" classname="Tests.Feature.HistoryApiTest" assertions="1" time="0.122679"/>
        <testcase name="test_user_can_get_their_reviews" file="C:\Users\USUARIO\Documents\Documentos Christian\Archivos Estudio\Sena\PROYECTO FORMATIVO\BackEnd\Conexion-EcoRisaralda\tests\Feature\HistoryApiTest.php" line="58" class="Tests\Feature\HistoryApiTest" classname="Tests.Feature.HistoryApiTest" assertions="1" time="0.097953"/>
        <testcase name="test_unauthenticated_user_cannot_access_history" file="C:\Users\USUARIO\Documents\Documentos Christian\Archivos Estudio\Sena\PROYECTO FORMATIVO\BackEnd\Conexion-EcoRisaralda\tests\Feature\HistoryApiTest.php" line="67" class="Tests\Feature\HistoryApiTest" classname="Tests.Feature.HistoryApiTest" assertions="1" time="0.065907"/>
      </testsuite>
      <testsuite name="Tests\Feature\NotificationsApiTest" file="C:\Users\USUARIO\Documents\Documentos Christian\Archivos Estudio\Sena\PROYECTO FORMATIVO\BackEnd\Conexion-EcoRisaralda\tests\Feature\NotificationsApiTest.php" tests="5" assertions="5" errors="0" failures="4" skipped="0" time="0.339441">
        <testcase name="test_user_can_list_notifications" file="C:\Users\USUARIO\Documents\Documentos Christian\Archivos Estudio\Sena\PROYECTO FORMATIVO\BackEnd\Conexion-EcoRisaralda\tests\Feature\NotificationsApiTest.php" line="20" class="Tests\Feature\NotificationsApiTest" classname="Tests.Feature.NotificationsApiTest" assertions="1" time="0.082067">
          <failure type="PHPUnit\Framework\ExpectationFailedException">Tests\Feature\NotificationsApiTest::test_user_can_list_notifications&#13;
Expected response status code [200] but received 401.
Failed asserting that 401 is identical to 200.
&#13;
C:\Users\USUARIO\Documents\Documentos Christian\Archivos Estudio\Sena\PROYECTO FORMATIVO\BackEnd\Conexion-EcoRisaralda\vendor\laravel\framework\src\Illuminate\Testing\TestResponseAssert.php:45
C:\Users\USUARIO\Documents\Documentos Christian\Archivos Estudio\Sena\PROYECTO FORMATIVO\BackEnd\Conexion-EcoRisaralda\vendor\laravel\framework\src\Illuminate\Testing\TestResponse.php:174
C:\Users\USUARIO\Documents\Documentos Christian\Archivos Estudio\Sena\PROYECTO FORMATIVO\BackEnd\Conexion-EcoRisaralda\tests\Feature\NotificationsApiTest.php:32</failure>
        </testcase>
        <testcase name="test_user_can_mark_notification_as_read" file="C:\Users\USUARIO\Documents\Documentos Christian\Archivos Estudio\Sena\PROYECTO FORMATIVO\BackEnd\Conexion-EcoRisaralda\tests\Feature\NotificationsApiTest.php" line="35" class="Tests\Feature\NotificationsApiTest" classname="Tests.Feature.NotificationsApiTest" assertions="1" time="0.063620">
          <failure type="PHPUnit\Framework\ExpectationFailedException">Tests\Feature\NotificationsApiTest::test_user_can_mark_notification_as_read&#13;
Expected response status code [200] but received 401.
Failed asserting that 401 is identical to 200.
&#13;
C:\Users\USUARIO\Documents\Documentos Christian\Archivos Estudio\Sena\PROYECTO FORMATIVO\BackEnd\Conexion-EcoRisaralda\vendor\laravel\framework\src\Illuminate\Testing\TestResponseAssert.php:45
C:\Users\USUARIO\Documents\Documentos Christian\Archivos Estudio\Sena\PROYECTO FORMATIVO\BackEnd\Conexion-EcoRisaralda\vendor\laravel\framework\src\Illuminate\Testing\TestResponse.php:174
C:\Users\USUARIO\Documents\Documentos Christian\Archivos Estudio\Sena\PROYECTO FORMATIVO\BackEnd\Conexion-EcoRisaralda\tests\Feature\NotificationsApiTest.php:51</failure>
        </testcase>
        <testcase name="test_user_can_archive_notification" file="C:\Users\USUARIO\Documents\Documentos Christian\Archivos Estudio\Sena\PROYECTO FORMATIVO\BackEnd\Conexion-EcoRisaralda\tests\Feature\NotificationsApiTest.php" line="55" class="Tests\Feature\NotificationsApiTest" classname="Tests.Feature.NotificationsApiTest" assertions="1" time="0.064119">
          <failure type="PHPUnit\Framework\ExpectationFailedException">Tests\Feature\NotificationsApiTest::test_user_can_archive_notification&#13;
Expected response status code [200] but received 401.
Failed asserting that 401 is identical to 200.
&#13;
C:\Users\USUARIO\Documents\Documentos Christian\Archivos Estudio\Sena\PROYECTO FORMATIVO\BackEnd\Conexion-EcoRisaralda\vendor\laravel\framework\src\Illuminate\Testing\TestResponseAssert.php:45
C:\Users\USUARIO\Documents\Documentos Christian\Archivos Estudio\Sena\PROYECTO FORMATIVO\BackEnd\Conexion-EcoRisaralda\vendor\laravel\framework\src\Illuminate\Testing\TestResponse.php:174
C:\Users\USUARIO\Documents\Documentos Christian\Archivos Estudio\Sena\PROYECTO FORMATIVO\BackEnd\Conexion-EcoRisaralda\tests\Feature\NotificationsApiTest.php:71</failure>
        </testcase>
        <testcase name="test_user_can_archive_all_notifications" file="C:\Users\USUARIO\Documents\Documentos Christian\Archivos Estudio\Sena\PROYECTO FORMATIVO\BackEnd\Conexion-EcoRisaralda\tests\Feature\NotificationsApiTest.php" line="75" class="Tests\Feature\NotificationsApiTest" classname="Tests.Feature.NotificationsApiTest" assertions="1" time="0.070535">
          <failure type="PHPUnit\Framework\ExpectationFailedException">Tests\Feature\NotificationsApiTest::test_user_can_archive_all_notifications&#13;
Expected response status code [200] but received 401.
Failed asserting that 401 is identical to 200.
&#13;
C:\Users\USUARIO\Documents\Documentos Christian\Archivos Estudio\Sena\PROYECTO FORMATIVO\BackEnd\Conexion-EcoRisaralda\vendor\laravel\framework\src\Illuminate\Testing\TestResponseAssert.php:45
C:\Users\USUARIO\Documents\Documentos Christian\Archivos Estudio\Sena\PROYECTO FORMATIVO\BackEnd\Conexion-EcoRisaralda\vendor\laravel\framework\src\Illuminate\Testing\TestResponse.php:174
C:\Users\USUARIO\Documents\Documentos Christian\Archivos Estudio\Sena\PROYECTO FORMATIVO\BackEnd\Conexion-EcoRisaralda\tests\Feature\NotificationsApiTest.php:93</failure>
        </testcase>
        <testcase name="test_unauthenticated_user_cannot_access_notifications" file="C:\Users\USUARIO\Documents\Documentos Christian\Archivos Estudio\Sena\PROYECTO FORMATIVO\BackEnd\Conexion-EcoRisaralda\tests\Feature\NotificationsApiTest.php" line="97" class="Tests\Feature\NotificationsApiTest" classname="Tests.Feature.NotificationsApiTest" assertions="1" time="0.059099"/>
      </testsuite>
      <testsuite name="Tests\Feature\PlacesApiTest" file="C:\Users\USUARIO\Documents\Documentos Christian\Archivos Estudio\Sena\PROYECTO FORMATIVO\BackEnd\Conexion-EcoRisaralda\tests\Feature\PlacesApiTest.php" tests="6" assertions="6" errors="0" failures="0" skipped="0" time="0.504763">
        <testcase name="test_can_list_places" file="C:\Users\USUARIO\Documents\Documentos Christian\Archivos Estudio\Sena\PROYECTO FORMATIVO\BackEnd\Conexion-EcoRisaralda\tests\Feature\PlacesApiTest.php" line="20" class="Tests\Feature\PlacesApiTest" classname="Tests.Feature.PlacesApiTest" assertions="1" time="0.100223"/>
        <testcase name="test_can_get_single_place" file="C:\Users\USUARIO\Documents\Documentos Christian\Archivos Estudio\Sena\PROYECTO FORMATIVO\BackEnd\Conexion-EcoRisaralda\tests\Feature\PlacesApiTest.php" line="30" class="Tests\Feature\PlacesApiTest" classname="Tests.Feature.PlacesApiTest" assertions="1" time="0.096408"/>
        <testcase name="test_returns_404_for_nonexistent_place" file="C:\Users\USUARIO\Documents\Documentos Christian\Archivos Estudio\Sena\PROYECTO FORMATIVO\BackEnd\Conexion-EcoRisaralda\tests\Feature\PlacesApiTest.php" line="40" class="Tests\Feature\PlacesApiTest" classname="Tests.Feature.PlacesApiTest" assertions="1" time="0.057617"/>
        <testcase name="test_operator_can_get_their_places" file="C:\Users\USUARIO\Documents\Documentos Christian\Archivos Estudio\Sena\PROYECTO FORMATIVO\BackEnd\Conexion-EcoRisaralda\tests\Feature\PlacesApiTest.php" line="47" class="Tests\Feature\PlacesApiTest" classname="Tests.Feature.PlacesApiTest" assertions="1" time="0.082622"/>
        <testcase name="test_operator_can_delete_own_place" file="C:\Users\USUARIO\Documents\Documentos Christian\Archivos Estudio\Sena\PROYECTO FORMATIVO\BackEnd\Conexion-EcoRisaralda\tests\Feature\PlacesApiTest.php" line="57" class="Tests\Feature\PlacesApiTest" classname="Tests.Feature.PlacesApiTest" assertions="1" time="0.102056"/>
        <testcase name="test_unauthenticated_user_cannot_delete_place" file="C:\Users\USUARIO\Documents\Documentos Christian\Archivos Estudio\Sena\PROYECTO FORMATIVO\BackEnd\Conexion-EcoRisaralda\tests\Feature\PlacesApiTest.php" line="67" class="Tests\Feature\PlacesApiTest" classname="Tests.Feature.PlacesApiTest" assertions="1" time="0.065837"/>
      </testsuite>
      <testsuite name="Tests\Feature\PreferencesApiTest" file="C:\Users\USUARIO\Documents\Documentos Christian\Archivos Estudio\Sena\PROYECTO FORMATIVO\BackEnd\Conexion-EcoRisaralda\tests\Feature\PreferencesApiTest.php" tests="6" assertions="9" errors="0" failures="0" skipped="0" time="0.410449">
        <testcase name="test_can_list_preferences_without_auth" file="C:\Users\USUARIO\Documents\Documentos Christian\Archivos Estudio\Sena\PROYECTO FORMATIVO\BackEnd\Conexion-EcoRisaralda\tests\Feature\PreferencesApiTest.php" line="19" class="Tests\Feature\PreferencesApiTest" classname="Tests.Feature.PreferencesApiTest" assertions="1" time="0.073478"/>
        <testcase name="test_preferences_are_seeded_if_empty" file="C:\Users\USUARIO\Documents\Documentos Christian\Archivos Estudio\Sena\PROYECTO FORMATIVO\BackEnd\Conexion-EcoRisaralda\tests\Feature\PreferencesApiTest.php" line="26" class="Tests\Feature\PreferencesApiTest" classname="Tests.Feature.PreferencesApiTest" assertions="2" time="0.064829"/>
        <testcase name="test_user_can_get_their_preferences" file="C:\Users\USUARIO\Documents\Documentos Christian\Archivos Estudio\Sena\PROYECTO FORMATIVO\BackEnd\Conexion-EcoRisaralda\tests\Feature\PreferencesApiTest.php" line="34" class="Tests\Feature\PreferencesApiTest" classname="Tests.Feature.PreferencesApiTest" assertions="1" time="0.070385"/>
        <testcase name="test_user_can_update_preferences" file="C:\Users\USUARIO\Documents\Documentos Christian\Archivos Estudio\Sena\PROYECTO FORMATIVO\BackEnd\Conexion-EcoRisaralda\tests\Feature\PreferencesApiTest.php" line="43" class="Tests\Feature\PreferencesApiTest" classname="Tests.Feature.PreferencesApiTest" assertions="2" time="0.089775"/>
        <testcase name="test_first_time_preferences_flag" file="C:\Users\USUARIO\Documents\Documentos Christian\Archivos Estudio\Sena\PROYECTO FORMATIVO\BackEnd\Conexion-EcoRisaralda\tests\Feature\PreferencesApiTest.php" line="61" class="Tests\Feature\PreferencesApiTest" classname="Tests.Feature.PreferencesApiTest" assertions="2" time="0.060360"/>
        <testcase name="test_unauthenticated_user_cannot_update_preferences" file="C:\Users\USUARIO\Documents\Documentos Christian\Archivos Estudio\Sena\PROYECTO FORMATIVO\BackEnd\Conexion-EcoRisaralda\tests\Feature\PreferencesApiTest.php" line="71" class="Tests\Feature\PreferencesApiTest" classname="Tests.Feature.PreferencesApiTest" assertions="1" time="0.051621"/>
      </testsuite>
      <testsuite name="Tests\Feature\ReviewsApiTest" file="C:\Users\USUARIO\Documents\Documentos Christian\Archivos Estudio\Sena\PROYECTO FORMATIVO\BackEnd\Conexion-EcoRisaralda\tests\Feature\ReviewsApiTest.php" tests="9" assertions="19" errors="0" failures="0" skipped="0" time="0.671417">
        <testcase name="test_user_can_create_review" file="C:\Users\USUARIO\Documents\Documentos Christian\Archivos Estudio\Sena\PROYECTO FORMATIVO\BackEnd\Conexion-EcoRisaralda\tests\Feature\ReviewsApiTest.php" line="21" class="Tests\Feature\ReviewsApiTest" classname="Tests.Feature.ReviewsApiTest" assertions="3" time="0.093495"/>
        <testcase name="test_operator_cannot_review_own_place" file="C:\Users\USUARIO\Documents\Documentos Christian\Archivos Estudio\Sena\PROYECTO FORMATIVO\BackEnd\Conexion-EcoRisaralda\tests\Feature\ReviewsApiTest.php" line="42" class="Tests\Feature\ReviewsApiTest" classname="Tests.Feature.ReviewsApiTest" assertions="1" time="0.075989"/>
        <testcase name="test_review_requires_rating" file="C:\Users\USUARIO\Documents\Documentos Christian\Archivos Estudio\Sena\PROYECTO FORMATIVO\BackEnd\Conexion-EcoRisaralda\tests\Feature\ReviewsApiTest.php" line="55" class="Tests\Feature\ReviewsApiTest" classname="Tests.Feature.ReviewsApiTest" assertions="3" time="0.079637"/>
        <testcase name="test_review_rating_must_be_between_1_and_5" file="C:\Users\USUARIO\Documents\Documentos Christian\Archivos Estudio\Sena\PROYECTO FORMATIVO\BackEnd\Conexion-EcoRisaralda\tests\Feature\ReviewsApiTest.php" line="69" class="Tests\Feature\ReviewsApiTest" classname="Tests.Feature.ReviewsApiTest" assertions="3" time="0.072283"/>
        <testcase name="test_user_can_delete_own_review" file="C:\Users\USUARIO\Documents\Documentos Christian\Archivos Estudio\Sena\PROYECTO FORMATIVO\BackEnd\Conexion-EcoRisaralda\tests\Feature\ReviewsApiTest.php" line="83" class="Tests\Feature\ReviewsApiTest" classname="Tests.Feature.ReviewsApiTest" assertions="2" time="0.067386"/>
        <testcase name="test_user_cannot_delete_others_review" file="C:\Users\USUARIO\Documents\Documentos Christian\Archivos Estudio\Sena\PROYECTO FORMATIVO\BackEnd\Conexion-EcoRisaralda\tests\Feature\ReviewsApiTest.php" line="102" class="Tests\Feature\ReviewsApiTest" classname="Tests.Feature.ReviewsApiTest" assertions="1" time="0.070807"/>
        <testcase name="test_user_can_react_to_review" file="C:\Users\USUARIO\Documents\Documentos Christian\Archivos Estudio\Sena\PROYECTO FORMATIVO\BackEnd\Conexion-EcoRisaralda\tests\Feature\ReviewsApiTest.php" line="120" class="Tests\Feature\ReviewsApiTest" classname="Tests.Feature.ReviewsApiTest" assertions="2" time="0.080849"/>
        <testcase name="test_unauthenticated_user_cannot_create_review" file="C:\Users\USUARIO\Documents\Documentos Christian\Archivos Estudio\Sena\PROYECTO FORMATIVO\BackEnd\Conexion-EcoRisaralda\tests\Feature\ReviewsApiTest.php" line="141" class="Tests\Feature\ReviewsApiTest" classname="Tests.Feature.ReviewsApiTest" assertions="1" time="0.059190"/>
        <testcase name="test_review_rejects_profanity" file="C:\Users\USUARIO\Documents\Documentos Christian\Archivos Estudio\Sena\PROYECTO FORMATIVO\BackEnd\Conexion-EcoRisaralda\tests\Feature\ReviewsApiTest.php" line="154" class="Tests\Feature\ReviewsApiTest" classname="Tests.Feature.ReviewsApiTest" assertions="3" time="0.071782"/>
      </testsuite>
    </testsuite>
  </testsuite>
</testsuites>
